Copyright 1986-2022 Xilinx, Inc. All Rights Reserved. Copyright 2022-2024 Advanced Micro Devices, Inc. All Rights Reserved.
------------------------------------------------------------------------------------------------------------------------------------------------------------------------------------------------------------------------------------
| Tool Version : Vivado v.2024.1 (win64) Build 5076996 Wed May 22 18:37:14 MDT 2024
| Date         : Wed Jul 15 23:29:22 2026
| Host         : TS-93724 running 64-bit major release  (build 9200)
| Command      : report_timing_summary -max_paths 10 -report_unconstrained -file flash_led_top_timing_summary_routed.rpt -pb flash_led_top_timing_summary_routed.pb -rpx flash_led_top_timing_summary_routed.rpx -warn_on_violation
| Design       : flash_led_top
| Device       : 7a35ti-csg324
| Speed File   : -1L  PRODUCTION 1.23 2018-06-13
| Design State : Routed
------------------------------------------------------------------------------------------------------------------------------------------------------------------------------------------------------------------------------------

Timing Summary Report

------------------------------------------------------------------------------------------------
| Timer Settings
| --------------
------------------------------------------------------------------------------------------------

  Enable Multi Corner Analysis               :  Yes
  Enable Pessimism Removal                   :  Yes
  Pessimism Removal Resolution               :  Nearest Common Node
  Enable Input Delay Default Clock           :  No
  Enable Preset / Clear Arcs                 :  No
  Disable Flight Delays                      :  No
  Ignore I/O Paths                           :  No
  Timing Early Launch at Borrowing Latches   :  No
  Borrow Time for Max Delay Exceptions       :  Yes
  Merge Timing Exceptions                    :  Yes
  Inter-SLR Compensation                     :  Conservative

  Corner  Analyze    Analyze    
  Name    Max Paths  Min Paths  
  ------  ---------  ---------  
  Slow    Yes        Yes        
  Fast    Yes        Yes        


------------------------------------------------------------------------------------------------
| Report Methodology
| ------------------
------------------------------------------------------------------------------------------------

Rule       Severity          Description                  Violations  
---------  ----------------  ---------------------------  ----------  
TIMING-17  Critical Warning  Non-clocked sequential cell  34          

Note: This report is based on the most recent report_methodology run and may not be up-to-date. Run report_methodology on the current design for the latest report.



check_timing report

Table of Contents
-----------------
1. checking no_clock (34)
2. checking constant_clock (0)
3. checking pulse_width_clock (0)
4. checking unconstrained_internal_endpoints (65)
5. checking no_input_delay (1)
6. checking no_output_delay (8)
7. checking multiple_clock (0)
8. checking generated_clocks (0)
9. checking loops (0)
10. checking partial_input_delay (0)
11. checking partial_output_delay (0)
12. checking latch_loops (0)

1. checking no_clock (34)
-------------------------
 There are 34 register/latch pins with no clock driven by root clock pin: clk (HIGH)


2. checking constant_clock (0)
------------------------------
 There are 0 register/latch pins with constant_clock.


3. checking pulse_width_clock (0)
---------------------------------
 There are 0 register/latch pins which need pulse_width check


4. checking unconstrained_internal_endpoints (65)
-------------------------------------------------
 There are 65 pins that are not constrained for maximum delay. (HIGH)

 There are 0 pins that are not constrained for maximum delay due to constant clock.


5. checking no_input_delay (1)
------------------------------
 There is 1 input port with no input delay specified. (HIGH)

 There are 0 input ports with no input delay but user has a false path constraint.


6. checking no_output_delay (8)
-------------------------------
 There are 8 ports with no output delay specified. (HIGH)

 There are 0 ports with no output delay but user has a false path constraint

 There are 0 ports with no output delay but with a timing clock defined on it or propagating through it


7. checking multiple_clock (0)
------------------------------
 There are 0 register/latch pins with multiple clocks.


8. checking generated_clocks (0)
--------------------------------
 There are 0 generated clocks that are not connected to a clock source.


9. checking loops (0)
---------------------
 There are 0 combinational loops in the design.


10. checking partial_input_delay (0)
------------------------------------
 There are 0 input ports with partial input delay specified.


11. checking partial_output_delay (0)
-------------------------------------
 There are 0 ports with partial output delay specified.


12. checking latch_loops (0)
----------------------------
 There are 0 combinational latch loops in the design through latch input



------------------------------------------------------------------------------------------------
| Design Timing Summary
| ---------------------
------------------------------------------------------------------------------------------------

    WNS(ns)      TNS(ns)  TNS Failing Endpoints  TNS Total Endpoints      WHS(ns)      THS(ns)  THS Failing Endpoints  THS Total Endpoints     WPWS(ns)     TPWS(ns)  TPWS Failing Endpoints  TPWS Total Endpoints  
    -------      -------  ---------------------  -------------------      -------      -------  ---------------------  -------------------     --------     --------  ----------------------  --------------------  
        inf        0.000                      0                   73          inf        0.000                      0                   73           NA           NA                      NA                    NA  


There are no user specified timing constraints.


------------------------------------------------------------------------------------------------
| Clock Summary
| -------------
------------------------------------------------------------------------------------------------


------------------------------------------------------------------------------------------------
| Intra Clock Table
| -----------------
------------------------------------------------------------------------------------------------

Clock             WNS(ns)      TNS(ns)  TNS Failing Endpoints  TNS Total Endpoints      WHS(ns)      THS(ns)  THS Failing Endpoints  THS Total Endpoints     WPWS(ns)     TPWS(ns)  TPWS Failing Endpoints  TPWS Total Endpoints  
-----             -------      -------  ---------------------  -------------------      -------      -------  ---------------------  -------------------     --------     --------  ----------------------  --------------------  


------------------------------------------------------------------------------------------------
| Inter Clock Table
| -----------------
------------------------------------------------------------------------------------------------

From Clock    To Clock          WNS(ns)      TNS(ns)  TNS Failing Endpoints  TNS Total Endpoints      WHS(ns)      THS(ns)  THS Failing Endpoints  THS Total Endpoints  
----------    --------          -------      -------  ---------------------  -------------------      -------      -------  ---------------------  -------------------  


------------------------------------------------------------------------------------------------
| Other Path Groups Table
| -----------------------
------------------------------------------------------------------------------------------------

Path Group    From Clock    To Clock          WNS(ns)      TNS(ns)  TNS Failing Endpoints  TNS Total Endpoints      WHS(ns)      THS(ns)  THS Failing Endpoints  THS Total Endpoints  
----------    ----------    --------          -------      -------  ---------------------  -------------------      -------      -------  ---------------------  -------------------  


------------------------------------------------------------------------------------------------
| User Ignored Path Table
| -----------------------
------------------------------------------------------------------------------------------------

Path Group    From Clock    To Clock    
----------    ----------    --------    


------------------------------------------------------------------------------------------------
| Unconstrained Path Table
| ------------------------
------------------------------------------------------------------------------------------------

Path Group    From Clock    To Clock    
----------    ----------    --------    
(none)                                    


------------------------------------------------------------------------------------------------
| Timing Details
| --------------
------------------------------------------------------------------------------------------------


--------------------------------------------------------------------------------------
Path Group:  (none)
From Clock:  
  To Clock:  

Max Delay            73 Endpoints
Min Delay            73 Endpoints
--------------------------------------------------------------------------------------


Max Delay Paths
--------------------------------------------------------------------------------------
Slack:                    inf
  Source:                 led_lookup_out1_1_reg[3]/C
                            (rising edge-triggered cell FDRE)
  Destination:            led[3]
                            (output port)
  Path Group:             (none)
  Path Type:              Max at Slow Process Corner
  Data Path Delay:        9.250ns  (logic 4.188ns (45.280%)  route 5.062ns (54.720%))
  Logic Levels:           2  (FDRE=1 OBUF=1)

    Location             Delay type                Incr(ns)  Path(ns)    Netlist Resource(s)
  -------------------------------------------------------------------    -------------------
    SLICE_X64Y55         FDRE                         0.000     0.000 r  led_lookup_out1_1_reg[3]/C
    SLICE_X64Y55         FDRE (Prop_fdre_C_Q)         0.478     0.478 r  led_lookup_out1_1_reg[3]/Q
                         net (fo=1, routed)           5.062     5.540    led_OBUF[3]
    T10                  OBUF (Prop_obuf_I_O)         3.710     9.250 r  led_OBUF[3]_inst/O
                         net (fo=0)                   0.000     9.250    led[3]
    T10                                                               r  led[3] (OUT)
  -------------------------------------------------------------------    -------------------

Slack:                    inf
  Source:                 led_lookup_out1_1_reg[2]/C
                            (rising edge-triggered cell FDRE)
  Destination:            led[2]
                            (output port)
  Path Group:             (none)
  Path Type:              Max at Slow Process Corner
  Data Path Delay:        9.068ns  (logic 4.064ns (44.818%)  route 5.004ns (55.182%))
  Logic Levels:           2  (FDRE=1 OBUF=1)

    Location             Delay type                Incr(ns)  Path(ns)    Netlist Resource(s)
  -------------------------------------------------------------------    -------------------
    SLICE_X64Y55         FDRE                         0.000     0.000 r  led_lookup_out1_1_reg[2]/C
    SLICE_X64Y55         FDRE (Prop_fdre_C_Q)         0.518     0.518 r  led_lookup_out1_1_reg[2]/Q
                         net (fo=1, routed)           5.004     5.522    led_OBUF[2]
    T9                   OBUF (Prop_obuf_I_O)         3.546     9.068 r  led_OBUF[2]_inst/O
                         net (fo=0)                   0.000     9.068    led[2]
    T9                                                                r  led[2] (OUT)
  -------------------------------------------------------------------    -------------------

Slack:                    inf
  Source:                 reset
                            (input port)
  Destination:            clock_divider_out1_reg[0]/CLR
  Path Group:             (none)
  Path Type:              Max at Slow Process Corner
  Data Path Delay:        7.238ns  (logic 1.467ns (20.266%)  route 5.771ns (79.734%))
  Logic Levels:           1  (IBUF=1)

    Location             Delay type                Incr(ns)  Path(ns)    Netlist Resource(s)
  -------------------------------------------------------------------    -------------------
    D9                                                0.000     0.000 f  reset (IN)
                         net (fo=0)                   0.000     0.000    reset
    D9                   IBUF (Prop_ibuf_I_O)         1.467     1.467 f  reset_IBUF_inst/O
                         net (fo=26, routed)          5.771     7.238    reset_IBUF
    SLICE_X62Y54         FDCE                                         f  clock_divider_out1_reg[0]/CLR
  -------------------------------------------------------------------    -------------------

Slack:                    inf
  Source:                 reset
                            (input port)
  Destination:            clock_divider_out1_reg[1]/CLR
  Path Group:             (none)
  Path Type:              Max at Slow Process Corner
  Data Path Delay:        7.238ns  (logic 1.467ns (20.266%)  route 5.771ns (79.734%))
  Logic Levels:           1  (IBUF=1)

    Location             Delay type                Incr(ns)  Path(ns)    Netlist Resource(s)
  -------------------------------------------------------------------    -------------------
    D9                                                0.000     0.000 f  reset (IN)
                         net (fo=0)                   0.000     0.000    reset
    D9                   IBUF (Prop_ibuf_I_O)         1.467     1.467 f  reset_IBUF_inst/O
                         net (fo=26, routed)          5.771     7.238    reset_IBUF
    SLICE_X62Y54         FDCE                                         f  clock_divider_out1_reg[1]/CLR
  -------------------------------------------------------------------    -------------------

Slack:                    inf
  Source:                 reset
                            (input port)
  Destination:            clock_divider_out1_reg[2]/CLR
  Path Group:             (none)
  Path Type:              Max at Slow Process Corner
  Data Path Delay:        7.238ns  (logic 1.467ns (20.266%)  route 5.771ns (79.734%))
  Logic Levels:           1  (IBUF=1)

    Location             Delay type                Incr(ns)  Path(ns)    Netlist Resource(s)
  -------------------------------------------------------------------    -------------------
    D9                                                0.000     0.000 f  reset (IN)
                         net (fo=0)                   0.000     0.000    reset
    D9                   IBUF (Prop_ibuf_I_O)         1.467     1.467 f  reset_IBUF_inst/O
                         net (fo=26, routed)          5.771     7.238    reset_IBUF
    SLICE_X62Y54         FDCE                                         f  clock_divider_out1_reg[2]/CLR
  -------------------------------------------------------------------    -------------------

Slack:                    inf
  Source:                 reset
                            (input port)
  Destination:            clock_divider_out1_reg[3]/CLR
  Path Group:             (none)
  Path Type:              Max at Slow Process Corner
  Data Path Delay:        7.238ns  (logic 1.467ns (20.266%)  route 5.771ns (79.734%))
  Logic Levels:           1  (IBUF=1)

    Location             Delay type                Incr(ns)  Path(ns)    Netlist Resource(s)
  -------------------------------------------------------------------    -------------------
    D9                                                0.000     0.000 f  reset (IN)
                         net (fo=0)                   0.000     0.000    reset
    D9                   IBUF (Prop_ibuf_I_O)         1.467     1.467 f  reset_IBUF_inst/O
                         net (fo=26, routed)          5.771     7.238    reset_IBUF
    SLICE_X62Y54         FDCE                                         f  clock_divider_out1_reg[3]/CLR
  -------------------------------------------------------------------    -------------------

Slack:                    inf
  Source:                 reset
                            (input port)
  Destination:            clock_divider_out1_reg[4]/CLR
  Path Group:             (none)
  Path Type:              Max at Slow Process Corner
  Data Path Delay:        7.212ns  (logic 1.467ns (20.338%)  route 5.745ns (79.662%))
  Logic Levels:           1  (IBUF=1)

    Location             Delay type                Incr(ns)  Path(ns)    Netlist Resource(s)
  -------------------------------------------------------------------    -------------------
    D9                                                0.000     0.000 f  reset (IN)
                         net (fo=0)                   0.000     0.000    reset
    D9                   IBUF (Prop_ibuf_I_O)         1.467     1.467 f  reset_IBUF_inst/O
                         net (fo=26, routed)          5.745     7.212    reset_IBUF
    SLICE_X62Y55         FDCE                                         f  clock_divider_out1_reg[4]/CLR
  -------------------------------------------------------------------    -------------------

Slack:                    inf
  Source:                 reset
                            (input port)
  Destination:            clock_divider_out1_reg[5]/CLR
  Path Group:             (none)
  Path Type:              Max at Slow Process Corner
  Data Path Delay:        7.212ns  (logic 1.467ns (20.338%)  route 5.745ns (79.662%))
  Logic Levels:           1  (IBUF=1)

    Location             Delay type                Incr(ns)  Path(ns)    Netlist Resource(s)
  -------------------------------------------------------------------    -------------------
    D9                                                0.000     0.000 f  reset (IN)
                         net (fo=0)                   0.000     0.000    reset
    D9                   IBUF (Prop_ibuf_I_O)         1.467     1.467 f  reset_IBUF_inst/O
                         net (fo=26, routed)          5.745     7.212    reset_IBUF
    SLICE_X62Y55         FDCE                                         f  clock_divider_out1_reg[5]/CLR
  -------------------------------------------------------------------    -------------------

Slack:                    inf
  Source:                 reset
                            (input port)
  Destination:            clock_divider_out1_reg[6]/CLR
  Path Group:             (none)
  Path Type:              Max at Slow Process Corner
  Data Path Delay:        7.212ns  (logic 1.467ns (20.338%)  route 5.745ns (79.662%))
  Logic Levels:           1  (IBUF=1)

    Location             Delay type                Incr(ns)  Path(ns)    Netlist Resource(s)
  -------------------------------------------------------------------    -------------------
    D9                                                0.000     0.000 f  reset (IN)
                         net (fo=0)                   0.000     0.000    reset
    D9                   IBUF (Prop_ibuf_I_O)         1.467     1.467 f  reset_IBUF_inst/O
                         net (fo=26, routed)          5.745     7.212    reset_IBUF
    SLICE_X62Y55         FDCE                                         f  clock_divider_out1_reg[6]/CLR
  -------------------------------------------------------------------    -------------------

Slack:                    inf
  Source:                 reset
                            (input port)
  Destination:            clock_divider_out1_reg[7]/CLR
  Path Group:             (none)
  Path Type:              Max at Slow Process Corner
  Data Path Delay:        7.212ns  (logic 1.467ns (20.338%)  route 5.745ns (79.662%))
  Logic Levels:           1  (IBUF=1)

    Location             Delay type                Incr(ns)  Path(ns)    Netlist Resource(s)
  -------------------------------------------------------------------    -------------------
    D9                                                0.000     0.000 f  reset (IN)
                         net (fo=0)                   0.000     0.000    reset
    D9                   IBUF (Prop_ibuf_I_O)         1.467     1.467 f  reset_IBUF_inst/O
                         net (fo=26, routed)          5.745     7.212    reset_IBUF
    SLICE_X62Y55         FDCE                                         f  clock_divider_out1_reg[7]/CLR
  -------------------------------------------------------------------    -------------------





Min Delay Paths
--------------------------------------------------------------------------------------
Slack:                    inf
  Source:                 led_pos_reg[1]/C
                            (rising edge-triggered cell FDCE)
  Destination:            led_pos_reg[2]/D
  Path Group:             (none)
  Path Type:              Min at Fast Process Corner
  Data Path Delay:        0.371ns  (logic 0.209ns (56.351%)  route 0.162ns (43.649%))
  Logic Levels:           2  (FDCE=1 LUT6=1)

    Location             Delay type                Incr(ns)  Path(ns)    Netlist Resource(s)
  -------------------------------------------------------------------    -------------------
    SLICE_X64Y56         FDCE                         0.000     0.000 r  led_pos_reg[1]/C
    SLICE_X64Y56         FDCE (Prop_fdce_C_Q)         0.164     0.164 r  led_pos_reg[1]/Q
                         net (fo=11, routed)          0.162     0.326    led_pos_reg_n_0_[1]
    SLICE_X64Y56         LUT6 (Prop_lut6_I1_O)        0.045     0.371 r  led_pos[2]_i_1/O
                         net (fo=1, routed)           0.000     0.371    led_pos[2]_i_1_n_0
    SLICE_X64Y56         FDCE                                         r  led_pos_reg[2]/D
  -------------------------------------------------------------------    -------------------

Slack:                    inf
  Source:                 clock_divider_out1_reg[10]/C
                            (rising edge-triggered cell FDCE)
  Destination:            clock_divider_out1_reg[10]/D
  Path Group:             (none)
  Path Type:              Min at Fast Process Corner
  Data Path Delay:        0.386ns  (logic 0.252ns (65.343%)  route 0.134ns (34.657%))
  Logic Levels:           2  (CARRY4=1 FDCE=1)

    Location             Delay type                Incr(ns)  Path(ns)    Netlist Resource(s)
  -------------------------------------------------------------------    -------------------
    SLICE_X62Y56         FDCE                         0.000     0.000 r  clock_divider_out1_reg[10]/C
    SLICE_X62Y56         FDCE (Prop_fdce_C_Q)         0.141     0.141 r  clock_divider_out1_reg[10]/Q
                         net (fo=5, routed)           0.134     0.275    clock_divider_out1_reg[10]
    SLICE_X62Y56         CARRY4 (Prop_carry4_S[2]_O[2])
                                                      0.111     0.386 r  clock_divider_out1_reg[8]_i_1/O[2]
                         net (fo=1, routed)           0.000     0.386    clock_divider_out1_reg[8]_i_1_n_5
    SLICE_X62Y56         FDCE                                         r  clock_divider_out1_reg[10]/D
  -------------------------------------------------------------------    -------------------

Slack:                    inf
  Source:                 clock_divider_out1_reg[6]/C
                            (rising edge-triggered cell FDCE)
  Destination:            clock_divider_out1_reg[6]/D
  Path Group:             (none)
  Path Type:              Min at Fast Process Corner
  Data Path Delay:        0.386ns  (logic 0.252ns (65.343%)  route 0.134ns (34.657%))
  Logic Levels:           2  (CARRY4=1 FDCE=1)

    Location             Delay type                Incr(ns)  Path(ns)    Netlist Resource(s)
  -------------------------------------------------------------------    -------------------
    SLICE_X62Y55         FDCE                         0.000     0.000 r  clock_divider_out1_reg[6]/C
    SLICE_X62Y55         FDCE (Prop_fdce_C_Q)         0.141     0.141 r  clock_divider_out1_reg[6]/Q
                         net (fo=3, routed)           0.134     0.275    clock_divider_out1_reg[6]
    SLICE_X62Y55         CARRY4 (Prop_carry4_S[2]_O[2])
                                                      0.111     0.386 r  clock_divider_out1_reg[4]_i_1/O[2]
                         net (fo=1, routed)           0.000     0.386    clock_divider_out1_reg[4]_i_1_n_5
    SLICE_X62Y55         FDCE                                         r  clock_divider_out1_reg[6]/D
  -------------------------------------------------------------------    -------------------

Slack:                    inf
  Source:                 led_pos_reg[1]/C
                            (rising edge-triggered cell FDCE)
  Destination:            led_lookup_out1_1_reg[4]/R
  Path Group:             (none)
  Path Type:              Min at Fast Process Corner
  Data Path Delay:        0.386ns  (logic 0.164ns (42.521%)  route 0.222ns (57.479%))
  Logic Levels:           1  (FDCE=1)

    Location             Delay type                Incr(ns)  Path(ns)    Netlist Resource(s)
  -------------------------------------------------------------------    -------------------
    SLICE_X64Y56         FDCE                         0.000     0.000 r  led_pos_reg[1]/C
    SLICE_X64Y56         FDCE (Prop_fdce_C_Q)         0.164     0.164 r  led_pos_reg[1]/Q
                         net (fo=11, routed)          0.222     0.386    led_pos_reg_n_0_[1]
    SLICE_X64Y57         FDRE                                         r  led_lookup_out1_1_reg[4]/R
  -------------------------------------------------------------------    -------------------

Slack:                    inf
  Source:                 led_pos_reg[1]/C
                            (rising edge-triggered cell FDCE)
  Destination:            led_lookup_out1_1_reg[5]/R
  Path Group:             (none)
  Path Type:              Min at Fast Process Corner
  Data Path Delay:        0.386ns  (logic 0.164ns (42.521%)  route 0.222ns (57.479%))
  Logic Levels:           1  (FDCE=1)

    Location             Delay type                Incr(ns)  Path(ns)    Netlist Resource(s)
  -------------------------------------------------------------------    -------------------
    SLICE_X64Y56         FDCE                         0.000     0.000 r  led_pos_reg[1]/C
    SLICE_X64Y56         FDCE (Prop_fdce_C_Q)         0.164     0.164 r  led_pos_reg[1]/Q
                         net (fo=11, routed)          0.222     0.386    led_pos_reg_n_0_[1]
    SLICE_X64Y57         FDRE                                         r  led_lookup_out1_1_reg[5]/R
  -------------------------------------------------------------------    -------------------

Slack:                    inf
  Source:                 led_pos_reg[1]/C
                            (rising edge-triggered cell FDCE)
  Destination:            led_pos_reg[1]/D
  Path Group:             (none)
  Path Type:              Min at Fast Process Corner
  Data Path Delay:        0.393ns  (logic 0.209ns (53.126%)  route 0.184ns (46.874%))
  Logic Levels:           2  (FDCE=1 LUT5=1)

    Location             Delay type                Incr(ns)  Path(ns)    Netlist Resource(s)
  -------------------------------------------------------------------    -------------------
    SLICE_X64Y56         FDCE                         0.000     0.000 r  led_pos_reg[1]/C
    SLICE_X64Y56         FDCE (Prop_fdce_C_Q)         0.164     0.164 r  led_pos_reg[1]/Q
                         net (fo=11, routed)          0.184     0.348    led_pos_reg_n_0_[1]
    SLICE_X64Y56         LUT5 (Prop_lut5_I4_O)        0.045     0.393 r  led_pos[1]_i_1/O
                         net (fo=1, routed)           0.000     0.393    led_pos[1]_i_1_n_0
    SLICE_X64Y56         FDCE                                         r  led_pos_reg[1]/D
  -------------------------------------------------------------------    -------------------

Slack:                    inf
  Source:                 led_pos_reg[1]/C
                            (rising edge-triggered cell FDCE)
  Destination:            led_lookup_out1_1_reg[0]/R
  Path Group:             (none)
  Path Type:              Min at Fast Process Corner
  Data Path Delay:        0.407ns  (logic 0.164ns (40.329%)  route 0.243ns (59.671%))
  Logic Levels:           1  (FDCE=1)

    Location             Delay type                Incr(ns)  Path(ns)    Netlist Resource(s)
  -------------------------------------------------------------------    -------------------
    SLICE_X64Y56         FDCE                         0.000     0.000 r  led_pos_reg[1]/C
    SLICE_X64Y56         FDCE (Prop_fdce_C_Q)         0.164     0.164 r  led_pos_reg[1]/Q
                         net (fo=11, routed)          0.243     0.407    led_pos_reg_n_0_[1]
    SLICE_X65Y55         FDRE                                         r  led_lookup_out1_1_reg[0]/R
  -------------------------------------------------------------------    -------------------

Slack:                    inf
  Source:                 led_pos_reg[1]/C
                            (rising edge-triggered cell FDCE)
  Destination:            led_lookup_out1_1_reg[1]/R
  Path Group:             (none)
  Path Type:              Min at Fast Process Corner
  Data Path Delay:        0.407ns  (logic 0.164ns (40.329%)  route 0.243ns (59.671%))
  Logic Levels:           1  (FDCE=1)

    Location             Delay type                Incr(ns)  Path(ns)    Netlist Resource(s)
  -------------------------------------------------------------------    -------------------
    SLICE_X64Y56         FDCE                         0.000     0.000 r  led_pos_reg[1]/C
    SLICE_X64Y56         FDCE (Prop_fdce_C_Q)         0.164     0.164 r  led_pos_reg[1]/Q
                         net (fo=11, routed)          0.243     0.407    led_pos_reg_n_0_[1]
    SLICE_X65Y55         FDRE                                         r  led_lookup_out1_1_reg[1]/R
  -------------------------------------------------------------------    -------------------

Slack:                    inf
  Source:                 clock_divider_out1_reg[5]/C
                            (rising edge-triggered cell FDCE)
  Destination:            clock_divider_out1_reg[3]/D
  Path Group:             (none)
  Path Type:              Min at Fast Process Corner
  Data Path Delay:        0.407ns  (logic 0.249ns (61.220%)  route 0.158ns (38.780%))
  Logic Levels:           3  (CARRY4=1 FDCE=1 LUT6=1)

    Location             Delay type                Incr(ns)  Path(ns)    Netlist Resource(s)
  -------------------------------------------------------------------    -------------------
    SLICE_X62Y55         FDCE                         0.000     0.000 r  clock_divider_out1_reg[5]/C
    SLICE_X62Y55         FDCE (Prop_fdce_C_Q)         0.141     0.141 f  clock_divider_out1_reg[5]/Q
                         net (fo=6, routed)           0.158     0.299    clock_divider_out1_reg[5]
    SLICE_X62Y54         LUT6 (Prop_lut6_I4_O)        0.045     0.344 r  clock_divider_out1[0]_i_3/O
                         net (fo=1, routed)           0.000     0.344    clock_divider_out1[0]_i_3_n_0
    SLICE_X62Y54         CARRY4 (Prop_carry4_S[3]_O[3])
                                                      0.063     0.407 r  clock_divider_out1_reg[0]_i_1/O[3]
                         net (fo=1, routed)           0.000     0.407    clock_divider_out1_reg[0]_i_1_n_4
    SLICE_X62Y54         FDCE                                         r  clock_divider_out1_reg[3]/D
  -------------------------------------------------------------------    -------------------

Slack:                    inf
  Source:                 clock_divider_out1_reg[5]/C
                            (rising edge-triggered cell FDCE)
  Destination:            clock_divider_out1_reg[2]/D
  Path Group:             (none)
  Path Type:              Min at Fast Process Corner
  Data Path Delay:        0.409ns  (logic 0.252ns (61.678%)  route 0.157ns (38.322%))
  Logic Levels:           3  (CARRY4=1 FDCE=1 LUT6=1)

    Location             Delay type                Incr(ns)  Path(ns)    Netlist Resource(s)
  -------------------------------------------------------------------    -------------------
    SLICE_X62Y55         FDCE                         0.000     0.000 r  clock_divider_out1_reg[5]/C
    SLICE_X62Y55         FDCE (Prop_fdce_C_Q)         0.141     0.141 f  clock_divider_out1_reg[5]/Q
                         net (fo=6, routed)           0.157     0.298    clock_divider_out1_reg[5]
    SLICE_X62Y54         LUT6 (Prop_lut6_I4_O)        0.045     0.343 r  clock_divider_out1[0]_i_4/O
                         net (fo=1, routed)           0.000     0.343    clock_divider_out1[0]_i_4_n_0
    SLICE_X62Y54         CARRY4 (Prop_carry4_S[2]_O[2])
                                                      0.066     0.409 r  clock_divider_out1_reg[0]_i_1/O[2]
                         net (fo=1, routed)           0.000     0.409    clock_divider_out1_reg[0]_i_1_n_5
    SLICE_X62Y54         FDCE                                         r  clock_divider_out1_reg[2]/D
  -------------------------------------------------------------------    -------------------





