Copyright 1986-2022 Xilinx, Inc. All Rights Reserved. Copyright 2022-2024 Advanced Micro Devices, Inc. All Rights Reserved.
------------------------------------------------------------------------------------------------------------------------------------------------------------------------------
| Tool Version : Vivado v.2024.1 (win64) Build 5076996 Wed May 22 18:37:14 MDT 2024
| Date         : Mon Jul 13 00:20:26 2026
| Host         : TS-93724 running 64-bit major release  (build 9200)
| Command      : report_timing_summary -delay_type min_max -report_unconstrained -check_timing_verbose -max_paths 3 -nworst 3 -name timing_post_map -file timing_post_map.rpt
| Design       : flash_led_top
| Device       : 7a35ti-csg324
| Speed File   : -1L  PRODUCTION 1.23 2018-06-13
| Design State : Synthesized
------------------------------------------------------------------------------------------------------------------------------------------------------------------------------

Timing Summary Report

------------------------------------------------------------------------------------------------
| Timer Settings
| --------------
------------------------------------------------------------------------------------------------

  Enable Multi Corner Analysis               :  Yes
  Enable Pessimism Removal                   :  Yes
  Pessimism Removal Resolution               :  Nearest Common Node
  Enable Input Delay Default Clock           :  No
  Enable Preset / Clear Arcs                 :  No
  Disable Flight Delays                      :  No
  Ignore I/O Paths                           :  No
  Timing Early Launch at Borrowing Latches   :  No
  Borrow Time for Max Delay Exceptions       :  Yes
  Merge Timing Exceptions                    :  Yes
  Inter-SLR Compensation                     :  Conservative

  Corner  Analyze    Analyze    
  Name    Max Paths  Min Paths  
  ------  ---------  ---------  
  Slow    Yes        Yes        
  Fast    Yes        Yes        


------------------------------------------------------------------------------------------------
| Report Methodology
| ------------------
------------------------------------------------------------------------------------------------

No report available as report_methodology has not been run prior. Run report_methodology on the current design for the summary of methodology violations.



check_timing report

Table of Contents
-----------------
1. checking no_clock (0)
2. checking constant_clock (0)
3. checking pulse_width_clock (0)
4. checking unconstrained_internal_endpoints (0)
5. checking no_input_delay (1)
6. checking no_output_delay (8)
7. checking multiple_clock (0)
8. checking generated_clocks (0)
9. checking loops (0)
10. checking partial_input_delay (0)
11. checking partial_output_delay (0)
12. checking latch_loops (0)

1. checking no_clock (0)
------------------------
 There are 0 register/latch pins with no clock.


2. checking constant_clock (0)
------------------------------
 There are 0 register/latch pins with constant_clock.


3. checking pulse_width_clock (0)
---------------------------------
 There are 0 register/latch pins which need pulse_width check


4. checking unconstrained_internal_endpoints (0)
------------------------------------------------
 There are 0 pins that are not constrained for maximum delay.

 There are 0 pins that are not constrained for maximum delay due to constant clock.


5. checking no_input_delay (1)
------------------------------
 There is 1 input port with no input delay specified. (HIGH)

reset

 There are 0 input ports with no input delay but user has a false path constraint.


6. checking no_output_delay (8)
-------------------------------
 There are 8 ports with no output delay specified. (HIGH)

led[0]
led[1]
led[2]
led[3]
led[4]
led[5]
led[6]
led[7]

 There are 0 ports with no output delay but user has a false path constraint

 There are 0 ports with no output delay but with a timing clock defined on it or propagating through it


7. checking multiple_clock (0)
------------------------------
 There are 0 register/latch pins with multiple clocks.


8. checking generated_clocks (0)
--------------------------------
 There are 0 generated clocks that are not connected to a clock source.


9. checking loops (0)
---------------------
 There are 0 combinational loops in the design.


10. checking partial_input_delay (0)
------------------------------------
 There are 0 input ports with partial input delay specified.


11. checking partial_output_delay (0)
-------------------------------------
 There are 0 ports with partial output delay specified.


12. checking latch_loops (0)
----------------------------
 There are 0 combinational latch loops in the design through latch input



------------------------------------------------------------------------------------------------
| Design Timing Summary
| ---------------------
------------------------------------------------------------------------------------------------

    WNS(ns)      TNS(ns)  TNS Failing Endpoints  TNS Total Endpoints      WHS(ns)      THS(ns)  THS Failing Endpoints  THS Total Endpoints     WPWS(ns)     TPWS(ns)  TPWS Failing Endpoints  TPWS Total Endpoints  
    -------      -------  ---------------------  -------------------      -------      -------  ---------------------  -------------------     --------     --------  ----------------------  --------------------  
      5.217        0.000                      0                   40        0.277        0.000                      0                   40        4.500        0.000                       0                    32  


All user specified timing constraints are met.


------------------------------------------------------------------------------------------------
| Clock Summary
| -------------
------------------------------------------------------------------------------------------------

Clock  Waveform(ns)       Period(ns)      Frequency(MHz)
-----  ------------       ----------      --------------
MWCLK  {0.000 5.000}      10.000          100.000         


------------------------------------------------------------------------------------------------
| Intra Clock Table
| -----------------
------------------------------------------------------------------------------------------------

Clock             WNS(ns)      TNS(ns)  TNS Failing Endpoints  TNS Total Endpoints      WHS(ns)      THS(ns)  THS Failing Endpoints  THS Total Endpoints     WPWS(ns)     TPWS(ns)  TPWS Failing Endpoints  TPWS Total Endpoints  
-----             -------      -------  ---------------------  -------------------      -------      -------  ---------------------  -------------------     --------     --------  ----------------------  --------------------  
MWCLK               5.217        0.000                      0                   40        0.277        0.000                      0                   40        4.500        0.000                       0                    32  


------------------------------------------------------------------------------------------------
| Inter Clock Table
| -----------------
------------------------------------------------------------------------------------------------

From Clock    To Clock          WNS(ns)      TNS(ns)  TNS Failing Endpoints  TNS Total Endpoints      WHS(ns)      THS(ns)  THS Failing Endpoints  THS Total Endpoints  
----------    --------          -------      -------  ---------------------  -------------------      -------      -------  ---------------------  -------------------  


------------------------------------------------------------------------------------------------
| Other Path Groups Table
| -----------------------
------------------------------------------------------------------------------------------------

Path Group    From Clock    To Clock          WNS(ns)      TNS(ns)  TNS Failing Endpoints  TNS Total Endpoints      WHS(ns)      THS(ns)  THS Failing Endpoints  THS Total Endpoints  
----------    ----------    --------          -------      -------  ---------------------  -------------------      -------      -------  ---------------------  -------------------  


------------------------------------------------------------------------------------------------
| User Ignored Path Table
| -----------------------
------------------------------------------------------------------------------------------------

Path Group    From Clock    To Clock    
----------    ----------    --------    


------------------------------------------------------------------------------------------------
| Unconstrained Path Table
| ------------------------
------------------------------------------------------------------------------------------------

Path Group    From Clock    To Clock    
----------    ----------    --------    
(none)        MWCLK                       
(none)                      MWCLK         


------------------------------------------------------------------------------------------------
| Timing Details
| --------------
------------------------------------------------------------------------------------------------


---------------------------------------------------------------------------------------------------
From Clock:  MWCLK
  To Clock:  MWCLK

Setup :            0  Failing Endpoints,  Worst Slack        5.217ns,  Total Violation        0.000ns
Hold  :            0  Failing Endpoints,  Worst Slack        0.277ns,  Total Violation        0.000ns
PW    :            0  Failing Endpoints,  Worst Slack        4.500ns,  Total Violation        0.000ns
---------------------------------------------------------------------------------------------------


Max Delay Paths
--------------------------------------------------------------------------------------
Slack (MET) :             5.217ns  (required time - arrival time)
  Source:                 u_counter/cnt_reg_out1_reg[8]/C
                            (rising edge-triggered cell FDCE clocked by MWCLK  {rise@0.000ns fall@5.000ns period=10.000ns})
  Destination:            u_counter/cnt_reg_out1_reg[21]/D
                            (rising edge-triggered cell FDCE clocked by MWCLK  {rise@0.000ns fall@5.000ns period=10.000ns})
  Path Group:             MWCLK
  Path Type:              Setup (Max at Slow Process Corner)
  Requirement:            10.000ns  (MWCLK rise@10.000ns - MWCLK rise@0.000ns)
  Data Path Delay:        4.761ns  (logic 2.353ns (49.422%)  route 2.408ns (50.578%))
  Logic Levels:           9  (CARRY4=6 LUT5=1 LUT6=2)
  Clock Path Skew:        -0.049ns (DCD - SCD + CPR)
    Destination Clock Delay (DCD):    0.924ns = ( 10.924 - 10.000 ) 
    Source Clock Delay      (SCD):    0.973ns
    Clock Pessimism Removal (CPR):    0.000ns
  Clock Uncertainty:      0.035ns  ((TSJ^2 + TIJ^2)^1/2 + DJ) / 2 + PE
    Total System Jitter     (TSJ):    0.071ns
    Total Input Jitter      (TIJ):    0.000ns
    Discrete Jitter          (DJ):    0.000ns
    Phase Error              (PE):    0.000ns

    Location             Delay type                Incr(ns)  Path(ns)    Netlist Resource(s)
  -------------------------------------------------------------------    -------------------
                         (clock MWCLK rise edge)      0.000     0.000 r  
                                                      0.000     0.000 r  clk (IN)
                         net (fo=31, unset)           0.973     0.973    u_counter/clk
                         FDCE                                         r  u_counter/cnt_reg_out1_reg[8]/C
  -------------------------------------------------------------------    -------------------
                         FDCE (Prop_fdce_C_Q)         0.456     1.429 f  u_counter/cnt_reg_out1_reg[8]/Q
                         net (fo=3, unplaced)         0.983     2.412    u_counter/cnt_reg_out1_reg[8]
                         LUT6 (Prop_lut6_I0_O)        0.295     2.707 f  u_counter/tick_reg_out1_i_6/O
                         net (fo=1, unplaced)         0.902     3.609    u_counter/tick_reg_out1_i_6_n_0
                         LUT6 (Prop_lut6_I0_O)        0.124     3.733 f  u_counter/tick_reg_out1_i_5/O
                         net (fo=25, unplaced)        0.514     4.247    u_counter/tick_reg_out1_i_5_n_0
                         LUT5 (Prop_lut5_I1_O)        0.124     4.371 r  u_counter/cnt_reg_out1[0]_i_5/O
                         net (fo=1, unplaced)         0.000     4.371    u_counter/cnt_reg_out1[0]_i_5_n_0
                         CARRY4 (Prop_carry4_S[1]_CO[3])
                                                      0.550     4.921 r  u_counter/cnt_reg_out1_reg[0]_i_1/CO[3]
                         net (fo=1, unplaced)         0.009     4.930    u_counter/cnt_reg_out1_reg[0]_i_1_n_0
                         CARRY4 (Prop_carry4_CI_CO[3])
                                                      0.114     5.044 r  u_counter/cnt_reg_out1_reg[4]_i_1/CO[3]
                         net (fo=1, unplaced)         0.000     5.044    u_counter/cnt_reg_out1_reg[4]_i_1_n_0
                         CARRY4 (Prop_carry4_CI_CO[3])
                                                      0.114     5.158 r  u_counter/cnt_reg_out1_reg[8]_i_1/CO[3]
                         net (fo=1, unplaced)         0.000     5.158    u_counter/cnt_reg_out1_reg[8]_i_1_n_0
                         CARRY4 (Prop_carry4_CI_CO[3])
                                                      0.114     5.272 r  u_counter/cnt_reg_out1_reg[12]_i_1/CO[3]
                         net (fo=1, unplaced)         0.000     5.272    u_counter/cnt_reg_out1_reg[12]_i_1_n_0
                         CARRY4 (Prop_carry4_CI_CO[3])
                                                      0.114     5.386 r  u_counter/cnt_reg_out1_reg[16]_i_1/CO[3]
                         net (fo=1, unplaced)         0.000     5.386    u_counter/cnt_reg_out1_reg[16]_i_1_n_0
                         CARRY4 (Prop_carry4_CI_O[1])
                                                      0.348     5.734 r  u_counter/cnt_reg_out1_reg[20]_i_1/O[1]
                         net (fo=1, unplaced)         0.000     5.734    u_counter/cnt_reg_out1_reg[20]_i_1_n_6
                         FDCE                                         r  u_counter/cnt_reg_out1_reg[21]/D
  -------------------------------------------------------------------    -------------------

                         (clock MWCLK rise edge)     10.000    10.000 r  
                                                      0.000    10.000 r  clk (IN)
                         net (fo=31, unset)           0.924    10.924    u_counter/clk
                         FDCE                                         r  u_counter/cnt_reg_out1_reg[21]/C
                         clock pessimism              0.000    10.924    
                         clock uncertainty           -0.035    10.889    
                         FDCE (Setup_fdce_C_D)        0.062    10.951    u_counter/cnt_reg_out1_reg[21]
  -------------------------------------------------------------------
                         required time                         10.951    
                         arrival time                          -5.734    
  -------------------------------------------------------------------
                         slack                                  5.217    

Slack (MET) :             5.217ns  (required time - arrival time)
  Source:                 u_counter/cnt_reg_out1_reg[8]/C
                            (rising edge-triggered cell FDCE clocked by MWCLK  {rise@0.000ns fall@5.000ns period=10.000ns})
  Destination:            u_counter/cnt_reg_out1_reg[21]/D
                            (rising edge-triggered cell FDCE clocked by MWCLK  {rise@0.000ns fall@5.000ns period=10.000ns})
  Path Group:             MWCLK
  Path Type:              Setup (Max at Slow Process Corner)
  Requirement:            10.000ns  (MWCLK rise@10.000ns - MWCLK rise@0.000ns)
  Data Path Delay:        4.761ns  (logic 2.353ns (49.422%)  route 2.408ns (50.578%))
  Logic Levels:           9  (CARRY4=6 LUT5=1 LUT6=2)
  Clock Path Skew:        -0.049ns (DCD - SCD + CPR)
    Destination Clock Delay (DCD):    0.924ns = ( 10.924 - 10.000 ) 
    Source Clock Delay      (SCD):    0.973ns
    Clock Pessimism Removal (CPR):    0.000ns
  Clock Uncertainty:      0.035ns  ((TSJ^2 + TIJ^2)^1/2 + DJ) / 2 + PE
    Total System Jitter     (TSJ):    0.071ns
    Total Input Jitter      (TIJ):    0.000ns
    Discrete Jitter          (DJ):    0.000ns
    Phase Error              (PE):    0.000ns

    Location             Delay type                Incr(ns)  Path(ns)    Netlist Resource(s)
  -------------------------------------------------------------------    -------------------
                         (clock MWCLK rise edge)      0.000     0.000 r  
                                                      0.000     0.000 r  clk (IN)
                         net (fo=31, unset)           0.973     0.973    u_counter/clk
                         FDCE                                         r  u_counter/cnt_reg_out1_reg[8]/C
  -------------------------------------------------------------------    -------------------
                         FDCE (Prop_fdce_C_Q)         0.456     1.429 r  u_counter/cnt_reg_out1_reg[8]/Q
                         net (fo=3, unplaced)         0.983     2.412    u_counter/cnt_reg_out1_reg[8]
                         LUT6 (Prop_lut6_I0_O)        0.295     2.707 r  u_counter/tick_reg_out1_i_6/O
                         net (fo=1, unplaced)         0.902     3.609    u_counter/tick_reg_out1_i_6_n_0
                         LUT6 (Prop_lut6_I0_O)        0.124     3.733 r  u_counter/tick_reg_out1_i_5/O
                         net (fo=25, unplaced)        0.514     4.247    u_counter/tick_reg_out1_i_5_n_0
                         LUT5 (Prop_lut5_I1_O)        0.124     4.371 f  u_counter/cnt_reg_out1[0]_i_5/O
                         net (fo=1, unplaced)         0.000     4.371    u_counter/cnt_reg_out1[0]_i_5_n_0
                         CARRY4 (Prop_carry4_S[1]_CO[3])
                                                      0.550     4.921 r  u_counter/cnt_reg_out1_reg[0]_i_1/CO[3]
                         net (fo=1, unplaced)         0.009     4.930    u_counter/cnt_reg_out1_reg[0]_i_1_n_0
                         CARRY4 (Prop_carry4_CI_CO[3])
                                                      0.114     5.044 r  u_counter/cnt_reg_out1_reg[4]_i_1/CO[3]
                         net (fo=1, unplaced)         0.000     5.044    u_counter/cnt_reg_out1_reg[4]_i_1_n_0
                         CARRY4 (Prop_carry4_CI_CO[3])
                                                      0.114     5.158 r  u_counter/cnt_reg_out1_reg[8]_i_1/CO[3]
                         net (fo=1, unplaced)         0.000     5.158    u_counter/cnt_reg_out1_reg[8]_i_1_n_0
                         CARRY4 (Prop_carry4_CI_CO[3])
                                                      0.114     5.272 r  u_counter/cnt_reg_out1_reg[12]_i_1/CO[3]
                         net (fo=1, unplaced)         0.000     5.272    u_counter/cnt_reg_out1_reg[12]_i_1_n_0
                         CARRY4 (Prop_carry4_CI_CO[3])
                                                      0.114     5.386 r  u_counter/cnt_reg_out1_reg[16]_i_1/CO[3]
                         net (fo=1, unplaced)         0.000     5.386    u_counter/cnt_reg_out1_reg[16]_i_1_n_0
                         CARRY4 (Prop_carry4_CI_O[1])
                                                      0.348     5.734 r  u_counter/cnt_reg_out1_reg[20]_i_1/O[1]
                         net (fo=1, unplaced)         0.000     5.734    u_counter/cnt_reg_out1_reg[20]_i_1_n_6
                         FDCE                                         r  u_counter/cnt_reg_out1_reg[21]/D
  -------------------------------------------------------------------    -------------------

                         (clock MWCLK rise edge)     10.000    10.000 r  
                                                      0.000    10.000 r  clk (IN)
                         net (fo=31, unset)           0.924    10.924    u_counter/clk
                         FDCE                                         r  u_counter/cnt_reg_out1_reg[21]/C
                         clock pessimism              0.000    10.924    
                         clock uncertainty           -0.035    10.889    
                         FDCE (Setup_fdce_C_D)        0.062    10.951    u_counter/cnt_reg_out1_reg[21]
  -------------------------------------------------------------------
                         required time                         10.951    
                         arrival time                          -5.734    
  -------------------------------------------------------------------
                         slack                                  5.217    

Slack (MET) :             5.217ns  (required time - arrival time)
  Source:                 u_counter/cnt_reg_out1_reg[8]/C
                            (rising edge-triggered cell FDCE clocked by MWCLK  {rise@0.000ns fall@5.000ns period=10.000ns})
  Destination:            u_counter/cnt_reg_out1_reg[21]/D
                            (rising edge-triggered cell FDCE clocked by MWCLK  {rise@0.000ns fall@5.000ns period=10.000ns})
  Path Group:             MWCLK
  Path Type:              Setup (Max at Slow Process Corner)
  Requirement:            10.000ns  (MWCLK rise@10.000ns - MWCLK rise@0.000ns)
  Data Path Delay:        4.761ns  (logic 2.353ns (49.422%)  route 2.408ns (50.578%))
  Logic Levels:           9  (CARRY4=6 LUT5=1 LUT6=2)
  Clock Path Skew:        -0.049ns (DCD - SCD + CPR)
    Destination Clock Delay (DCD):    0.924ns = ( 10.924 - 10.000 ) 
    Source Clock Delay      (SCD):    0.973ns
    Clock Pessimism Removal (CPR):    0.000ns
  Clock Uncertainty:      0.035ns  ((TSJ^2 + TIJ^2)^1/2 + DJ) / 2 + PE
    Total System Jitter     (TSJ):    0.071ns
    Total Input Jitter      (TIJ):    0.000ns
    Discrete Jitter          (DJ):    0.000ns
    Phase Error              (PE):    0.000ns

    Location             Delay type                Incr(ns)  Path(ns)    Netlist Resource(s)
  -------------------------------------------------------------------    -------------------
                         (clock MWCLK rise edge)      0.000     0.000 r  
                                                      0.000     0.000 r  clk (IN)
                         net (fo=31, unset)           0.973     0.973    u_counter/clk
                         FDCE                                         r  u_counter/cnt_reg_out1_reg[8]/C
  -------------------------------------------------------------------    -------------------
                         FDCE (Prop_fdce_C_Q)         0.456     1.429 f  u_counter/cnt_reg_out1_reg[8]/Q
                         net (fo=3, unplaced)         0.983     2.412    u_counter/cnt_reg_out1_reg[8]
                         LUT6 (Prop_lut6_I0_O)        0.295     2.707 f  u_counter/tick_reg_out1_i_6/O
                         net (fo=1, unplaced)         0.902     3.609    u_counter/tick_reg_out1_i_6_n_0
                         LUT6 (Prop_lut6_I0_O)        0.124     3.733 f  u_counter/tick_reg_out1_i_5/O
                         net (fo=25, unplaced)        0.514     4.247    u_counter/tick_reg_out1_i_5_n_0
                         LUT5 (Prop_lut5_I1_O)        0.124     4.371 r  u_counter/cnt_reg_out1[0]_i_5/O
                         net (fo=1, unplaced)         0.000     4.371    u_counter/cnt_reg_out1[0]_i_5_n_0
                         CARRY4 (Prop_carry4_S[1]_CO[3])
                                                      0.550     4.921 r  u_counter/cnt_reg_out1_reg[0]_i_1/CO[3]
                         net (fo=1, unplaced)         0.009     4.930    u_counter/cnt_reg_out1_reg[0]_i_1_n_0
                         CARRY4 (Prop_carry4_CI_CO[3])
                                                      0.114     5.044 r  u_counter/cnt_reg_out1_reg[4]_i_1/CO[3]
                         net (fo=1, unplaced)         0.000     5.044    u_counter/cnt_reg_out1_reg[4]_i_1_n_0
                         CARRY4 (Prop_carry4_CI_CO[3])
                                                      0.114     5.158 f  u_counter/cnt_reg_out1_reg[8]_i_1/CO[3]
                         net (fo=1, unplaced)         0.000     5.158    u_counter/cnt_reg_out1_reg[8]_i_1_n_0
                         CARRY4 (Prop_carry4_CI_CO[3])
                                                      0.114     5.272 r  u_counter/cnt_reg_out1_reg[12]_i_1/CO[3]
                         net (fo=1, unplaced)         0.000     5.272    u_counter/cnt_reg_out1_reg[12]_i_1_n_0
                         CARRY4 (Prop_carry4_CI_CO[3])
                                                      0.114     5.386 r  u_counter/cnt_reg_out1_reg[16]_i_1/CO[3]
                         net (fo=1, unplaced)         0.000     5.386    u_counter/cnt_reg_out1_reg[16]_i_1_n_0
                         CARRY4 (Prop_carry4_CI_O[1])
                                                      0.348     5.734 r  u_counter/cnt_reg_out1_reg[20]_i_1/O[1]
                         net (fo=1, unplaced)         0.000     5.734    u_counter/cnt_reg_out1_reg[20]_i_1_n_6
                         FDCE                                         r  u_counter/cnt_reg_out1_reg[21]/D
  -------------------------------------------------------------------    -------------------

                         (clock MWCLK rise edge)     10.000    10.000 r  
                                                      0.000    10.000 r  clk (IN)
                         net (fo=31, unset)           0.924    10.924    u_counter/clk
                         FDCE                                         r  u_counter/cnt_reg_out1_reg[21]/C
                         clock pessimism              0.000    10.924    
                         clock uncertainty           -0.035    10.889    
                         FDCE (Setup_fdce_C_D)        0.062    10.951    u_counter/cnt_reg_out1_reg[21]
  -------------------------------------------------------------------
                         required time                         10.951    
                         arrival time                          -5.734    
  -------------------------------------------------------------------
                         slack                                  5.217    





Min Delay Paths
--------------------------------------------------------------------------------------
Slack (MET) :             0.277ns  (arrival time - required time)
  Source:                 u_flash_led_ctl/pattern_reg_out1_reg[7]/C
                            (rising edge-triggered cell FDCE clocked by MWCLK  {rise@0.000ns fall@5.000ns period=10.000ns})
  Destination:            u_flash_led_ctl/pattern_reg_out1_reg[0]/D
                            (rising edge-triggered cell FDPE clocked by MWCLK  {rise@0.000ns fall@5.000ns period=10.000ns})
  Path Group:             MWCLK
  Path Type:              Hold (Min at Fast Process Corner)
  Requirement:            0.000ns  (MWCLK rise@0.000ns - MWCLK rise@0.000ns)
  Data Path Delay:        0.282ns  (logic 0.141ns (50.038%)  route 0.141ns (49.962%))
  Logic Levels:           0  
  Clock Path Skew:        0.022ns (DCD - SCD - CPR)
    Destination Clock Delay (DCD):    0.432ns
    Source Clock Delay      (SCD):    0.410ns
    Clock Pessimism Removal (CPR):    -0.000ns

    Location             Delay type                Incr(ns)  Path(ns)    Netlist Resource(s)
  -------------------------------------------------------------------    -------------------
                         (clock MWCLK rise edge)      0.000     0.000 r  
                                                      0.000     0.000 r  clk (IN)
                         net (fo=31, unset)           0.410     0.410    u_flash_led_ctl/clk
                         FDCE                                         r  u_flash_led_ctl/pattern_reg_out1_reg[7]/C
  -------------------------------------------------------------------    -------------------
                         FDCE (Prop_fdce_C_Q)         0.141     0.551 r  u_flash_led_ctl/pattern_reg_out1_reg[7]/Q
                         net (fo=1, unplaced)         0.141     0.692    u_flash_led_ctl/led[7]
                         FDPE                                         r  u_flash_led_ctl/pattern_reg_out1_reg[0]/D
  -------------------------------------------------------------------    -------------------

                         (clock MWCLK rise edge)      0.000     0.000 r  
                                                      0.000     0.000 r  clk (IN)
                         net (fo=31, unset)           0.432     0.432    u_flash_led_ctl/clk
                         FDPE                                         r  u_flash_led_ctl/pattern_reg_out1_reg[0]/C
                         clock pessimism              0.000     0.432    
                         FDPE (Hold_fdpe_C_D)        -0.017     0.415    u_flash_led_ctl/pattern_reg_out1_reg[0]
  -------------------------------------------------------------------
                         required time                         -0.415    
                         arrival time                           0.692    
  -------------------------------------------------------------------
                         slack                                  0.277    

Slack (MET) :             0.277ns  (arrival time - required time)
  Source:                 u_flash_led_ctl/pattern_reg_out1_reg[7]/C
                            (rising edge-triggered cell FDCE clocked by MWCLK  {rise@0.000ns fall@5.000ns period=10.000ns})
  Destination:            u_flash_led_ctl/pattern_reg_out1_reg[0]/D
                            (rising edge-triggered cell FDPE clocked by MWCLK  {rise@0.000ns fall@5.000ns period=10.000ns})
  Path Group:             MWCLK
  Path Type:              Hold (Min at Fast Process Corner)
  Requirement:            0.000ns  (MWCLK rise@0.000ns - MWCLK rise@0.000ns)
  Data Path Delay:        0.282ns  (logic 0.141ns (50.038%)  route 0.141ns (49.962%))
  Logic Levels:           0  
  Clock Path Skew:        0.022ns (DCD - SCD - CPR)
    Destination Clock Delay (DCD):    0.432ns
    Source Clock Delay      (SCD):    0.410ns
    Clock Pessimism Removal (CPR):    -0.000ns

    Location             Delay type                Incr(ns)  Path(ns)    Netlist Resource(s)
  -------------------------------------------------------------------    -------------------
                         (clock MWCLK rise edge)      0.000     0.000 r  
                                                      0.000     0.000 r  clk (IN)
                         net (fo=31, unset)           0.410     0.410    u_flash_led_ctl/clk
                         FDCE                                         r  u_flash_led_ctl/pattern_reg_out1_reg[7]/C
  -------------------------------------------------------------------    -------------------
                         FDCE (Prop_fdce_C_Q)         0.141     0.551 f  u_flash_led_ctl/pattern_reg_out1_reg[7]/Q
                         net (fo=1, unplaced)         0.141     0.692    u_flash_led_ctl/led[7]
                         FDPE                                         f  u_flash_led_ctl/pattern_reg_out1_reg[0]/D
  -------------------------------------------------------------------    -------------------

                         (clock MWCLK rise edge)      0.000     0.000 r  
                                                      0.000     0.000 r  clk (IN)
                         net (fo=31, unset)           0.432     0.432    u_flash_led_ctl/clk
                         FDPE                                         r  u_flash_led_ctl/pattern_reg_out1_reg[0]/C
                         clock pessimism              0.000     0.432    
                         FDPE (Hold_fdpe_C_D)        -0.017     0.415    u_flash_led_ctl/pattern_reg_out1_reg[0]
  -------------------------------------------------------------------
                         required time                         -0.415    
                         arrival time                           0.692    
  -------------------------------------------------------------------
                         slack                                  0.277    

Slack (MET) :             0.277ns  (arrival time - required time)
  Source:                 u_flash_led_ctl/pattern_reg_out1_reg[0]/C
                            (rising edge-triggered cell FDPE clocked by MWCLK  {rise@0.000ns fall@5.000ns period=10.000ns})
  Destination:            u_flash_led_ctl/pattern_reg_out1_reg[1]/D
                            (rising edge-triggered cell FDCE clocked by MWCLK  {rise@0.000ns fall@5.000ns period=10.000ns})
  Path Group:             MWCLK
  Path Type:              Hold (Min at Fast Process Corner)
  Requirement:            0.000ns  (MWCLK rise@0.000ns - MWCLK rise@0.000ns)
  Data Path Delay:        0.282ns  (logic 0.141ns (50.038%)  route 0.141ns (49.962%))
  Logic Levels:           0  
  Clock Path Skew:        0.022ns (DCD - SCD - CPR)
    Destination Clock Delay (DCD):    0.432ns
    Source Clock Delay      (SCD):    0.410ns
    Clock Pessimism Removal (CPR):    -0.000ns

    Location             Delay type                Incr(ns)  Path(ns)    Netlist Resource(s)
  -------------------------------------------------------------------    -------------------
                         (clock MWCLK rise edge)      0.000     0.000 r  
                                                      0.000     0.000 r  clk (IN)
                         net (fo=31, unset)           0.410     0.410    u_flash_led_ctl/clk
                         FDPE                                         r  u_flash_led_ctl/pattern_reg_out1_reg[0]/C
  -------------------------------------------------------------------    -------------------
                         FDPE (Prop_fdpe_C_Q)         0.141     0.551 r  u_flash_led_ctl/pattern_reg_out1_reg[0]/Q
                         net (fo=1, unplaced)         0.141     0.692    u_flash_led_ctl/led[0]
                         FDCE                                         r  u_flash_led_ctl/pattern_reg_out1_reg[1]/D
  -------------------------------------------------------------------    -------------------

                         (clock MWCLK rise edge)      0.000     0.000 r  
                                                      0.000     0.000 r  clk (IN)
                         net (fo=31, unset)           0.432     0.432    u_flash_led_ctl/clk
                         FDCE                                         r  u_flash_led_ctl/pattern_reg_out1_reg[1]/C
                         clock pessimism              0.000     0.432    
                         FDCE (Hold_fdce_C_D)        -0.017     0.415    u_flash_led_ctl/pattern_reg_out1_reg[1]
  -------------------------------------------------------------------
                         required time                         -0.415    
                         arrival time                           0.692    
  -------------------------------------------------------------------
                         slack                                  0.277    





Pulse Width Checks
--------------------------------------------------------------------------------------
Clock Name:         MWCLK
Waveform(ns):       { 0.000 5.000 }
Period(ns):         10.000
Sources:            { clk }

Check Type        Corner  Lib Pin  Reference Pin  Required(ns)  Actual(ns)  Slack(ns)  Location  Pin
Min Period        n/a     FDCE/C   n/a            1.000         10.000      9.000                u_counter/cnt_reg_out1_reg[0]/C
Min Period        n/a     FDCE/C   n/a            1.000         10.000      9.000                u_counter/cnt_reg_out1_reg[10]/C
Min Period        n/a     FDCE/C   n/a            1.000         10.000      9.000                u_counter/cnt_reg_out1_reg[11]/C
Low Pulse Width   Slow    FDCE/C   n/a            0.500         5.000       4.500                u_counter/cnt_reg_out1_reg[0]/C
Low Pulse Width   Fast    FDCE/C   n/a            0.500         5.000       4.500                u_counter/cnt_reg_out1_reg[0]/C
Low Pulse Width   Slow    FDCE/C   n/a            0.500         5.000       4.500                u_counter/cnt_reg_out1_reg[10]/C
High Pulse Width  Slow    FDCE/C   n/a            0.500         5.000       4.500                u_counter/cnt_reg_out1_reg[0]/C
High Pulse Width  Fast    FDCE/C   n/a            0.500         5.000       4.500                u_counter/cnt_reg_out1_reg[0]/C
High Pulse Width  Slow    FDCE/C   n/a            0.500         5.000       4.500                u_counter/cnt_reg_out1_reg[10]/C



--------------------------------------------------------------------------------------
Path Group:  (none)
From Clock:  MWCLK
  To Clock:  

Max Delay             8 Endpoints
Min Delay             8 Endpoints
--------------------------------------------------------------------------------------


Max Delay Paths
--------------------------------------------------------------------------------------
Slack:                    inf
  Source:                 u_flash_led_ctl/pattern_reg_out1_reg[0]/C
                            (rising edge-triggered cell FDPE clocked by MWCLK  {rise@0.000ns fall@5.000ns period=10.000ns})
  Destination:            led[0]
                            (output port)
  Path Group:             (none)
  Path Type:              Max at Slow Process Corner
  Data Path Delay:        1.429ns  (logic 0.456ns (31.910%)  route 0.973ns (68.090%))
  Logic Levels:           0  
  Clock Uncertainty:      0.025ns  ((TSJ^2 + TIJ^2)^1/2 + DJ) / 2 + PE
    Total System Jitter     (TSJ):    0.050ns
    Total Input Jitter      (TIJ):    0.000ns
    Discrete Jitter          (DJ):    0.000ns
    Phase Error              (PE):    0.000ns

    Location             Delay type                Incr(ns)  Path(ns)    Netlist Resource(s)
  -------------------------------------------------------------------    -------------------
                         (clock MWCLK rise edge)      0.000     0.000 r  
                                                      0.000     0.000 r  clk (IN)
                         net (fo=31, unset)           0.973     0.973    u_flash_led_ctl/clk
                         FDPE                                         r  u_flash_led_ctl/pattern_reg_out1_reg[0]/C
  -------------------------------------------------------------------    -------------------
                         FDPE (Prop_fdpe_C_Q)         0.456     1.429 r  u_flash_led_ctl/pattern_reg_out1_reg[0]/Q
                         net (fo=1, unset)            0.973     2.402    led[0]
                                                                      r  led[0] (OUT)
  -------------------------------------------------------------------    -------------------

Slack:                    inf
  Source:                 u_flash_led_ctl/pattern_reg_out1_reg[0]/C
                            (rising edge-triggered cell FDPE clocked by MWCLK  {rise@0.000ns fall@5.000ns period=10.000ns})
  Destination:            led[0]
                            (output port)
  Path Group:             (none)
  Path Type:              Max at Slow Process Corner
  Data Path Delay:        1.429ns  (logic 0.456ns (31.910%)  route 0.973ns (68.090%))
  Logic Levels:           0  
  Clock Uncertainty:      0.025ns  ((TSJ^2 + TIJ^2)^1/2 + DJ) / 2 + PE
    Total System Jitter     (TSJ):    0.050ns
    Total Input Jitter      (TIJ):    0.000ns
    Discrete Jitter          (DJ):    0.000ns
    Phase Error              (PE):    0.000ns

    Location             Delay type                Incr(ns)  Path(ns)    Netlist Resource(s)
  -------------------------------------------------------------------    -------------------
                         (clock MWCLK rise edge)      0.000     0.000 r  
                                                      0.000     0.000 r  clk (IN)
                         net (fo=31, unset)           0.973     0.973    u_flash_led_ctl/clk
                         FDPE                                         r  u_flash_led_ctl/pattern_reg_out1_reg[0]/C
  -------------------------------------------------------------------    -------------------
                         FDPE (Prop_fdpe_C_Q)         0.456     1.429 f  u_flash_led_ctl/pattern_reg_out1_reg[0]/Q
                         net (fo=1, unset)            0.973     2.402    led[0]
                                                                      f  led[0] (OUT)
  -------------------------------------------------------------------    -------------------

Slack:                    inf
  Source:                 u_flash_led_ctl/pattern_reg_out1_reg[1]/C
                            (rising edge-triggered cell FDCE clocked by MWCLK  {rise@0.000ns fall@5.000ns period=10.000ns})
  Destination:            led[1]
                            (output port)
  Path Group:             (none)
  Path Type:              Max at Slow Process Corner
  Data Path Delay:        1.429ns  (logic 0.456ns (31.910%)  route 0.973ns (68.090%))
  Logic Levels:           0  
  Clock Uncertainty:      0.025ns  ((TSJ^2 + TIJ^2)^1/2 + DJ) / 2 + PE
    Total System Jitter     (TSJ):    0.050ns
    Total Input Jitter      (TIJ):    0.000ns
    Discrete Jitter          (DJ):    0.000ns
    Phase Error              (PE):    0.000ns

    Location             Delay type                Incr(ns)  Path(ns)    Netlist Resource(s)
  -------------------------------------------------------------------    -------------------
                         (clock MWCLK rise edge)      0.000     0.000 r  
                                                      0.000     0.000 r  clk (IN)
                         net (fo=31, unset)           0.973     0.973    u_flash_led_ctl/clk
                         FDCE                                         r  u_flash_led_ctl/pattern_reg_out1_reg[1]/C
  -------------------------------------------------------------------    -------------------
                         FDCE (Prop_fdce_C_Q)         0.456     1.429 r  u_flash_led_ctl/pattern_reg_out1_reg[1]/Q
                         net (fo=1, unset)            0.973     2.402    led[1]
                                                                      r  led[1] (OUT)
  -------------------------------------------------------------------    -------------------





Min Delay Paths
--------------------------------------------------------------------------------------
Slack:                    inf
  Source:                 u_flash_led_ctl/pattern_reg_out1_reg[0]/C
                            (rising edge-triggered cell FDPE clocked by MWCLK  {rise@0.000ns fall@5.000ns period=10.000ns})
  Destination:            led[0]
                            (output port)
  Path Group:             (none)
  Path Type:              Min at Fast Process Corner
  Data Path Delay:        0.551ns  (logic 0.141ns (25.583%)  route 0.410ns (74.417%))
  Logic Levels:           0  
  Clock Uncertainty:      0.025ns  ((TSJ^2 + TIJ^2)^1/2 + DJ) / 2 + PE
    Total System Jitter     (TSJ):    0.050ns
    Total Input Jitter      (TIJ):    0.000ns
    Discrete Jitter          (DJ):    0.000ns
    Phase Error              (PE):    0.000ns

    Location             Delay type                Incr(ns)  Path(ns)    Netlist Resource(s)
  -------------------------------------------------------------------    -------------------
                         (clock MWCLK rise edge)      0.000     0.000 r  
                                                      0.000     0.000 r  clk (IN)
                         net (fo=31, unset)           0.410     0.410    u_flash_led_ctl/clk
                         FDPE                                         r  u_flash_led_ctl/pattern_reg_out1_reg[0]/C
  -------------------------------------------------------------------    -------------------
                         FDPE (Prop_fdpe_C_Q)         0.141     0.551 r  u_flash_led_ctl/pattern_reg_out1_reg[0]/Q
                         net (fo=1, unset)            0.410     0.961    led[0]
                                                                      r  led[0] (OUT)
  -------------------------------------------------------------------    -------------------

Slack:                    inf
  Source:                 u_flash_led_ctl/pattern_reg_out1_reg[0]/C
                            (rising edge-triggered cell FDPE clocked by MWCLK  {rise@0.000ns fall@5.000ns period=10.000ns})
  Destination:            led[0]
                            (output port)
  Path Group:             (none)
  Path Type:              Min at Fast Process Corner
  Data Path Delay:        0.551ns  (logic 0.141ns (25.583%)  route 0.410ns (74.417%))
  Logic Levels:           0  
  Clock Uncertainty:      0.025ns  ((TSJ^2 + TIJ^2)^1/2 + DJ) / 2 + PE
    Total System Jitter     (TSJ):    0.050ns
    Total Input Jitter      (TIJ):    0.000ns
    Discrete Jitter          (DJ):    0.000ns
    Phase Error              (PE):    0.000ns

    Location             Delay type                Incr(ns)  Path(ns)    Netlist Resource(s)
  -------------------------------------------------------------------    -------------------
                         (clock MWCLK rise edge)      0.000     0.000 r  
                                                      0.000     0.000 r  clk (IN)
                         net (fo=31, unset)           0.410     0.410    u_flash_led_ctl/clk
                         FDPE                                         r  u_flash_led_ctl/pattern_reg_out1_reg[0]/C
  -------------------------------------------------------------------    -------------------
                         FDPE (Prop_fdpe_C_Q)         0.141     0.551 f  u_flash_led_ctl/pattern_reg_out1_reg[0]/Q
                         net (fo=1, unset)            0.410     0.961    led[0]
                                                                      f  led[0] (OUT)
  -------------------------------------------------------------------    -------------------

Slack:                    inf
  Source:                 u_flash_led_ctl/pattern_reg_out1_reg[1]/C
                            (rising edge-triggered cell FDCE clocked by MWCLK  {rise@0.000ns fall@5.000ns period=10.000ns})
  Destination:            led[1]
                            (output port)
  Path Group:             (none)
  Path Type:              Min at Fast Process Corner
  Data Path Delay:        0.551ns  (logic 0.141ns (25.583%)  route 0.410ns (74.417%))
  Logic Levels:           0  
  Clock Uncertainty:      0.025ns  ((TSJ^2 + TIJ^2)^1/2 + DJ) / 2 + PE
    Total System Jitter     (TSJ):    0.050ns
    Total Input Jitter      (TIJ):    0.000ns
    Discrete Jitter          (DJ):    0.000ns
    Phase Error              (PE):    0.000ns

    Location             Delay type                Incr(ns)  Path(ns)    Netlist Resource(s)
  -------------------------------------------------------------------    -------------------
                         (clock MWCLK rise edge)      0.000     0.000 r  
                                                      0.000     0.000 r  clk (IN)
                         net (fo=31, unset)           0.410     0.410    u_flash_led_ctl/clk
                         FDCE                                         r  u_flash_led_ctl/pattern_reg_out1_reg[1]/C
  -------------------------------------------------------------------    -------------------
                         FDCE (Prop_fdce_C_Q)         0.141     0.551 r  u_flash_led_ctl/pattern_reg_out1_reg[1]/Q
                         net (fo=1, unset)            0.410     0.961    led[1]
                                                                      r  led[1] (OUT)
  -------------------------------------------------------------------    -------------------





--------------------------------------------------------------------------------------
Path Group:  (none)
From Clock:  
  To Clock:  MWCLK

Max Delay            32 Endpoints
Min Delay            32 Endpoints
--------------------------------------------------------------------------------------


Max Delay Paths
--------------------------------------------------------------------------------------
Slack:                    inf
  Source:                 reset
                            (input port)
  Destination:            u_counter/cnt_reg_out1_reg[0]/CLR
                            (recovery check against rising-edge clock MWCLK  {rise@0.000ns fall@5.000ns period=10.000ns})
  Path Group:             (none)
  Path Type:              Recovery (Max at Slow Process Corner)
  Data Path Delay:        0.973ns  (logic 0.000ns (0.000%)  route 0.973ns (100.000%))
  Logic Levels:           0  
  Clock Path Skew:        0.924ns (DCD - SCD + CPR)
    Destination Clock Delay (DCD):    0.924ns
    Source Clock Delay      (SCD):    0.000ns
    Clock Pessimism Removal (CPR):    0.000ns
  Clock Uncertainty:      0.025ns  ((TSJ^2 + TIJ^2)^1/2 + DJ) / 2 + PE
    Total System Jitter     (TSJ):    0.050ns
    Total Input Jitter      (TIJ):    0.000ns
    Discrete Jitter          (DJ):    0.000ns
    Phase Error              (PE):    0.000ns

    Location             Delay type                Incr(ns)  Path(ns)    Netlist Resource(s)
  -------------------------------------------------------------------    -------------------
                                                      0.000     0.000 f  reset (IN)
                         net (fo=31, unset)           0.973     0.973    u_counter/reset
                         FDCE                                         f  u_counter/cnt_reg_out1_reg[0]/CLR
  -------------------------------------------------------------------    -------------------

                         (clock MWCLK rise edge)      0.000     0.000 r  
                                                      0.000     0.000 r  clk (IN)
                         net (fo=31, unset)           0.924     0.924    u_counter/clk
                         FDCE                                         r  u_counter/cnt_reg_out1_reg[0]/C

Slack:                    inf
  Source:                 reset
                            (input port)
  Destination:            u_counter/cnt_reg_out1_reg[0]/CLR
                            (recovery check against rising-edge clock MWCLK  {rise@0.000ns fall@5.000ns period=10.000ns})
  Path Group:             (none)
  Path Type:              Recovery (Max at Slow Process Corner)
  Data Path Delay:        0.973ns  (logic 0.000ns (0.000%)  route 0.973ns (100.000%))
  Logic Levels:           0  
  Clock Path Skew:        0.924ns (DCD - SCD + CPR)
    Destination Clock Delay (DCD):    0.924ns
    Source Clock Delay      (SCD):    0.000ns
    Clock Pessimism Removal (CPR):    0.000ns
  Clock Uncertainty:      0.025ns  ((TSJ^2 + TIJ^2)^1/2 + DJ) / 2 + PE
    Total System Jitter     (TSJ):    0.050ns
    Total Input Jitter      (TIJ):    0.000ns
    Discrete Jitter          (DJ):    0.000ns
    Phase Error              (PE):    0.000ns

    Location             Delay type                Incr(ns)  Path(ns)    Netlist Resource(s)
  -------------------------------------------------------------------    -------------------
                                                      0.000     0.000 f  reset (IN)
                         net (fo=31, unset)           0.973     0.973    u_counter/reset
                         FDCE                                         f  u_counter/cnt_reg_out1_reg[0]/CLR
  -------------------------------------------------------------------    -------------------

                         (clock MWCLK rise edge)      0.000     0.000 r  
                                                      0.000     0.000 r  clk (IN)
                         net (fo=31, unset)           0.924     0.924    u_counter/clk
                         FDCE                                         r  u_counter/cnt_reg_out1_reg[0]/C

Slack:                    inf
  Source:                 reset
                            (input port)
  Destination:            u_counter/cnt_reg_out1_reg[10]/CLR
                            (recovery check against rising-edge clock MWCLK  {rise@0.000ns fall@5.000ns period=10.000ns})
  Path Group:             (none)
  Path Type:              Recovery (Max at Slow Process Corner)
  Data Path Delay:        0.973ns  (logic 0.000ns (0.000%)  route 0.973ns (100.000%))
  Logic Levels:           0  
  Clock Path Skew:        0.924ns (DCD - SCD + CPR)
    Destination Clock Delay (DCD):    0.924ns
    Source Clock Delay      (SCD):    0.000ns
    Clock Pessimism Removal (CPR):    0.000ns
  Clock Uncertainty:      0.025ns  ((TSJ^2 + TIJ^2)^1/2 + DJ) / 2 + PE
    Total System Jitter     (TSJ):    0.050ns
    Total Input Jitter      (TIJ):    0.000ns
    Discrete Jitter          (DJ):    0.000ns
    Phase Error              (PE):    0.000ns

    Location             Delay type                Incr(ns)  Path(ns)    Netlist Resource(s)
  -------------------------------------------------------------------    -------------------
                                                      0.000     0.000 f  reset (IN)
                         net (fo=31, unset)           0.973     0.973    u_counter/reset
                         FDCE                                         f  u_counter/cnt_reg_out1_reg[10]/CLR
  -------------------------------------------------------------------    -------------------

                         (clock MWCLK rise edge)      0.000     0.000 r  
                                                      0.000     0.000 r  clk (IN)
                         net (fo=31, unset)           0.924     0.924    u_counter/clk
                         FDCE                                         r  u_counter/cnt_reg_out1_reg[10]/C





Min Delay Paths
--------------------------------------------------------------------------------------
Slack:                    inf
  Source:                 reset
                            (input port)
  Destination:            u_counter/cnt_reg_out1_reg[0]/CLR
                            (removal check against rising-edge clock MWCLK  {rise@0.000ns fall@5.000ns period=10.000ns})
  Path Group:             (none)
  Path Type:              Removal (Min at Fast Process Corner)
  Data Path Delay:        0.410ns  (logic 0.000ns (0.000%)  route 0.410ns (100.000%))
  Logic Levels:           0  
  Clock Path Skew:        0.432ns (DCD - SCD - CPR)
    Destination Clock Delay (DCD):    0.432ns
    Source Clock Delay      (SCD):    0.000ns
    Clock Pessimism Removal (CPR):    -0.000ns

    Location             Delay type                Incr(ns)  Path(ns)    Netlist Resource(s)
  -------------------------------------------------------------------    -------------------
                                                      0.000     0.000 f  reset (IN)
                         net (fo=31, unset)           0.410     0.410    u_counter/reset
                         FDCE                                         f  u_counter/cnt_reg_out1_reg[0]/CLR
  -------------------------------------------------------------------    -------------------

                         (clock MWCLK rise edge)      0.000     0.000 r  
                                                      0.000     0.000 r  clk (IN)
                         net (fo=31, unset)           0.432     0.432    u_counter/clk
                         FDCE                                         r  u_counter/cnt_reg_out1_reg[0]/C

Slack:                    inf
  Source:                 reset
                            (input port)
  Destination:            u_counter/cnt_reg_out1_reg[0]/CLR
                            (removal check against rising-edge clock MWCLK  {rise@0.000ns fall@5.000ns period=10.000ns})
  Path Group:             (none)
  Path Type:              Removal (Min at Fast Process Corner)
  Data Path Delay:        0.410ns  (logic 0.000ns (0.000%)  route 0.410ns (100.000%))
  Logic Levels:           0  
  Clock Path Skew:        0.432ns (DCD - SCD - CPR)
    Destination Clock Delay (DCD):    0.432ns
    Source Clock Delay      (SCD):    0.000ns
    Clock Pessimism Removal (CPR):    -0.000ns

    Location             Delay type                Incr(ns)  Path(ns)    Netlist Resource(s)
  -------------------------------------------------------------------    -------------------
                                                      0.000     0.000 f  reset (IN)
                         net (fo=31, unset)           0.410     0.410    u_counter/reset
                         FDCE                                         f  u_counter/cnt_reg_out1_reg[0]/CLR
  -------------------------------------------------------------------    -------------------

                         (clock MWCLK rise edge)      0.000     0.000 r  
                                                      0.000     0.000 r  clk (IN)
                         net (fo=31, unset)           0.432     0.432    u_counter/clk
                         FDCE                                         r  u_counter/cnt_reg_out1_reg[0]/C

Slack:                    inf
  Source:                 reset
                            (input port)
  Destination:            u_counter/cnt_reg_out1_reg[10]/CLR
                            (removal check against rising-edge clock MWCLK  {rise@0.000ns fall@5.000ns period=10.000ns})
  Path Group:             (none)
  Path Type:              Removal (Min at Fast Process Corner)
  Data Path Delay:        0.410ns  (logic 0.000ns (0.000%)  route 0.410ns (100.000%))
  Logic Levels:           0  
  Clock Path Skew:        0.432ns (DCD - SCD - CPR)
    Destination Clock Delay (DCD):    0.432ns
    Source Clock Delay      (SCD):    0.000ns
    Clock Pessimism Removal (CPR):    -0.000ns

    Location             Delay type                Incr(ns)  Path(ns)    Netlist Resource(s)
  -------------------------------------------------------------------    -------------------
                                                      0.000     0.000 f  reset (IN)
                         net (fo=31, unset)           0.410     0.410    u_counter/reset
                         FDCE                                         f  u_counter/cnt_reg_out1_reg[10]/CLR
  -------------------------------------------------------------------    -------------------

                         (clock MWCLK rise edge)      0.000     0.000 r  
                                                      0.000     0.000 r  clk (IN)
                         net (fo=31, unset)           0.432     0.432    u_counter/clk
                         FDCE                                         r  u_counter/cnt_reg_out1_reg[10]/C





