#-----------------------------------------------------------
# Vivado v2024.1 (64-bit)
# SW Build 5076996 on Wed May 22 18:37:14 MDT 2024
# IP Build 5075265 on Wed May 22 21:45:21 MDT 2024
# SharedData Build 5076995 on Wed May 22 18:29:18 MDT 2024
# Start of session at: Mon Jul 13 00:19:03 2026
# Process ID: 7416
# Current directory: C:/demo/hdl_coder_led_blinking/hdl_prj/vivado_prj
# Command line: vivado.exe -mode batch -notrace -source flash_led_top_Xilinx_Vivado_run.tcl
# Log file: C:/demo/hdl_coder_led_blinking/hdl_prj/vivado_prj/vivado.log
# Journal file: C:/demo/hdl_coder_led_blinking/hdl_prj/vivado_prj\vivado.jou
# Running On        :TS-93724
# Platform          :Windows Server 2016 or Windows 10
# Operating System  :26200
# Processor Detail  :11th Gen Intel(R) Core(TM) i7-1165G7 @ 2.80GHz
# CPU Frequency     :2803 MHz
# CPU Physical cores:4
# CPU Logical cores :8
# Host memory       :34069 MB
# Swap memory       :40802 MB
# Total Virtual     :74871 MB
# Available Virtual :26810 MB
#-----------------------------------------------------------
source flash_led_top_Xilinx_Vivado_run.tcl -notrace
### Open existing Xilinx Vivado 2024.1 project hdl_prj\vivado_prj\flash_led_top_vivado.xpr
INFO: [filemgmt 56-3] Default IP Output Path : Could not find the directory 'C:/demo/hdl_coder_led_blinking/hdl_prj/vivado_prj/flash_led_top_vivado.gen/sources_1'.
Scanning sources...
Finished scanning sources
open_project: Time (s): cpu = 00:00:09 ; elapsed = 00:00:09 . Memory (MB): peak = 629.531 ; gain = 201.504
### Running Synthesis in Xilinx Vivado 2024.1 ...
WARNING: [Vivado 12-7122] Auto Incremental Compile:: No reference checkpoint was found in run synth_1. Auto-incremental flow will not be run, the standard flow will be run instead.
[Mon Jul 13 00:19:19 2026] Launched synth_1...
Run output will be captured here: C:/demo/hdl_coder_led_blinking/hdl_prj/vivado_prj/flash_led_top_vivado.runs/synth_1/runme.log
[Mon Jul 13 00:19:19 2026] Waiting for synth_1 to finish...

*** Running vivado
    with args -log flash_led_top.vds -m64 -product Vivado -mode batch -messageDb vivado.pb -notrace -source flash_led_top.tcl



****** Vivado v2024.1 (64-bit)
  **** SW Build 5076996 on Wed May 22 18:37:14 MDT 2024
  **** IP Build 5075265 on Wed May 22 21:45:21 MDT 2024
  **** SharedData Build 5076995 on Wed May 22 18:29:18 MDT 2024
  **** Start of session at: Mon Jul 13 00:19:22 2026
    ** Copyright 1986-2022 Xilinx, Inc. All Rights Reserved.
    ** Copyright 2022-2024 Advanced Micro Devices, Inc. All Rights Reserved.

source flash_led_top.tcl -notrace
create_project: Time (s): cpu = 00:00:08 ; elapsed = 00:00:09 . Memory (MB): peak = 629.281 ; gain = 199.707
Command: synth_design -top flash_led_top -part xc7a35ticsg324-1L -mode out_of_context
Starting synth_design
Attempting to get a license for feature 'Synthesis' and/or device 'xc7a35ti'
INFO: [Common 17-349] Got license for feature 'Synthesis' and/or device 'xc7a35ti'
INFO: [Device 21-403] Loading part xc7a35ticsg324-1L
INFO: [Device 21-9227] Part: xc7a35ticsg324-1L does not have CEAM library.
INFO: [Synth 8-7079] Multithreading enabled for synth_design using a maximum of 2 processes.
INFO: [Synth 8-7078] Launching helper process for spawning children vivado processes
INFO: [Synth 8-7075] Helper process launched with PID 6544
---------------------------------------------------------------------------------
Starting RTL Elaboration : Time (s): cpu = 00:00:05 ; elapsed = 00:00:06 . Memory (MB): peak = 1479.426 ; gain = 446.395
---------------------------------------------------------------------------------
INFO: [Synth 8-638] synthesizing module 'flash_led_top' [C:/demo/hdl_coder_led_blinking/hdl_prj/hdlsrc/flash_led/flash_led_top.vhd:38]
INFO: [Synth 8-3491] module 'counter' declared at 'C:/demo/hdl_coder_led_blinking/hdl_prj/hdlsrc/flash_led/counter.vhd:23' bound to instance 'u_counter' of component 'counter' [C:/demo/hdl_coder_led_blinking/hdl_prj/hdlsrc/flash_led/flash_led_top.vhd:68]
INFO: [Synth 8-638] synthesizing module 'counter' [C:/demo/hdl_coder_led_blinking/hdl_prj/hdlsrc/flash_led/counter.vhd:31]
INFO: [Synth 8-256] done synthesizing module 'counter' (0#1) [C:/demo/hdl_coder_led_blinking/hdl_prj/hdlsrc/flash_led/counter.vhd:31]
INFO: [Synth 8-3491] module 'flash_led_ctl' declared at 'C:/demo/hdl_coder_led_blinking/hdl_prj/hdlsrc/flash_led/flash_led_ctl.vhd:23' bound to instance 'u_flash_led_ctl' of component 'flash_led_ctl' [C:/demo/hdl_coder_led_blinking/hdl_prj/hdlsrc/flash_led/flash_led_top.vhd:74]
INFO: [Synth 8-638] synthesizing module 'flash_led_ctl' [C:/demo/hdl_coder_led_blinking/hdl_prj/hdlsrc/flash_led/flash_led_ctl.vhd:32]
INFO: [Synth 8-256] done synthesizing module 'flash_led_ctl' (0#1) [C:/demo/hdl_coder_led_blinking/hdl_prj/hdlsrc/flash_led/flash_led_ctl.vhd:32]
INFO: [Synth 8-256] done synthesizing module 'flash_led_top' (0#1) [C:/demo/hdl_coder_led_blinking/hdl_prj/hdlsrc/flash_led/flash_led_top.vhd:38]
---------------------------------------------------------------------------------
Finished RTL Elaboration : Time (s): cpu = 00:00:07 ; elapsed = 00:00:08 . Memory (MB): peak = 1588.180 ; gain = 555.148
---------------------------------------------------------------------------------
---------------------------------------------------------------------------------
Start Handling Custom Attributes
---------------------------------------------------------------------------------
---------------------------------------------------------------------------------
Finished Handling Custom Attributes : Time (s): cpu = 00:00:07 ; elapsed = 00:00:08 . Memory (MB): peak = 1588.180 ; gain = 555.148
---------------------------------------------------------------------------------
---------------------------------------------------------------------------------
Finished RTL Optimization Phase 1 : Time (s): cpu = 00:00:07 ; elapsed = 00:00:08 . Memory (MB): peak = 1588.180 ; gain = 555.148
---------------------------------------------------------------------------------
Netlist sorting complete. Time (s): cpu = 00:00:00 ; elapsed = 00:00:00.001 . Memory (MB): peak = 1588.180 ; gain = 0.000
INFO: [Project 1-570] Preparing netlist for logic optimization

Processing XDC Constraints
Initializing timing engine
Parsing XDC File [C:/demo/hdl_coder_led_blinking/hdl_prj/hdlsrc/flash_led/clock_constraint.xdc]
Finished Parsing XDC File [C:/demo/hdl_coder_led_blinking/hdl_prj/hdlsrc/flash_led/clock_constraint.xdc]
Completed Processing XDC Constraints

Netlist sorting complete. Time (s): cpu = 00:00:00 ; elapsed = 00:00:00 . Memory (MB): peak = 1660.027 ; gain = 0.000
INFO: [Project 1-111] Unisim Transformation Summary:
No Unisim elements were transformed.

Constraint Validation Runtime : Time (s): cpu = 00:00:00 ; elapsed = 00:00:00.019 . Memory (MB): peak = 1660.051 ; gain = 0.023
---------------------------------------------------------------------------------
Finished Constraint Validation : Time (s): cpu = 00:00:14 ; elapsed = 00:00:15 . Memory (MB): peak = 1660.051 ; gain = 627.020
---------------------------------------------------------------------------------
---------------------------------------------------------------------------------
Start Loading Part and Timing Information
---------------------------------------------------------------------------------
Loading part: xc7a35ticsg324-1L
---------------------------------------------------------------------------------
Finished Loading Part and Timing Information : Time (s): cpu = 00:00:14 ; elapsed = 00:00:15 . Memory (MB): peak = 1660.051 ; gain = 627.020
---------------------------------------------------------------------------------
---------------------------------------------------------------------------------
Start Applying 'set_property' XDC Constraints
---------------------------------------------------------------------------------
---------------------------------------------------------------------------------
Finished applying 'set_property' XDC Constraints : Time (s): cpu = 00:00:14 ; elapsed = 00:00:15 . Memory (MB): peak = 1660.051 ; gain = 627.020
---------------------------------------------------------------------------------
---------------------------------------------------------------------------------
Finished RTL Optimization Phase 2 : Time (s): cpu = 00:00:14 ; elapsed = 00:00:16 . Memory (MB): peak = 1660.051 ; gain = 627.020
---------------------------------------------------------------------------------
---------------------------------------------------------------------------------
Start RTL Component Statistics 
---------------------------------------------------------------------------------
Detailed RTL Component Info : 
+---Registers : 
	                8 Bit    Registers := 1     
	                1 Bit    Registers := 1     
---------------------------------------------------------------------------------
Finished RTL Component Statistics 
---------------------------------------------------------------------------------
---------------------------------------------------------------------------------
Start Part Resource Summary
---------------------------------------------------------------------------------
Part Resources:
DSPs: 90 (col length:60)
BRAMs: 100 (col length: RAMB18 60 RAMB36 30)
---------------------------------------------------------------------------------
Finished Part Resource Summary
---------------------------------------------------------------------------------
---------------------------------------------------------------------------------
Start Cross Boundary and Area Optimization
---------------------------------------------------------------------------------
WARNING: [Synth 8-7080] Parallel synthesis criteria is not met
---------------------------------------------------------------------------------
Finished Cross Boundary and Area Optimization : Time (s): cpu = 00:00:16 ; elapsed = 00:00:18 . Memory (MB): peak = 1660.051 ; gain = 627.020
---------------------------------------------------------------------------------
---------------------------------------------------------------------------------
Start Applying XDC Timing Constraints
---------------------------------------------------------------------------------
---------------------------------------------------------------------------------
Finished Applying XDC Timing Constraints : Time (s): cpu = 00:00:22 ; elapsed = 00:00:24 . Memory (MB): peak = 1660.051 ; gain = 627.020
---------------------------------------------------------------------------------
---------------------------------------------------------------------------------
Start Timing Optimization
---------------------------------------------------------------------------------
---------------------------------------------------------------------------------
Finished Timing Optimization : Time (s): cpu = 00:00:22 ; elapsed = 00:00:24 . Memory (MB): peak = 1660.051 ; gain = 627.020
---------------------------------------------------------------------------------
---------------------------------------------------------------------------------
Start Technology Mapping
---------------------------------------------------------------------------------
---------------------------------------------------------------------------------
Finished Technology Mapping : Time (s): cpu = 00:00:22 ; elapsed = 00:00:24 . Memory (MB): peak = 1660.051 ; gain = 627.020
---------------------------------------------------------------------------------
---------------------------------------------------------------------------------
Start IO Insertion
---------------------------------------------------------------------------------
---------------------------------------------------------------------------------
Start Flattening Before IO Insertion
---------------------------------------------------------------------------------
---------------------------------------------------------------------------------
Finished Flattening Before IO Insertion
---------------------------------------------------------------------------------
---------------------------------------------------------------------------------
Start Final Netlist Cleanup
---------------------------------------------------------------------------------
---------------------------------------------------------------------------------
Finished Final Netlist Cleanup
---------------------------------------------------------------------------------
---------------------------------------------------------------------------------
Finished IO Insertion : Time (s): cpu = 00:00:27 ; elapsed = 00:00:29 . Memory (MB): peak = 1660.051 ; gain = 627.020
---------------------------------------------------------------------------------
---------------------------------------------------------------------------------
Start Renaming Generated Instances
---------------------------------------------------------------------------------
---------------------------------------------------------------------------------
Finished Renaming Generated Instances : Time (s): cpu = 00:00:27 ; elapsed = 00:00:29 . Memory (MB): peak = 1660.051 ; gain = 627.020
---------------------------------------------------------------------------------
---------------------------------------------------------------------------------
Start Rebuilding User Hierarchy
---------------------------------------------------------------------------------
---------------------------------------------------------------------------------
Finished Rebuilding User Hierarchy : Time (s): cpu = 00:00:27 ; elapsed = 00:00:29 . Memory (MB): peak = 1660.051 ; gain = 627.020
---------------------------------------------------------------------------------
---------------------------------------------------------------------------------
Start Renaming Generated Ports
---------------------------------------------------------------------------------
---------------------------------------------------------------------------------
Finished Renaming Generated Ports : Time (s): cpu = 00:00:27 ; elapsed = 00:00:29 . Memory (MB): peak = 1660.051 ; gain = 627.020
---------------------------------------------------------------------------------
---------------------------------------------------------------------------------
Start Handling Custom Attributes
---------------------------------------------------------------------------------
---------------------------------------------------------------------------------
Finished Handling Custom Attributes : Time (s): cpu = 00:00:27 ; elapsed = 00:00:29 . Memory (MB): peak = 1660.051 ; gain = 627.020
---------------------------------------------------------------------------------
---------------------------------------------------------------------------------
Start Renaming Generated Nets
---------------------------------------------------------------------------------
---------------------------------------------------------------------------------
Finished Renaming Generated Nets : Time (s): cpu = 00:00:27 ; elapsed = 00:00:29 . Memory (MB): peak = 1660.051 ; gain = 627.020
---------------------------------------------------------------------------------
---------------------------------------------------------------------------------
Start Writing Synthesis Report
---------------------------------------------------------------------------------

Report BlackBoxes: 
+-+--------------+----------+
| |BlackBox name |Instances |
+-+--------------+----------+
+-+--------------+----------+

Report Cell Usage: 
+------+-------+------+
|      |Cell   |Count |
+------+-------+------+
|1     |CARRY4 |     6|
|2     |LUT4   |     3|
|3     |LUT5   |    24|
|4     |LUT6   |     5|
|5     |FDCE   |    31|
|6     |FDPE   |     1|
+------+-------+------+
---------------------------------------------------------------------------------
Finished Writing Synthesis Report : Time (s): cpu = 00:00:27 ; elapsed = 00:00:29 . Memory (MB): peak = 1660.051 ; gain = 627.020
---------------------------------------------------------------------------------
Synthesis finished with 0 errors, 0 critical warnings and 1 warnings.
Synthesis Optimization Runtime : Time (s): cpu = 00:00:19 ; elapsed = 00:00:27 . Memory (MB): peak = 1660.051 ; gain = 555.148
Synthesis Optimization Complete : Time (s): cpu = 00:00:27 ; elapsed = 00:00:29 . Memory (MB): peak = 1660.051 ; gain = 627.020
INFO: [Project 1-571] Translating synthesized netlist
Netlist sorting complete. Time (s): cpu = 00:00:00 ; elapsed = 00:00:00.001 . Memory (MB): peak = 1660.051 ; gain = 0.000
INFO: [Netlist 29-17] Analyzing 6 Unisim elements for replacement
INFO: [Netlist 29-28] Unisim Transformation completed in 0 CPU seconds
INFO: [Project 1-570] Preparing netlist for logic optimization
INFO: [Opt 31-138] Pushed 0 inverter(s) to 0 load pin(s).
Netlist sorting complete. Time (s): cpu = 00:00:00 ; elapsed = 00:00:00 . Memory (MB): peak = 1660.051 ; gain = 0.000
INFO: [Project 1-111] Unisim Transformation Summary:
No Unisim elements were transformed.

Synth Design complete | Checksum: 16bfe1fa
INFO: [Common 17-83] Releasing license: Synthesis
23 Infos, 1 Warnings, 0 Critical Warnings and 0 Errors encountered.
synth_design completed successfully
synth_design: Time (s): cpu = 00:00:33 ; elapsed = 00:00:35 . Memory (MB): peak = 1660.051 ; gain = 1030.770
Write ShapeDB Complete: Time (s): cpu = 00:00:00 ; elapsed = 00:00:00.001 . Memory (MB): peak = 1660.051 ; gain = 0.000
INFO: [Common 17-1381] The checkpoint 'C:/demo/hdl_coder_led_blinking/hdl_prj/vivado_prj/flash_led_top_vivado.runs/synth_1/flash_led_top.dcp' has been generated.
INFO: [Vivado 12-24828] Executing command : report_utilization -file flash_led_top_utilization_synth.rpt -pb flash_led_top_utilization_synth.pb
INFO: [Common 17-206] Exiting Vivado at Mon Jul 13 00:20:12 2026...
[Mon Jul 13 00:20:14 2026] synth_1 finished
wait_on_runs: Time (s): cpu = 00:00:00 ; elapsed = 00:00:55 . Memory (MB): peak = 634.762 ; gain = 0.000
### Synthesis Complete.
### Running PostMapTiming in Xilinx Vivado 2024.1 ...
Design is defaulting to impl run constrset: constrs_1
Design is defaulting to synth run part: xc7a35ticsg324-1L
INFO: [Device 21-403] Loading part xc7a35ticsg324-1L
INFO: [Device 21-9227] Part: xc7a35ticsg324-1L does not have CEAM library.
Netlist sorting complete. Time (s): cpu = 00:00:00 ; elapsed = 00:00:00 . Memory (MB): peak = 1034.711 ; gain = 0.000
INFO: [Netlist 29-17] Analyzing 6 Unisim elements for replacement
INFO: [Netlist 29-28] Unisim Transformation completed in 0 CPU seconds
INFO: [Project 1-479] Netlist was created with Vivado 2024.1
INFO: [Project 1-570] Preparing netlist for logic optimization
Parsing XDC File [C:/demo/hdl_coder_led_blinking/hdl_prj/hdlsrc/flash_led/clock_constraint.xdc]
Finished Parsing XDC File [C:/demo/hdl_coder_led_blinking/hdl_prj/hdlsrc/flash_led/clock_constraint.xdc]
INFO: [Opt 31-138] Pushed 0 inverter(s) to 0 load pin(s).
Netlist sorting complete. Time (s): cpu = 00:00:00 ; elapsed = 00:00:00 . Memory (MB): peak = 1157.930 ; gain = 0.000
INFO: [Project 1-111] Unisim Transformation Summary:
No Unisim elements were transformed.

open_run: Time (s): cpu = 00:00:04 ; elapsed = 00:00:06 . Memory (MB): peak = 1161.969 ; gain = 527.207
WARNING: [Common 17-708] report_timing_summary: The '-name' option will be ignored because it is only relevant in GUI mode.
INFO: [Timing 38-35] Done setting XDC timing constraints.
INFO: [Timing 38-91] UpdateTimingParams: Speed grade: -1L, Delay Type: min_max.
INFO: [Timing 38-191] Multithreading enabled for timing update using a maximum of 2 CPUs
WARNING: [Timing 38-242] The property HD.CLK_SRC of clock port "clk" is not set. In out-of-context mode, this prevents timing estimation for clock delay/skew
Resolution: Set the HD.CLK_SRC property of the out-of-context port to the location of the clock buffer instance in the top-level design
report_timing_summary: Time (s): cpu = 00:00:07 ; elapsed = 00:00:07 . Memory (MB): peak = 1694.879 ; gain = 532.910
### PostMapTiming Complete.
### Close Xilinx Vivado 2024.1 project.
INFO: [Common 17-206] Exiting Vivado at Mon Jul 13 00:20:27 2026...
