Vivado Simulator v2024.1
Copyright 1986-2022 Xilinx, Inc. All Rights Reserved.
Copyright 2022-2024 Advanced Micro Devices, Inc. All Rights Reserved.
Running: C:/Xilinx/Vivado/2024.1/bin/unwrapped/win64.o/xelab.exe -debug typical work.fft8_dut_tb -s fft8gen_sim 
Multi-threading is on. Using 6 slave threads.
Starting static elaboration
Completed static elaboration
Starting simulation data flow analysis
Completed simulation data flow analysis
Time Resolution for simulation is 1ps
Compiling package std.standard
Compiling package std.textio
Compiling package ieee.std_logic_1164
Compiling package ieee.std_logic_textio
Compiling package ieee.numeric_std
Compiling package work.fft8_dut_pkg
Compiling package work.fft8_dut_tb_pkg
Compiling architecture rtl of entity work.RADIX22FFT_CTRL1_1 [radix22fft_ctrl1_1_default]
Compiling architecture rtl of entity work.SimpleDualPortRAM_generic [\SimpleDualPortRAM_generic(addrw...]
Compiling architecture rtl of entity work.SimpleDualPortRAM_generic [\SimpleDualPortRAM_generic(addrw...]
Compiling architecture rtl of entity work.SDFCommutator1 [sdfcommutator1_default]
Compiling architecture rtl of entity work.RADIX22FFT_SDF1_1 [radix22fft_sdf1_1_default]
Compiling architecture rtl of entity work.RADIX22FFT_CTRL1_2 [radix22fft_ctrl1_2_default]
Compiling architecture rtl of entity work.SimpleDualPortRAM_generic [\SimpleDualPortRAM_generic(addrw...]
Compiling architecture rtl of entity work.SDFCommutator2 [sdfcommutator2_default]
Compiling architecture rtl of entity work.RADIX22FFT_SDF2_2 [radix22fft_sdf2_2_default]
Compiling architecture rtl of entity work.TWDLROM_3_1 [twdlrom_3_1_default]
Compiling architecture rtl of entity work.RADIX22FFT_CTRL1_1_block [radix22fft_ctrl1_1_block_default]
Compiling architecture rtl of entity work.Complex4Multiply [complex4multiply_default]
Compiling architecture rtl of entity work.SimpleDualPortRAM_generic [\SimpleDualPortRAM_generic(addrw...]
Compiling architecture rtl of entity work.SDFCommutator3 [sdfcommutator3_default]
Compiling architecture rtl of entity work.RADIX22FFT_SDF1_3 [radix22fft_sdf1_3_default]
Compiling architecture rtl of entity work.RADIX2FFT_bitNatural [radix2fft_bitnatural_default]
Compiling architecture rtl of entity work.FFT [fft_default]
Compiling architecture rtl of entity work.fft8_dut [fft8_dut_default]
Compiling architecture rtl of entity work.fft8_dut_tb
Built simulation snapshot fft8gen_sim
