#-----------------------------------------------------------
# xsim v2024.1 (64-bit)
# SW Build 5076996 on Wed May 22 18:37:14 MDT 2024
# IP Build 5075265 on Wed May 22 21:45:21 MDT 2024
# SharedData Build 5076995 on Wed May 22 18:29:18 MDT 2024
# Start of session at: Wed Jul 15 17:08:56 2026
# Process ID: 33736
# Current directory: C:/demo/hdl_coder_led_blinking/FFT_Comparison/MathWorks/hdlsrc/fft8
# Command line: xsim.exe -mode tcl -source {xsim.dir/fft8gen_sim/xsim_script.tcl}
# Log file: C:/demo/hdl_coder_led_blinking/FFT_Comparison/MathWorks/hdlsrc/fft8/xsim.log
# Journal file: C:/demo/hdl_coder_led_blinking/FFT_Comparison/MathWorks/hdlsrc/fft8\xsim.jou
# Running On        :TS-93724
# Platform          :Windows Server 2016 or Windows 10
# Operating System  :26200
# Processor Detail  :11th Gen Intel(R) Core(TM) i7-1165G7 @ 2.80GHz
# CPU Frequency     :2803 MHz
# CPU Physical cores:4
# CPU Logical cores :8
# Host memory       :34069 MB
# Swap memory       :40802 MB
# Total Virtual     :74871 MB
# Available Virtual :34575 MB
#-----------------------------------------------------------
source xsim.dir/fft8gen_sim/xsim_script.tcl
# xsim {fft8gen_sim} -autoloadwcfg -runall
Time resolution is 1 ps
run -all
Note: **************TEST COMPLETED (PASSED)**************
Time: 710 ns  Iteration: 1  Process: /fft8_dut_tb/completed_msg  File: C:/demo/hdl_coder_led_blinking/FFT_Comparison/MathWorks/hdlsrc/fft8/fft8_dut_tb.vhd
exit
INFO: [Common 17-206] Exiting xsim at Wed Jul 15 17:09:00 2026...
