Vivado Simulator v2024.1
Copyright 1986-2022 Xilinx, Inc. All Rights Reserved.
Copyright 2022-2024 Advanced Micro Devices, Inc. All Rights Reserved.
Running: C:/Xilinx/Vivado/2024.1/bin/unwrapped/win64.o/xelab.exe -debug typical work.fft8_tb -s fft8_sim 
Multi-threading is on. Using 6 slave threads.
Starting static elaboration
Completed static elaboration
Starting simulation data flow analysis
Completed simulation data flow analysis
Time Resolution for simulation is 1ps
Compiling package std.standard
Compiling package std.textio
Compiling package ieee.std_logic_1164
Compiling package ieee.numeric_std
Compiling package ieee.std_logic_textio
Compiling package work.fft8_pkg
Compiling package std.env
Compiling architecture behavioral of entity work.fft8 [fft8_default]
Compiling architecture sim of entity work.fft8_tb
Built simulation snapshot fft8_sim
