#-----------------------------------------------------------
# xsim v2024.1 (64-bit)
# SW Build 5076996 on Wed May 22 18:37:14 MDT 2024
# IP Build 5075265 on Wed May 22 21:45:21 MDT 2024
# SharedData Build 5076995 on Wed May 22 18:29:18 MDT 2024
# Start of session at: Wed Jul 15 17:01:24 2026
# Process ID: 40652
# Current directory: C:/demo/hdl_coder_led_blinking/FFT_Comparison/AMD
# Command line: xsim.exe -mode tcl -source {xsim.dir/fft8_sim/xsim_script.tcl}
# Log file: C:/demo/hdl_coder_led_blinking/FFT_Comparison/AMD/xsim.log
# Journal file: C:/demo/hdl_coder_led_blinking/FFT_Comparison/AMD\xsim.jou
# Running On        :TS-93724
# Platform          :Windows Server 2016 or Windows 10
# Operating System  :26200
# Processor Detail  :11th Gen Intel(R) Core(TM) i7-1165G7 @ 2.80GHz
# CPU Frequency     :2803 MHz
# CPU Physical cores:4
# CPU Logical cores :8
# Host memory       :34069 MB
# Swap memory       :40802 MB
# Total Virtual     :74871 MB
# Available Virtual :36142 MB
#-----------------------------------------------------------
source xsim.dir/fft8_sim/xsim_script.tcl
# xsim {fft8_sim} -autoloadwcfg -runall
Time resolution is 1 ps
run -all
=== Hand-written 8-point FFT result ===
bin      re        im     (expected re, im)
0   0      0     (0, 0)
1   0      0     (0, 0)
2   4000      0     (4000, 0)
3   0      0     (0, 0)
4   0      0     (0, 0)
5   0      0     (0, 0)
6   4000      0     (4000, 0)
7   0      0     (0, 0)
TEST PASSED: spectrum matches (peaks at bin 2 and bin 6).
$stop called at time : 36 ns : File "C:/demo/hdl_coder_led_blinking/FFT_Comparison/AMD/fft8_tb.vhd" Line 92
exit
INFO: [Common 17-206] Exiting xsim at Wed Jul 15 17:01:31 2026...
