
*** Running vivado
    with args -log dsp_filter_dut.vds -m64 -product Vivado -mode batch -messageDb vivado.pb -notrace -source dsp_filter_dut.tcl



****** Vivado v2024.1 (64-bit)
  **** SW Build 5076996 on Wed May 22 18:37:14 MDT 2024
  **** IP Build 5075265 on Wed May 22 21:45:21 MDT 2024
  **** SharedData Build 5076995 on Wed May 22 18:29:18 MDT 2024
  **** Start of session at: Fri Jul 17 10:05:23 2026
    ** Copyright 1986-2022 Xilinx, Inc. All Rights Reserved.
    ** Copyright 2022-2024 Advanced Micro Devices, Inc. All Rights Reserved.

source dsp_filter_dut.tcl -notrace
create_project: Time (s): cpu = 00:00:09 ; elapsed = 00:00:10 . Memory (MB): peak = 628.742 ; gain = 201.102
Command: synth_design -top dsp_filter_dut -part xc7a35ticsg324-1L
Starting synth_design
Attempting to get a license for feature 'Synthesis' and/or device 'xc7a35ti'
INFO: [Common 17-349] Got license for feature 'Synthesis' and/or device 'xc7a35ti'
INFO: [Device 21-403] Loading part xc7a35ticsg324-1L
INFO: [Device 21-9227] Part: xc7a35ticsg324-1L does not have CEAM library.
INFO: [Synth 8-7079] Multithreading enabled for synth_design using a maximum of 2 processes.
INFO: [Synth 8-7078] Launching helper process for spawning children vivado processes
INFO: [Synth 8-7075] Helper process launched with PID 11340
---------------------------------------------------------------------------------
Starting RTL Elaboration : Time (s): cpu = 00:00:06 ; elapsed = 00:00:07 . Memory (MB): peak = 1479.074 ; gain = 446.859
---------------------------------------------------------------------------------
INFO: [Synth 8-638] synthesizing module 'dsp_filter_dut' [C:/demo/hdl_coder_led_blinking/dsp_hdl/hdlsrc/dsp_filter/dsp_filter_dut.vhd:42]
INFO: [Synth 8-3491] module 'NCO' declared at 'C:/demo/hdl_coder_led_blinking/dsp_hdl/hdlsrc/dsp_filter/NCO.vhd:25' bound to instance 'u_NCO' of component 'NCO' [C:/demo/hdl_coder_led_blinking/dsp_hdl/hdlsrc/dsp_filter/dsp_filter_dut.vhd:134]
INFO: [Synth 8-638] synthesizing module 'NCO' [C:/demo/hdl_coder_led_blinking/dsp_hdl/hdlsrc/dsp_filter/NCO.vhd:36]
INFO: [Synth 8-3491] module 'DitherGen' declared at 'C:/demo/hdl_coder_led_blinking/dsp_hdl/hdlsrc/dsp_filter/DitherGen.vhd:25' bound to instance 'u_dither_inst' of component 'DitherGen' [C:/demo/hdl_coder_led_blinking/dsp_hdl/hdlsrc/dsp_filter/NCO.vhd:87]
INFO: [Synth 8-638] synthesizing module 'DitherGen' [C:/demo/hdl_coder_led_blinking/dsp_hdl/hdlsrc/dsp_filter/DitherGen.vhd:34]
INFO: [Synth 8-256] done synthesizing module 'DitherGen' (0#1) [C:/demo/hdl_coder_led_blinking/dsp_hdl/hdlsrc/dsp_filter/DitherGen.vhd:34]
INFO: [Synth 8-3491] module 'WaveformGen' declared at 'C:/demo/hdl_coder_led_blinking/dsp_hdl/hdlsrc/dsp_filter/WaveformGen.vhd:25' bound to instance 'u_Wave_inst' of component 'WaveformGen' [C:/demo/hdl_coder_led_blinking/dsp_hdl/hdlsrc/dsp_filter/NCO.vhd:94]
INFO: [Synth 8-638] synthesizing module 'WaveformGen' [C:/demo/hdl_coder_led_blinking/dsp_hdl/hdlsrc/dsp_filter/WaveformGen.vhd:34]
INFO: [Synth 8-3491] module 'LookUpTableGen' declared at 'C:/demo/hdl_coder_led_blinking/dsp_hdl/hdlsrc/dsp_filter/LookUpTableGen.vhd:26' bound to instance 'u_SineWave_inst' of component 'LookUpTableGen' [C:/demo/hdl_coder_led_blinking/dsp_hdl/hdlsrc/dsp_filter/WaveformGen.vhd:74]
INFO: [Synth 8-638] synthesizing module 'LookUpTableGen' [C:/demo/hdl_coder_led_blinking/dsp_hdl/hdlsrc/dsp_filter/LookUpTableGen.vhd:35]
INFO: [Synth 8-256] done synthesizing module 'LookUpTableGen' (0#1) [C:/demo/hdl_coder_led_blinking/dsp_hdl/hdlsrc/dsp_filter/LookUpTableGen.vhd:35]
INFO: [Synth 8-256] done synthesizing module 'WaveformGen' (0#1) [C:/demo/hdl_coder_led_blinking/dsp_hdl/hdlsrc/dsp_filter/WaveformGen.vhd:34]
INFO: [Synth 8-256] done synthesizing module 'NCO' (0#1) [C:/demo/hdl_coder_led_blinking/dsp_hdl/hdlsrc/dsp_filter/NCO.vhd:36]
INFO: [Synth 8-3491] module 'noise_gen' declared at 'C:/demo/hdl_coder_led_blinking/dsp_hdl/hdlsrc/dsp_filter/noise_gen.vhd:23' bound to instance 'u_noise_gen' of component 'noise_gen' [C:/demo/hdl_coder_led_blinking/dsp_hdl/hdlsrc/dsp_filter/dsp_filter_dut.vhd:143]
INFO: [Synth 8-638] synthesizing module 'noise_gen' [C:/demo/hdl_coder_led_blinking/dsp_hdl/hdlsrc/dsp_filter/noise_gen.vhd:31]
INFO: [Synth 8-256] done synthesizing module 'noise_gen' (0#1) [C:/demo/hdl_coder_led_blinking/dsp_hdl/hdlsrc/dsp_filter/noise_gen.vhd:31]
INFO: [Synth 8-3491] module 'FIR_LP' declared at 'C:/demo/hdl_coder_led_blinking/dsp_hdl/hdlsrc/dsp_filter/FIR_LP.vhd:25' bound to instance 'u_FIR_LP' of component 'FIR_LP' [C:/demo/hdl_coder_led_blinking/dsp_hdl/hdlsrc/dsp_filter/dsp_filter_dut.vhd:149]
INFO: [Synth 8-638] synthesizing module 'FIR_LP' [C:/demo/hdl_coder_led_blinking/dsp_hdl/hdlsrc/dsp_filter/FIR_LP.vhd:35]
INFO: [Synth 8-3491] module 'Filter_block' declared at 'C:/demo/hdl_coder_led_blinking/dsp_hdl/hdlsrc/dsp_filter/Filter_block.vhd:24' bound to instance 'u_FilterBank' of component 'Filter_block' [C:/demo/hdl_coder_led_blinking/dsp_hdl/hdlsrc/dsp_filter/FIR_LP.vhd:55]
INFO: [Synth 8-638] synthesizing module 'Filter_block' [C:/demo/hdl_coder_led_blinking/dsp_hdl/hdlsrc/dsp_filter/Filter_block.vhd:34]
INFO: [Synth 8-3491] module 'FilterCoef_block' declared at 'C:/demo/hdl_coder_led_blinking/dsp_hdl/hdlsrc/dsp_filter/FilterCoef_block.vhd:24' bound to instance 'u_CoefTable_1' of component 'FilterCoef_block' [C:/demo/hdl_coder_led_blinking/dsp_hdl/hdlsrc/dsp_filter/Filter_block.vhd:69]
INFO: [Synth 8-638] synthesizing module 'FilterCoef_block' [C:/demo/hdl_coder_led_blinking/dsp_hdl/hdlsrc/dsp_filter/FilterCoef_block.vhd:30]
INFO: [Synth 8-256] done synthesizing module 'FilterCoef_block' (0#1) [C:/demo/hdl_coder_led_blinking/dsp_hdl/hdlsrc/dsp_filter/FilterCoef_block.vhd:30]
INFO: [Synth 8-3491] module 'subFilter_block' declared at 'C:/demo/hdl_coder_led_blinking/dsp_hdl/hdlsrc/dsp_filter/subFilter_block.vhd:24' bound to instance 'u_subFilter_1_re' of component 'subFilter_block' [C:/demo/hdl_coder_led_blinking/dsp_hdl/hdlsrc/dsp_filter/Filter_block.vhd:73]
INFO: [Synth 8-638] synthesizing module 'subFilter_block' [C:/demo/hdl_coder_led_blinking/dsp_hdl/hdlsrc/dsp_filter/subFilter_block.vhd:35]
INFO: [Synth 8-3491] module 'FilterTapSystolicPreAddWvlIn_block' declared at 'C:/demo/hdl_coder_led_blinking/dsp_hdl/hdlsrc/dsp_filter/FilterTapSystolicPreAddWvlIn_block.vhd:24' bound to instance 'u_FilterTap_1' of component 'FilterTapSystolicPreAddWvlIn_block' [C:/demo/hdl_coder_led_blinking/dsp_hdl/hdlsrc/dsp_filter/subFilter_block.vhd:100]
INFO: [Synth 8-638] synthesizing module 'FilterTapSystolicPreAddWvlIn_block' [C:/demo/hdl_coder_led_blinking/dsp_hdl/hdlsrc/dsp_filter/FilterTapSystolicPreAddWvlIn_block.vhd:37]
INFO: [Synth 8-256] done synthesizing module 'FilterTapSystolicPreAddWvlIn_block' (0#1) [C:/demo/hdl_coder_led_blinking/dsp_hdl/hdlsrc/dsp_filter/FilterTapSystolicPreAddWvlIn_block.vhd:37]
INFO: [Synth 8-3491] module 'FilterTapSystolicPreAddWvlIn_block' declared at 'C:/demo/hdl_coder_led_blinking/dsp_hdl/hdlsrc/dsp_filter/FilterTapSystolicPreAddWvlIn_block.vhd:24' bound to instance 'u_FilterTap_2' of component 'FilterTapSystolicPreAddWvlIn_block' [C:/demo/hdl_coder_led_blinking/dsp_hdl/hdlsrc/dsp_filter/subFilter_block.vhd:111]
INFO: [Synth 8-3491] module 'FilterTapSystolicPreAddWvlIn_block' declared at 'C:/demo/hdl_coder_led_blinking/dsp_hdl/hdlsrc/dsp_filter/FilterTapSystolicPreAddWvlIn_block.vhd:24' bound to instance 'u_FilterTap_3' of component 'FilterTapSystolicPreAddWvlIn_block' [C:/demo/hdl_coder_led_blinking/dsp_hdl/hdlsrc/dsp_filter/subFilter_block.vhd:122]
INFO: [Synth 8-3491] module 'FilterTapSystolicWvldInC0_block' declared at 'C:/demo/hdl_coder_led_blinking/dsp_hdl/hdlsrc/dsp_filter/FilterTapSystolicWvldInC0_block.vhd:23' bound to instance 'u_FilterTap_4' of component 'FilterTapSystolicWvldInC0_block' [C:/demo/hdl_coder_led_blinking/dsp_hdl/hdlsrc/dsp_filter/subFilter_block.vhd:133]
INFO: [Synth 8-638] synthesizing module 'FilterTapSystolicWvldInC0_block' [C:/demo/hdl_coder_led_blinking/dsp_hdl/hdlsrc/dsp_filter/FilterTapSystolicWvldInC0_block.vhd:34]
INFO: [Synth 8-256] done synthesizing module 'FilterTapSystolicWvldInC0_block' (0#1) [C:/demo/hdl_coder_led_blinking/dsp_hdl/hdlsrc/dsp_filter/FilterTapSystolicWvldInC0_block.vhd:34]
INFO: [Synth 8-3491] module 'FilterTapSystolicPreAddWvlIn_block' declared at 'C:/demo/hdl_coder_led_blinking/dsp_hdl/hdlsrc/dsp_filter/FilterTapSystolicPreAddWvlIn_block.vhd:24' bound to instance 'u_FilterTap_5' of component 'FilterTapSystolicPreAddWvlIn_block' [C:/demo/hdl_coder_led_blinking/dsp_hdl/hdlsrc/dsp_filter/subFilter_block.vhd:142]
INFO: [Synth 8-3491] module 'FilterTapSystolicPreAddWvlIn_block' declared at 'C:/demo/hdl_coder_led_blinking/dsp_hdl/hdlsrc/dsp_filter/FilterTapSystolicPreAddWvlIn_block.vhd:24' bound to instance 'u_FilterTap_6' of component 'FilterTapSystolicPreAddWvlIn_block' [C:/demo/hdl_coder_led_blinking/dsp_hdl/hdlsrc/dsp_filter/subFilter_block.vhd:153]
INFO: [Synth 8-3491] module 'FilterTapSystolicPreAddWvlIn_block' declared at 'C:/demo/hdl_coder_led_blinking/dsp_hdl/hdlsrc/dsp_filter/FilterTapSystolicPreAddWvlIn_block.vhd:24' bound to instance 'u_FilterTap_7' of component 'FilterTapSystolicPreAddWvlIn_block' [C:/demo/hdl_coder_led_blinking/dsp_hdl/hdlsrc/dsp_filter/subFilter_block.vhd:164]
INFO: [Synth 8-3491] module 'FilterTapSystolicPreAddWvlIn_block' declared at 'C:/demo/hdl_coder_led_blinking/dsp_hdl/hdlsrc/dsp_filter/FilterTapSystolicPreAddWvlIn_block.vhd:24' bound to instance 'u_FilterTap_8' of component 'FilterTapSystolicPreAddWvlIn_block' [C:/demo/hdl_coder_led_blinking/dsp_hdl/hdlsrc/dsp_filter/subFilter_block.vhd:175]
INFO: [Synth 8-3491] module 'FilterTapSystolicPreAddWvlIn_block' declared at 'C:/demo/hdl_coder_led_blinking/dsp_hdl/hdlsrc/dsp_filter/FilterTapSystolicPreAddWvlIn_block.vhd:24' bound to instance 'u_FilterTap_9' of component 'FilterTapSystolicPreAddWvlIn_block' [C:/demo/hdl_coder_led_blinking/dsp_hdl/hdlsrc/dsp_filter/subFilter_block.vhd:186]
INFO: [Synth 8-256] done synthesizing module 'subFilter_block' (0#1) [C:/demo/hdl_coder_led_blinking/dsp_hdl/hdlsrc/dsp_filter/subFilter_block.vhd:35]
INFO: [Synth 8-256] done synthesizing module 'Filter_block' (0#1) [C:/demo/hdl_coder_led_blinking/dsp_hdl/hdlsrc/dsp_filter/Filter_block.vhd:34]
INFO: [Synth 8-256] done synthesizing module 'FIR_LP' (0#1) [C:/demo/hdl_coder_led_blinking/dsp_hdl/hdlsrc/dsp_filter/FIR_LP.vhd:35]
INFO: [Synth 8-3491] module 'FIR_HP' declared at 'C:/demo/hdl_coder_led_blinking/dsp_hdl/hdlsrc/dsp_filter/FIR_HP.vhd:25' bound to instance 'u_FIR_HP' of component 'FIR_HP' [C:/demo/hdl_coder_led_blinking/dsp_hdl/hdlsrc/dsp_filter/dsp_filter_dut.vhd:157]
INFO: [Synth 8-638] synthesizing module 'FIR_HP' [C:/demo/hdl_coder_led_blinking/dsp_hdl/hdlsrc/dsp_filter/FIR_HP.vhd:35]
INFO: [Synth 8-3491] module 'Filter' declared at 'C:/demo/hdl_coder_led_blinking/dsp_hdl/hdlsrc/dsp_filter/Filter.vhd:24' bound to instance 'u_FilterBank' of component 'Filter' [C:/demo/hdl_coder_led_blinking/dsp_hdl/hdlsrc/dsp_filter/FIR_HP.vhd:55]
INFO: [Synth 8-638] synthesizing module 'Filter' [C:/demo/hdl_coder_led_blinking/dsp_hdl/hdlsrc/dsp_filter/Filter.vhd:34]
INFO: [Synth 8-3491] module 'FilterCoef' declared at 'C:/demo/hdl_coder_led_blinking/dsp_hdl/hdlsrc/dsp_filter/FilterCoef.vhd:24' bound to instance 'u_CoefTable_1' of component 'FilterCoef' [C:/demo/hdl_coder_led_blinking/dsp_hdl/hdlsrc/dsp_filter/Filter.vhd:69]
INFO: [Synth 8-638] synthesizing module 'FilterCoef' [C:/demo/hdl_coder_led_blinking/dsp_hdl/hdlsrc/dsp_filter/FilterCoef.vhd:30]
INFO: [Synth 8-256] done synthesizing module 'FilterCoef' (0#1) [C:/demo/hdl_coder_led_blinking/dsp_hdl/hdlsrc/dsp_filter/FilterCoef.vhd:30]
INFO: [Synth 8-3491] module 'subFilter' declared at 'C:/demo/hdl_coder_led_blinking/dsp_hdl/hdlsrc/dsp_filter/subFilter.vhd:24' bound to instance 'u_subFilter_1_re' of component 'subFilter' [C:/demo/hdl_coder_led_blinking/dsp_hdl/hdlsrc/dsp_filter/Filter.vhd:73]
INFO: [Synth 8-638] synthesizing module 'subFilter' [C:/demo/hdl_coder_led_blinking/dsp_hdl/hdlsrc/dsp_filter/subFilter.vhd:35]
INFO: [Synth 8-3491] module 'FilterTapSystolicPreAddWvlIn' declared at 'C:/demo/hdl_coder_led_blinking/dsp_hdl/hdlsrc/dsp_filter/FilterTapSystolicPreAddWvlIn.vhd:24' bound to instance 'u_FilterTap_1' of component 'FilterTapSystolicPreAddWvlIn' [C:/demo/hdl_coder_led_blinking/dsp_hdl/hdlsrc/dsp_filter/subFilter.vhd:100]
INFO: [Synth 8-638] synthesizing module 'FilterTapSystolicPreAddWvlIn' [C:/demo/hdl_coder_led_blinking/dsp_hdl/hdlsrc/dsp_filter/FilterTapSystolicPreAddWvlIn.vhd:37]
INFO: [Synth 8-256] done synthesizing module 'FilterTapSystolicPreAddWvlIn' (0#1) [C:/demo/hdl_coder_led_blinking/dsp_hdl/hdlsrc/dsp_filter/FilterTapSystolicPreAddWvlIn.vhd:37]
INFO: [Synth 8-3491] module 'FilterTapSystolicPreAddWvlIn' declared at 'C:/demo/hdl_coder_led_blinking/dsp_hdl/hdlsrc/dsp_filter/FilterTapSystolicPreAddWvlIn.vhd:24' bound to instance 'u_FilterTap_2' of component 'FilterTapSystolicPreAddWvlIn' [C:/demo/hdl_coder_led_blinking/dsp_hdl/hdlsrc/dsp_filter/subFilter.vhd:111]
INFO: [Synth 8-3491] module 'FilterTapSystolicPreAddWvlIn' declared at 'C:/demo/hdl_coder_led_blinking/dsp_hdl/hdlsrc/dsp_filter/FilterTapSystolicPreAddWvlIn.vhd:24' bound to instance 'u_FilterTap_3' of component 'FilterTapSystolicPreAddWvlIn' [C:/demo/hdl_coder_led_blinking/dsp_hdl/hdlsrc/dsp_filter/subFilter.vhd:122]
INFO: [Synth 8-3491] module 'FilterTapSystolicWvldInC0' declared at 'C:/demo/hdl_coder_led_blinking/dsp_hdl/hdlsrc/dsp_filter/FilterTapSystolicWvldInC0.vhd:23' bound to instance 'u_FilterTap_4' of component 'FilterTapSystolicWvldInC0' [C:/demo/hdl_coder_led_blinking/dsp_hdl/hdlsrc/dsp_filter/subFilter.vhd:133]
INFO: [Synth 8-638] synthesizing module 'FilterTapSystolicWvldInC0' [C:/demo/hdl_coder_led_blinking/dsp_hdl/hdlsrc/dsp_filter/FilterTapSystolicWvldInC0.vhd:34]
INFO: [Synth 8-256] done synthesizing module 'FilterTapSystolicWvldInC0' (0#1) [C:/demo/hdl_coder_led_blinking/dsp_hdl/hdlsrc/dsp_filter/FilterTapSystolicWvldInC0.vhd:34]
INFO: [Synth 8-3491] module 'FilterTapSystolicPreAddWvlIn' declared at 'C:/demo/hdl_coder_led_blinking/dsp_hdl/hdlsrc/dsp_filter/FilterTapSystolicPreAddWvlIn.vhd:24' bound to instance 'u_FilterTap_5' of component 'FilterTapSystolicPreAddWvlIn' [C:/demo/hdl_coder_led_blinking/dsp_hdl/hdlsrc/dsp_filter/subFilter.vhd:142]
INFO: [Synth 8-3491] module 'FilterTapSystolicPreAddWvlIn' declared at 'C:/demo/hdl_coder_led_blinking/dsp_hdl/hdlsrc/dsp_filter/FilterTapSystolicPreAddWvlIn.vhd:24' bound to instance 'u_FilterTap_6' of component 'FilterTapSystolicPreAddWvlIn' [C:/demo/hdl_coder_led_blinking/dsp_hdl/hdlsrc/dsp_filter/subFilter.vhd:153]
INFO: [Synth 8-3491] module 'FilterTapSystolicPreAddWvlIn' declared at 'C:/demo/hdl_coder_led_blinking/dsp_hdl/hdlsrc/dsp_filter/FilterTapSystolicPreAddWvlIn.vhd:24' bound to instance 'u_FilterTap_7' of component 'FilterTapSystolicPreAddWvlIn' [C:/demo/hdl_coder_led_blinking/dsp_hdl/hdlsrc/dsp_filter/subFilter.vhd:164]
INFO: [Synth 8-3491] module 'FilterTapSystolicPreAddWvlIn' declared at 'C:/demo/hdl_coder_led_blinking/dsp_hdl/hdlsrc/dsp_filter/FilterTapSystolicPreAddWvlIn.vhd:24' bound to instance 'u_FilterTap_8' of component 'FilterTapSystolicPreAddWvlIn' [C:/demo/hdl_coder_led_blinking/dsp_hdl/hdlsrc/dsp_filter/subFilter.vhd:175]
INFO: [Synth 8-3491] module 'FilterTapSystolicPreAddWvlIn' declared at 'C:/demo/hdl_coder_led_blinking/dsp_hdl/hdlsrc/dsp_filter/FilterTapSystolicPreAddWvlIn.vhd:24' bound to instance 'u_FilterTap_9' of component 'FilterTapSystolicPreAddWvlIn' [C:/demo/hdl_coder_led_blinking/dsp_hdl/hdlsrc/dsp_filter/subFilter.vhd:186]
INFO: [Synth 8-256] done synthesizing module 'subFilter' (0#1) [C:/demo/hdl_coder_led_blinking/dsp_hdl/hdlsrc/dsp_filter/subFilter.vhd:35]
INFO: [Synth 8-256] done synthesizing module 'Filter' (0#1) [C:/demo/hdl_coder_led_blinking/dsp_hdl/hdlsrc/dsp_filter/Filter.vhd:34]
INFO: [Synth 8-256] done synthesizing module 'FIR_HP' (0#1) [C:/demo/hdl_coder_led_blinking/dsp_hdl/hdlsrc/dsp_filter/FIR_HP.vhd:35]
INFO: [Synth 8-3491] module 'backend' declared at 'C:/demo/hdl_coder_led_blinking/dsp_hdl/hdlsrc/dsp_filter/backend.vhd:23' bound to instance 'u_backend' of component 'backend' [C:/demo/hdl_coder_led_blinking/dsp_hdl/hdlsrc/dsp_filter/dsp_filter_dut.vhd:165]
INFO: [Synth 8-638] synthesizing module 'backend' [C:/demo/hdl_coder_led_blinking/dsp_hdl/hdlsrc/dsp_filter/backend.vhd:34]
INFO: [Synth 8-256] done synthesizing module 'backend' (0#1) [C:/demo/hdl_coder_led_blinking/dsp_hdl/hdlsrc/dsp_filter/backend.vhd:34]
INFO: [Synth 8-256] done synthesizing module 'dsp_filter_dut' (0#1) [C:/demo/hdl_coder_led_blinking/dsp_hdl/hdlsrc/dsp_filter/dsp_filter_dut.vhd:42]
WARNING: [Synth 8-7129] Port coefIn[3][15] in module subFilter is either unconnected or has no load
WARNING: [Synth 8-7129] Port coefIn[3][14] in module subFilter is either unconnected or has no load
WARNING: [Synth 8-7129] Port coefIn[3][13] in module subFilter is either unconnected or has no load
WARNING: [Synth 8-7129] Port coefIn[3][12] in module subFilter is either unconnected or has no load
WARNING: [Synth 8-7129] Port coefIn[3][11] in module subFilter is either unconnected or has no load
WARNING: [Synth 8-7129] Port coefIn[3][10] in module subFilter is either unconnected or has no load
WARNING: [Synth 8-7129] Port coefIn[3][9] in module subFilter is either unconnected or has no load
WARNING: [Synth 8-7129] Port coefIn[3][8] in module subFilter is either unconnected or has no load
WARNING: [Synth 8-7129] Port coefIn[3][7] in module subFilter is either unconnected or has no load
WARNING: [Synth 8-7129] Port coefIn[3][6] in module subFilter is either unconnected or has no load
WARNING: [Synth 8-7129] Port coefIn[3][5] in module subFilter is either unconnected or has no load
WARNING: [Synth 8-7129] Port coefIn[3][4] in module subFilter is either unconnected or has no load
WARNING: [Synth 8-7129] Port coefIn[3][3] in module subFilter is either unconnected or has no load
WARNING: [Synth 8-7129] Port coefIn[3][2] in module subFilter is either unconnected or has no load
WARNING: [Synth 8-7129] Port coefIn[3][1] in module subFilter is either unconnected or has no load
WARNING: [Synth 8-7129] Port coefIn[3][0] in module subFilter is either unconnected or has no load
WARNING: [Synth 8-7129] Port coefIn[9][15] in module subFilter is either unconnected or has no load
WARNING: [Synth 8-7129] Port coefIn[9][14] in module subFilter is either unconnected or has no load
WARNING: [Synth 8-7129] Port coefIn[9][13] in module subFilter is either unconnected or has no load
WARNING: [Synth 8-7129] Port coefIn[9][12] in module subFilter is either unconnected or has no load
WARNING: [Synth 8-7129] Port coefIn[9][11] in module subFilter is either unconnected or has no load
WARNING: [Synth 8-7129] Port coefIn[9][10] in module subFilter is either unconnected or has no load
WARNING: [Synth 8-7129] Port coefIn[9][9] in module subFilter is either unconnected or has no load
WARNING: [Synth 8-7129] Port coefIn[9][8] in module subFilter is either unconnected or has no load
WARNING: [Synth 8-7129] Port coefIn[9][7] in module subFilter is either unconnected or has no load
WARNING: [Synth 8-7129] Port coefIn[9][6] in module subFilter is either unconnected or has no load
WARNING: [Synth 8-7129] Port coefIn[9][5] in module subFilter is either unconnected or has no load
WARNING: [Synth 8-7129] Port coefIn[9][4] in module subFilter is either unconnected or has no load
WARNING: [Synth 8-7129] Port coefIn[9][3] in module subFilter is either unconnected or has no load
WARNING: [Synth 8-7129] Port coefIn[9][2] in module subFilter is either unconnected or has no load
WARNING: [Synth 8-7129] Port coefIn[9][1] in module subFilter is either unconnected or has no load
WARNING: [Synth 8-7129] Port coefIn[9][0] in module subFilter is either unconnected or has no load
WARNING: [Synth 8-7129] Port coefIn[10][15] in module subFilter is either unconnected or has no load
WARNING: [Synth 8-7129] Port coefIn[10][14] in module subFilter is either unconnected or has no load
WARNING: [Synth 8-7129] Port coefIn[10][13] in module subFilter is either unconnected or has no load
WARNING: [Synth 8-7129] Port coefIn[10][12] in module subFilter is either unconnected or has no load
WARNING: [Synth 8-7129] Port coefIn[10][11] in module subFilter is either unconnected or has no load
WARNING: [Synth 8-7129] Port coefIn[10][10] in module subFilter is either unconnected or has no load
WARNING: [Synth 8-7129] Port coefIn[10][9] in module subFilter is either unconnected or has no load
WARNING: [Synth 8-7129] Port coefIn[10][8] in module subFilter is either unconnected or has no load
WARNING: [Synth 8-7129] Port coefIn[10][7] in module subFilter is either unconnected or has no load
WARNING: [Synth 8-7129] Port coefIn[10][6] in module subFilter is either unconnected or has no load
WARNING: [Synth 8-7129] Port coefIn[10][5] in module subFilter is either unconnected or has no load
WARNING: [Synth 8-7129] Port coefIn[10][4] in module subFilter is either unconnected or has no load
WARNING: [Synth 8-7129] Port coefIn[10][3] in module subFilter is either unconnected or has no load
WARNING: [Synth 8-7129] Port coefIn[10][2] in module subFilter is either unconnected or has no load
WARNING: [Synth 8-7129] Port coefIn[10][1] in module subFilter is either unconnected or has no load
WARNING: [Synth 8-7129] Port coefIn[10][0] in module subFilter is either unconnected or has no load
WARNING: [Synth 8-7129] Port coefIn[11][15] in module subFilter is either unconnected or has no load
WARNING: [Synth 8-7129] Port coefIn[11][14] in module subFilter is either unconnected or has no load
WARNING: [Synth 8-7129] Port coefIn[11][13] in module subFilter is either unconnected or has no load
WARNING: [Synth 8-7129] Port coefIn[11][12] in module subFilter is either unconnected or has no load
WARNING: [Synth 8-7129] Port coefIn[11][11] in module subFilter is either unconnected or has no load
WARNING: [Synth 8-7129] Port coefIn[11][10] in module subFilter is either unconnected or has no load
WARNING: [Synth 8-7129] Port coefIn[11][9] in module subFilter is either unconnected or has no load
WARNING: [Synth 8-7129] Port coefIn[11][8] in module subFilter is either unconnected or has no load
WARNING: [Synth 8-7129] Port coefIn[11][7] in module subFilter is either unconnected or has no load
WARNING: [Synth 8-7129] Port coefIn[11][6] in module subFilter is either unconnected or has no load
WARNING: [Synth 8-7129] Port coefIn[11][5] in module subFilter is either unconnected or has no load
WARNING: [Synth 8-7129] Port coefIn[11][4] in module subFilter is either unconnected or has no load
WARNING: [Synth 8-7129] Port coefIn[11][3] in module subFilter is either unconnected or has no load
WARNING: [Synth 8-7129] Port coefIn[11][2] in module subFilter is either unconnected or has no load
WARNING: [Synth 8-7129] Port coefIn[11][1] in module subFilter is either unconnected or has no load
WARNING: [Synth 8-7129] Port coefIn[11][0] in module subFilter is either unconnected or has no load
WARNING: [Synth 8-7129] Port coefIn[12][15] in module subFilter is either unconnected or has no load
WARNING: [Synth 8-7129] Port coefIn[12][14] in module subFilter is either unconnected or has no load
WARNING: [Synth 8-7129] Port coefIn[12][13] in module subFilter is either unconnected or has no load
WARNING: [Synth 8-7129] Port coefIn[12][12] in module subFilter is either unconnected or has no load
WARNING: [Synth 8-7129] Port coefIn[12][11] in module subFilter is either unconnected or has no load
WARNING: [Synth 8-7129] Port coefIn[12][10] in module subFilter is either unconnected or has no load
WARNING: [Synth 8-7129] Port coefIn[12][9] in module subFilter is either unconnected or has no load
WARNING: [Synth 8-7129] Port coefIn[12][8] in module subFilter is either unconnected or has no load
WARNING: [Synth 8-7129] Port coefIn[12][7] in module subFilter is either unconnected or has no load
WARNING: [Synth 8-7129] Port coefIn[12][6] in module subFilter is either unconnected or has no load
WARNING: [Synth 8-7129] Port coefIn[12][5] in module subFilter is either unconnected or has no load
WARNING: [Synth 8-7129] Port coefIn[12][4] in module subFilter is either unconnected or has no load
WARNING: [Synth 8-7129] Port coefIn[12][3] in module subFilter is either unconnected or has no load
WARNING: [Synth 8-7129] Port coefIn[12][2] in module subFilter is either unconnected or has no load
WARNING: [Synth 8-7129] Port coefIn[12][1] in module subFilter is either unconnected or has no load
WARNING: [Synth 8-7129] Port coefIn[12][0] in module subFilter is either unconnected or has no load
WARNING: [Synth 8-7129] Port coefIn[13][15] in module subFilter is either unconnected or has no load
WARNING: [Synth 8-7129] Port coefIn[13][14] in module subFilter is either unconnected or has no load
WARNING: [Synth 8-7129] Port coefIn[13][13] in module subFilter is either unconnected or has no load
WARNING: [Synth 8-7129] Port coefIn[13][12] in module subFilter is either unconnected or has no load
WARNING: [Synth 8-7129] Port coefIn[13][11] in module subFilter is either unconnected or has no load
WARNING: [Synth 8-7129] Port coefIn[13][10] in module subFilter is either unconnected or has no load
WARNING: [Synth 8-7129] Port coefIn[13][9] in module subFilter is either unconnected or has no load
WARNING: [Synth 8-7129] Port coefIn[13][8] in module subFilter is either unconnected or has no load
WARNING: [Synth 8-7129] Port coefIn[13][7] in module subFilter is either unconnected or has no load
WARNING: [Synth 8-7129] Port coefIn[13][6] in module subFilter is either unconnected or has no load
WARNING: [Synth 8-7129] Port coefIn[13][5] in module subFilter is either unconnected or has no load
WARNING: [Synth 8-7129] Port coefIn[13][4] in module subFilter is either unconnected or has no load
WARNING: [Synth 8-7129] Port coefIn[13][3] in module subFilter is either unconnected or has no load
WARNING: [Synth 8-7129] Port coefIn[13][2] in module subFilter is either unconnected or has no load
WARNING: [Synth 8-7129] Port coefIn[13][1] in module subFilter is either unconnected or has no load
WARNING: [Synth 8-7129] Port coefIn[13][0] in module subFilter is either unconnected or has no load
WARNING: [Synth 8-7129] Port coefIn[14][15] in module subFilter is either unconnected or has no load
WARNING: [Synth 8-7129] Port coefIn[14][14] in module subFilter is either unconnected or has no load
WARNING: [Synth 8-7129] Port coefIn[14][13] in module subFilter is either unconnected or has no load
WARNING: [Synth 8-7129] Port coefIn[14][12] in module subFilter is either unconnected or has no load
INFO: [Common 17-14] Message 'Synth 8-7129' appears 100 times and further instances of the messages will be disabled. Use the Tcl command set_msg_config to change the current settings.
---------------------------------------------------------------------------------
Finished RTL Elaboration : Time (s): cpu = 00:00:08 ; elapsed = 00:00:10 . Memory (MB): peak = 1596.004 ; gain = 563.789
---------------------------------------------------------------------------------
---------------------------------------------------------------------------------
Start Handling Custom Attributes
---------------------------------------------------------------------------------
---------------------------------------------------------------------------------
Finished Handling Custom Attributes : Time (s): cpu = 00:00:08 ; elapsed = 00:00:10 . Memory (MB): peak = 1596.004 ; gain = 563.789
---------------------------------------------------------------------------------
---------------------------------------------------------------------------------
Finished RTL Optimization Phase 1 : Time (s): cpu = 00:00:08 ; elapsed = 00:00:10 . Memory (MB): peak = 1596.004 ; gain = 563.789
---------------------------------------------------------------------------------
Netlist sorting complete. Time (s): cpu = 00:00:00 ; elapsed = 00:00:00.054 . Memory (MB): peak = 1596.004 ; gain = 0.000
INFO: [Project 1-570] Preparing netlist for logic optimization

Processing XDC Constraints
Initializing timing engine
Parsing XDC File [C:/demo/hdl_coder_led_blinking/dsp_hdl/dsp_arty.xdc]
Finished Parsing XDC File [C:/demo/hdl_coder_led_blinking/dsp_hdl/dsp_arty.xdc]
INFO: [Project 1-236] Implementation specific constraints were found while reading constraint file [C:/demo/hdl_coder_led_blinking/dsp_hdl/dsp_arty.xdc]. These constraints will be ignored for synthesis but will be used in implementation. Impacted constraints are listed in the file [.Xil/dsp_filter_dut_propImpl.xdc].
Resolution: To avoid this warning, move constraints listed in [.Xil/dsp_filter_dut_propImpl.xdc] to another XDC file and exclude this new file from synthesis with the used_in_synthesis property (File Properties dialog in GUI) and re-run elaboration/synthesis.
Completed Processing XDC Constraints

Netlist sorting complete. Time (s): cpu = 00:00:00 ; elapsed = 00:00:00.001 . Memory (MB): peak = 1696.121 ; gain = 0.000
INFO: [Project 1-111] Unisim Transformation Summary:
No Unisim elements were transformed.

Constraint Validation Runtime : Time (s): cpu = 00:00:00 ; elapsed = 00:00:00.028 . Memory (MB): peak = 1696.121 ; gain = 0.000
---------------------------------------------------------------------------------
Finished Constraint Validation : Time (s): cpu = 00:00:16 ; elapsed = 00:00:19 . Memory (MB): peak = 1696.121 ; gain = 663.906
---------------------------------------------------------------------------------
---------------------------------------------------------------------------------
Start Loading Part and Timing Information
---------------------------------------------------------------------------------
Loading part: xc7a35ticsg324-1L
---------------------------------------------------------------------------------
Finished Loading Part and Timing Information : Time (s): cpu = 00:00:16 ; elapsed = 00:00:19 . Memory (MB): peak = 1696.121 ; gain = 663.906
---------------------------------------------------------------------------------
---------------------------------------------------------------------------------
Start Applying 'set_property' XDC Constraints
---------------------------------------------------------------------------------
---------------------------------------------------------------------------------
Finished applying 'set_property' XDC Constraints : Time (s): cpu = 00:00:16 ; elapsed = 00:00:19 . Memory (MB): peak = 1696.121 ; gain = 663.906
---------------------------------------------------------------------------------
---------------------------------------------------------------------------------
Finished RTL Optimization Phase 2 : Time (s): cpu = 00:00:17 ; elapsed = 00:00:20 . Memory (MB): peak = 1696.121 ; gain = 663.906
---------------------------------------------------------------------------------
---------------------------------------------------------------------------------
Start RTL Component Statistics 
---------------------------------------------------------------------------------
Detailed RTL Component Info : 
+---Adders : 
	   2 Input   33 Bit       Adders := 2     
	   3 Input   33 Bit       Adders := 1     
	   2 Input   16 Bit       Adders := 4     
	   2 Input   10 Bit       Adders := 1     
+---XORs : 
	   2 Input     16 Bit         XORs := 1     
	   4 Input      1 Bit         XORs := 4     
+---Registers : 
	               48 Bit    Registers := 2     
	               32 Bit    Registers := 1     
	               19 Bit    Registers := 1     
	               18 Bit    Registers := 2     
	               16 Bit    Registers := 64    
	               13 Bit    Registers := 2     
	               12 Bit    Registers := 1     
	               10 Bit    Registers := 1     
	                5 Bit    Registers := 1     
	                3 Bit    Registers := 2     
	                1 Bit    Registers := 5     
+---ROMs : 
	                    ROMs := 1     
+---Muxes : 
	   2 Input   32 Bit        Muxes := 7     
	   2 Input   18 Bit        Muxes := 3     
	   2 Input   16 Bit        Muxes := 5     
	   2 Input   15 Bit        Muxes := 1     
	   2 Input   10 Bit        Muxes := 1     
	   2 Input    3 Bit        Muxes := 1     
---------------------------------------------------------------------------------
Finished RTL Component Statistics 
---------------------------------------------------------------------------------
---------------------------------------------------------------------------------
Start Part Resource Summary
---------------------------------------------------------------------------------
Part Resources:
DSPs: 90 (col length:60)
BRAMs: 100 (col length: RAMB18 60 RAMB36 30)
---------------------------------------------------------------------------------
Finished Part Resource Summary
---------------------------------------------------------------------------------
---------------------------------------------------------------------------------
Start Cross Boundary and Area Optimization
---------------------------------------------------------------------------------
WARNING: [Synth 8-7080] Parallel synthesis criteria is not met
WARNING: [Synth 8-3936] Found unconnected internal register 'u_FIR_HP/u_FilterBank/u_subFilter_1_re/u_FilterTap_9/fTap_addout_reg_reg' and it is trimmed from '48' to '33' bits. [C:/demo/hdl_coder_led_blinking/dsp_hdl/hdlsrc/dsp_filter/FilterTapSystolicPreAddWvlIn.vhd:81]
WARNING: [Synth 8-3936] Found unconnected internal register 'u_FIR_LP/u_FilterBank/u_subFilter_1_re/u_FilterTap_9/fTap_addout_reg_reg' and it is trimmed from '48' to '35' bits. [C:/demo/hdl_coder_led_blinking/dsp_hdl/hdlsrc/dsp_filter/FilterTapSystolicPreAddWvlIn_block.vhd:81]
WARNING: [Synth 8-3936] Found unconnected internal register 'u_FIR_HP/u_FilterBank/u_subFilter_1_re/u_FilterTap_8/fTap_addout_reg_reg' and it is trimmed from '48' to '33' bits. [C:/demo/hdl_coder_led_blinking/dsp_hdl/hdlsrc/dsp_filter/FilterTapSystolicPreAddWvlIn.vhd:81]
WARNING: [Synth 8-3936] Found unconnected internal register 'u_FIR_HP/u_FilterBank/u_subFilter_1_re/u_FilterTap_7/fTap_addout_reg_reg' and it is trimmed from '48' to '33' bits. [C:/demo/hdl_coder_led_blinking/dsp_hdl/hdlsrc/dsp_filter/FilterTapSystolicPreAddWvlIn.vhd:81]
WARNING: [Synth 8-3936] Found unconnected internal register 'u_FIR_HP/u_FilterBank/u_subFilter_1_re/u_FilterTap_6/fTap_addout_reg_reg' and it is trimmed from '48' to '33' bits. [C:/demo/hdl_coder_led_blinking/dsp_hdl/hdlsrc/dsp_filter/FilterTapSystolicPreAddWvlIn.vhd:81]
WARNING: [Synth 8-3936] Found unconnected internal register 'u_FIR_HP/u_FilterBank/u_subFilter_1_re/u_FilterTap_5/fTap_addout_reg_reg' and it is trimmed from '48' to '33' bits. [C:/demo/hdl_coder_led_blinking/dsp_hdl/hdlsrc/dsp_filter/FilterTapSystolicPreAddWvlIn.vhd:81]
WARNING: [Synth 8-3936] Found unconnected internal register 'u_FIR_HP/u_FilterBank/u_subFilter_1_re/u_FilterTap_4/fTap_addout_reg_reg' and it is trimmed from '48' to '33' bits. [C:/demo/hdl_coder_led_blinking/dsp_hdl/hdlsrc/dsp_filter/FilterTapSystolicWvldInC0.vhd:59]
WARNING: [Synth 8-3936] Found unconnected internal register 'u_FIR_HP/u_FilterBank/u_subFilter_1_re/u_FilterTap_3/fTap_addout_reg_reg' and it is trimmed from '48' to '33' bits. [C:/demo/hdl_coder_led_blinking/dsp_hdl/hdlsrc/dsp_filter/FilterTapSystolicPreAddWvlIn.vhd:81]
WARNING: [Synth 8-3936] Found unconnected internal register 'u_FIR_HP/u_FilterBank/u_subFilter_1_re/u_FilterTap_2/fTap_addout_reg_reg' and it is trimmed from '48' to '33' bits. [C:/demo/hdl_coder_led_blinking/dsp_hdl/hdlsrc/dsp_filter/FilterTapSystolicPreAddWvlIn.vhd:81]
WARNING: [Synth 8-3936] Found unconnected internal register 'u_FIR_HP/u_FilterBank/u_subFilter_1_re/u_FilterTap_1/fTap_addout_reg_reg' and it is trimmed from '48' to '33' bits. [C:/demo/hdl_coder_led_blinking/dsp_hdl/hdlsrc/dsp_filter/FilterTapSystolicPreAddWvlIn.vhd:81]
WARNING: [Synth 8-3936] Found unconnected internal register 'u_FIR_LP/u_FilterBank/u_subFilter_1_re/u_FilterTap_8/fTap_addout_reg_reg' and it is trimmed from '48' to '35' bits. [C:/demo/hdl_coder_led_blinking/dsp_hdl/hdlsrc/dsp_filter/FilterTapSystolicPreAddWvlIn_block.vhd:81]
WARNING: [Synth 8-3936] Found unconnected internal register 'u_FIR_LP/u_FilterBank/u_subFilter_1_re/u_FilterTap_7/fTap_addout_reg_reg' and it is trimmed from '48' to '35' bits. [C:/demo/hdl_coder_led_blinking/dsp_hdl/hdlsrc/dsp_filter/FilterTapSystolicPreAddWvlIn_block.vhd:81]
WARNING: [Synth 8-3936] Found unconnected internal register 'u_FIR_LP/u_FilterBank/u_subFilter_1_re/u_FilterTap_6/fTap_addout_reg_reg' and it is trimmed from '48' to '35' bits. [C:/demo/hdl_coder_led_blinking/dsp_hdl/hdlsrc/dsp_filter/FilterTapSystolicPreAddWvlIn_block.vhd:81]
WARNING: [Synth 8-3936] Found unconnected internal register 'u_FIR_LP/u_FilterBank/u_subFilter_1_re/u_FilterTap_5/fTap_addout_reg_reg' and it is trimmed from '48' to '35' bits. [C:/demo/hdl_coder_led_blinking/dsp_hdl/hdlsrc/dsp_filter/FilterTapSystolicPreAddWvlIn_block.vhd:81]
WARNING: [Synth 8-3936] Found unconnected internal register 'u_FIR_LP/u_FilterBank/u_subFilter_1_re/u_FilterTap_4/fTap_addout_reg_reg' and it is trimmed from '48' to '35' bits. [C:/demo/hdl_coder_led_blinking/dsp_hdl/hdlsrc/dsp_filter/FilterTapSystolicWvldInC0_block.vhd:59]
WARNING: [Synth 8-3936] Found unconnected internal register 'u_FIR_LP/u_FilterBank/u_subFilter_1_re/u_FilterTap_3/fTap_addout_reg_reg' and it is trimmed from '48' to '35' bits. [C:/demo/hdl_coder_led_blinking/dsp_hdl/hdlsrc/dsp_filter/FilterTapSystolicPreAddWvlIn_block.vhd:81]
WARNING: [Synth 8-3936] Found unconnected internal register 'u_FIR_LP/u_FilterBank/u_subFilter_1_re/u_FilterTap_2/fTap_addout_reg_reg' and it is trimmed from '48' to '35' bits. [C:/demo/hdl_coder_led_blinking/dsp_hdl/hdlsrc/dsp_filter/FilterTapSystolicPreAddWvlIn_block.vhd:81]
WARNING: [Synth 8-3936] Found unconnected internal register 'u_FIR_LP/u_FilterBank/u_subFilter_1_re/u_FilterTap_1/fTap_addout_reg_reg' and it is trimmed from '48' to '35' bits. [C:/demo/hdl_coder_led_blinking/dsp_hdl/hdlsrc/dsp_filter/FilterTapSystolicPreAddWvlIn_block.vhd:81]
DSP Report: Generating DSP u_FIR_HP/u_FilterBank/u_subFilter_1_re/u_FilterTap_1/fTap_addout_reg_reg, operation Mode is: ((D'+A'')*(B:0x63)'')'.
DSP Report: register u_FIR_LP/u_FilterBank/u_subFilter_1_re/u_FilterTap_1/fTap_din2_reg1_reg is absorbed into DSP u_FIR_HP/u_FilterBank/u_subFilter_1_re/u_FilterTap_1/fTap_addout_reg_reg.
DSP Report: register u_FIR_HP/u_FilterBank/u_subFilter_1_re/u_FilterTap_1/fTap_coef_reg1_reg is absorbed into DSP u_FIR_HP/u_FilterBank/u_subFilter_1_re/u_FilterTap_1/fTap_addout_reg_reg.
DSP Report: register u_FIR_HP/u_FilterBank/u_subFilter_1_re/u_FilterTap_1/fTap_coef_reg2_reg is absorbed into DSP u_FIR_HP/u_FilterBank/u_subFilter_1_re/u_FilterTap_1/fTap_addout_reg_reg.
DSP Report: register u_FIR_LP/u_FilterBank/u_subFilter_1_re/u_FilterTap_1/fTap_din1_reg1_reg is absorbed into DSP u_FIR_HP/u_FilterBank/u_subFilter_1_re/u_FilterTap_1/fTap_addout_reg_reg.
DSP Report: register u_FIR_LP/u_FilterBank/u_subFilter_1_re/u_FilterTap_1/fTap_din1_reg2_reg is absorbed into DSP u_FIR_HP/u_FilterBank/u_subFilter_1_re/u_FilterTap_1/fTap_addout_reg_reg.
DSP Report: register u_FIR_HP/u_FilterBank/u_subFilter_1_re/u_FilterTap_1/fTap_addout_reg_reg is absorbed into DSP u_FIR_HP/u_FilterBank/u_subFilter_1_re/u_FilterTap_1/fTap_addout_reg_reg.
DSP Report: register u_FIR_HP/u_FilterBank/u_subFilter_1_re/u_FilterTap_1/fTap_mult_reg_reg is absorbed into DSP u_FIR_HP/u_FilterBank/u_subFilter_1_re/u_FilterTap_1/fTap_addout_reg_reg.
DSP Report: register u_FIR_LP/u_FilterBank/u_subFilter_1_re/u_FilterTap_1/fTap_preAdd_reg_reg is absorbed into DSP u_FIR_HP/u_FilterBank/u_subFilter_1_re/u_FilterTap_1/fTap_addout_reg_reg.
DSP Report: operator u_FIR_HP/u_FilterBank/u_subFilter_1_re/u_FilterTap_1/fTap_addout_reg0 is absorbed into DSP u_FIR_HP/u_FilterBank/u_subFilter_1_re/u_FilterTap_1/fTap_addout_reg_reg.
DSP Report: operator u_FIR_HP/u_FilterBank/u_subFilter_1_re/u_FilterTap_1/fTap_mult_reg0 is absorbed into DSP u_FIR_HP/u_FilterBank/u_subFilter_1_re/u_FilterTap_1/fTap_addout_reg_reg.
DSP Report: operator u_FIR_LP/u_FilterBank/u_subFilter_1_re/u_FilterTap_1/fTap_preAdd_reg0 is absorbed into DSP u_FIR_HP/u_FilterBank/u_subFilter_1_re/u_FilterTap_1/fTap_addout_reg_reg.
DSP Report: Generating DSP u_FIR_HP/u_FilterBank/u_subFilter_1_re/u_FilterTap_2/fTap_addout_reg_reg, operation Mode is: (PCIN+((D'+ACIN'')*(B:0xa3)'')')'.
DSP Report: register u_FIR_LP/u_FilterBank/u_subFilter_1_re/u_FilterTap_1/fTap_din2_reg1_reg is absorbed into DSP u_FIR_HP/u_FilterBank/u_subFilter_1_re/u_FilterTap_2/fTap_addout_reg_reg.
DSP Report: register u_FIR_HP/u_FilterBank/u_subFilter_1_re/u_FilterTap_2/fTap_coef_reg1_reg is absorbed into DSP u_FIR_HP/u_FilterBank/u_subFilter_1_re/u_FilterTap_2/fTap_addout_reg_reg.
DSP Report: register u_FIR_HP/u_FilterBank/u_subFilter_1_re/u_FilterTap_2/fTap_coef_reg2_reg is absorbed into DSP u_FIR_HP/u_FilterBank/u_subFilter_1_re/u_FilterTap_2/fTap_addout_reg_reg.
DSP Report: register u_FIR_LP/u_FilterBank/u_subFilter_1_re/u_FilterTap_2/fTap_din1_reg1_reg is absorbed into DSP u_FIR_HP/u_FilterBank/u_subFilter_1_re/u_FilterTap_2/fTap_addout_reg_reg.
DSP Report: register u_FIR_LP/u_FilterBank/u_subFilter_1_re/u_FilterTap_2/fTap_din1_reg2_reg is absorbed into DSP u_FIR_HP/u_FilterBank/u_subFilter_1_re/u_FilterTap_2/fTap_addout_reg_reg.
DSP Report: register u_FIR_HP/u_FilterBank/u_subFilter_1_re/u_FilterTap_2/fTap_addout_reg_reg is absorbed into DSP u_FIR_HP/u_FilterBank/u_subFilter_1_re/u_FilterTap_2/fTap_addout_reg_reg.
DSP Report: register u_FIR_HP/u_FilterBank/u_subFilter_1_re/u_FilterTap_2/fTap_mult_reg_reg is absorbed into DSP u_FIR_HP/u_FilterBank/u_subFilter_1_re/u_FilterTap_2/fTap_addout_reg_reg.
DSP Report: register u_FIR_LP/u_FilterBank/u_subFilter_1_re/u_FilterTap_2/fTap_preAdd_reg_reg is absorbed into DSP u_FIR_HP/u_FilterBank/u_subFilter_1_re/u_FilterTap_2/fTap_addout_reg_reg.
DSP Report: operator u_FIR_HP/u_FilterBank/u_subFilter_1_re/u_FilterTap_2/fTap_addout_reg0 is absorbed into DSP u_FIR_HP/u_FilterBank/u_subFilter_1_re/u_FilterTap_2/fTap_addout_reg_reg.
DSP Report: operator u_FIR_HP/u_FilterBank/u_subFilter_1_re/u_FilterTap_2/fTap_mult_reg0 is absorbed into DSP u_FIR_HP/u_FilterBank/u_subFilter_1_re/u_FilterTap_2/fTap_addout_reg_reg.
DSP Report: operator u_FIR_LP/u_FilterBank/u_subFilter_1_re/u_FilterTap_2/fTap_preAdd_reg0 is absorbed into DSP u_FIR_HP/u_FilterBank/u_subFilter_1_re/u_FilterTap_2/fTap_addout_reg_reg.
DSP Report: Generating DSP u_FIR_HP/u_FilterBank/u_subFilter_1_re/u_FilterTap_3/fTap_addout_reg_reg, operation Mode is: (PCIN+((D'+A'')*(B:0xdb)'')')'.
DSP Report: register u_FIR_LP/u_FilterBank/u_subFilter_1_re/u_FilterTap_1/fTap_din2_reg1_reg is absorbed into DSP u_FIR_HP/u_FilterBank/u_subFilter_1_re/u_FilterTap_3/fTap_addout_reg_reg.
DSP Report: register u_FIR_HP/u_FilterBank/u_subFilter_1_re/u_FilterTap_3/fTap_coef_reg1_reg is absorbed into DSP u_FIR_HP/u_FilterBank/u_subFilter_1_re/u_FilterTap_3/fTap_addout_reg_reg.
DSP Report: register u_FIR_HP/u_FilterBank/u_subFilter_1_re/u_FilterTap_3/fTap_coef_reg2_reg is absorbed into DSP u_FIR_HP/u_FilterBank/u_subFilter_1_re/u_FilterTap_3/fTap_addout_reg_reg.
DSP Report: register u_FIR_LP/u_FilterBank/u_subFilter_1_re/u_FilterTap_3/fTap_din1_reg1_reg is absorbed into DSP u_FIR_HP/u_FilterBank/u_subFilter_1_re/u_FilterTap_3/fTap_addout_reg_reg.
DSP Report: register u_FIR_LP/u_FilterBank/u_subFilter_1_re/u_FilterTap_3/fTap_din1_reg2_reg is absorbed into DSP u_FIR_HP/u_FilterBank/u_subFilter_1_re/u_FilterTap_3/fTap_addout_reg_reg.
DSP Report: register u_FIR_HP/u_FilterBank/u_subFilter_1_re/u_FilterTap_3/fTap_addout_reg_reg is absorbed into DSP u_FIR_HP/u_FilterBank/u_subFilter_1_re/u_FilterTap_3/fTap_addout_reg_reg.
DSP Report: register u_FIR_HP/u_FilterBank/u_subFilter_1_re/u_FilterTap_3/fTap_mult_reg_reg is absorbed into DSP u_FIR_HP/u_FilterBank/u_subFilter_1_re/u_FilterTap_3/fTap_addout_reg_reg.
DSP Report: register u_FIR_LP/u_FilterBank/u_subFilter_1_re/u_FilterTap_3/fTap_preAdd_reg_reg is absorbed into DSP u_FIR_HP/u_FilterBank/u_subFilter_1_re/u_FilterTap_3/fTap_addout_reg_reg.
DSP Report: operator u_FIR_HP/u_FilterBank/u_subFilter_1_re/u_FilterTap_3/fTap_addout_reg0 is absorbed into DSP u_FIR_HP/u_FilterBank/u_subFilter_1_re/u_FilterTap_3/fTap_addout_reg_reg.
DSP Report: operator u_FIR_HP/u_FilterBank/u_subFilter_1_re/u_FilterTap_3/fTap_mult_reg0 is absorbed into DSP u_FIR_HP/u_FilterBank/u_subFilter_1_re/u_FilterTap_3/fTap_addout_reg_reg.
DSP Report: operator u_FIR_LP/u_FilterBank/u_subFilter_1_re/u_FilterTap_3/fTap_preAdd_reg0 is absorbed into DSP u_FIR_HP/u_FilterBank/u_subFilter_1_re/u_FilterTap_3/fTap_addout_reg_reg.
DSP Report: Generating DSP u_FIR_HP/u_FilterBank/u_subFilter_1_re/u_FilterTap_5/fTap_addout_reg_reg, operation Mode is: (C'+((D'+A'')*(B:0xfcc7)'')')'.
DSP Report: register u_FIR_LP/u_FilterBank/u_subFilter_1_re/u_FilterTap_1/fTap_din2_reg1_reg is absorbed into DSP u_FIR_HP/u_FilterBank/u_subFilter_1_re/u_FilterTap_5/fTap_addout_reg_reg.
DSP Report: register u_FIR_HP/u_FilterBank/u_subFilter_1_re/u_FilterTap_5/fTap_coef_reg1_reg is absorbed into DSP u_FIR_HP/u_FilterBank/u_subFilter_1_re/u_FilterTap_5/fTap_addout_reg_reg.
DSP Report: register u_FIR_HP/u_FilterBank/u_subFilter_1_re/u_FilterTap_5/fTap_coef_reg2_reg is absorbed into DSP u_FIR_HP/u_FilterBank/u_subFilter_1_re/u_FilterTap_5/fTap_addout_reg_reg.
DSP Report: register u_FIR_HP/u_FilterBank/u_subFilter_1_re/u_FilterTap_4/fTap_addout_reg_reg is absorbed into DSP u_FIR_HP/u_FilterBank/u_subFilter_1_re/u_FilterTap_5/fTap_addout_reg_reg.
DSP Report: register u_FIR_LP/u_FilterBank/u_subFilter_1_re/u_FilterTap_5/fTap_din1_reg1_reg is absorbed into DSP u_FIR_HP/u_FilterBank/u_subFilter_1_re/u_FilterTap_5/fTap_addout_reg_reg.
DSP Report: register u_FIR_LP/u_FilterBank/u_subFilter_1_re/u_FilterTap_5/fTap_din1_reg2_reg is absorbed into DSP u_FIR_HP/u_FilterBank/u_subFilter_1_re/u_FilterTap_5/fTap_addout_reg_reg.
DSP Report: register u_FIR_HP/u_FilterBank/u_subFilter_1_re/u_FilterTap_5/fTap_addout_reg_reg is absorbed into DSP u_FIR_HP/u_FilterBank/u_subFilter_1_re/u_FilterTap_5/fTap_addout_reg_reg.
DSP Report: register u_FIR_HP/u_FilterBank/u_subFilter_1_re/u_FilterTap_5/fTap_mult_reg_reg is absorbed into DSP u_FIR_HP/u_FilterBank/u_subFilter_1_re/u_FilterTap_5/fTap_addout_reg_reg.
DSP Report: register u_FIR_LP/u_FilterBank/u_subFilter_1_re/u_FilterTap_5/fTap_preAdd_reg_reg is absorbed into DSP u_FIR_HP/u_FilterBank/u_subFilter_1_re/u_FilterTap_5/fTap_addout_reg_reg.
DSP Report: operator u_FIR_HP/u_FilterBank/u_subFilter_1_re/u_FilterTap_5/fTap_addout_reg0 is absorbed into DSP u_FIR_HP/u_FilterBank/u_subFilter_1_re/u_FilterTap_5/fTap_addout_reg_reg.
DSP Report: operator u_FIR_HP/u_FilterBank/u_subFilter_1_re/u_FilterTap_5/fTap_mult_reg0 is absorbed into DSP u_FIR_HP/u_FilterBank/u_subFilter_1_re/u_FilterTap_5/fTap_addout_reg_reg.
DSP Report: operator u_FIR_LP/u_FilterBank/u_subFilter_1_re/u_FilterTap_5/fTap_preAdd_reg0 is absorbed into DSP u_FIR_HP/u_FilterBank/u_subFilter_1_re/u_FilterTap_5/fTap_addout_reg_reg.
DSP Report: Generating DSP u_FIR_HP/u_FilterBank/u_subFilter_1_re/u_FilterTap_6/fTap_addout_reg_reg, operation Mode is: (PCIN+((D'+A'')*(B:0xf6c7)'')')'.
DSP Report: register u_FIR_LP/u_FilterBank/u_subFilter_1_re/u_FilterTap_1/fTap_din2_reg1_reg is absorbed into DSP u_FIR_HP/u_FilterBank/u_subFilter_1_re/u_FilterTap_6/fTap_addout_reg_reg.
DSP Report: register u_FIR_HP/u_FilterBank/u_subFilter_1_re/u_FilterTap_6/fTap_coef_reg1_reg is absorbed into DSP u_FIR_HP/u_FilterBank/u_subFilter_1_re/u_FilterTap_6/fTap_addout_reg_reg.
DSP Report: register u_FIR_HP/u_FilterBank/u_subFilter_1_re/u_FilterTap_6/fTap_coef_reg2_reg is absorbed into DSP u_FIR_HP/u_FilterBank/u_subFilter_1_re/u_FilterTap_6/fTap_addout_reg_reg.
DSP Report: register u_FIR_LP/u_FilterBank/u_subFilter_1_re/u_FilterTap_6/fTap_din1_reg1_reg is absorbed into DSP u_FIR_HP/u_FilterBank/u_subFilter_1_re/u_FilterTap_6/fTap_addout_reg_reg.
DSP Report: register u_FIR_LP/u_FilterBank/u_subFilter_1_re/u_FilterTap_6/fTap_din1_reg2_reg is absorbed into DSP u_FIR_HP/u_FilterBank/u_subFilter_1_re/u_FilterTap_6/fTap_addout_reg_reg.
DSP Report: register u_FIR_HP/u_FilterBank/u_subFilter_1_re/u_FilterTap_6/fTap_addout_reg_reg is absorbed into DSP u_FIR_HP/u_FilterBank/u_subFilter_1_re/u_FilterTap_6/fTap_addout_reg_reg.
DSP Report: register u_FIR_HP/u_FilterBank/u_subFilter_1_re/u_FilterTap_6/fTap_mult_reg_reg is absorbed into DSP u_FIR_HP/u_FilterBank/u_subFilter_1_re/u_FilterTap_6/fTap_addout_reg_reg.
DSP Report: register u_FIR_LP/u_FilterBank/u_subFilter_1_re/u_FilterTap_6/fTap_preAdd_reg_reg is absorbed into DSP u_FIR_HP/u_FilterBank/u_subFilter_1_re/u_FilterTap_6/fTap_addout_reg_reg.
DSP Report: operator u_FIR_HP/u_FilterBank/u_subFilter_1_re/u_FilterTap_6/fTap_addout_reg0 is absorbed into DSP u_FIR_HP/u_FilterBank/u_subFilter_1_re/u_FilterTap_6/fTap_addout_reg_reg.
DSP Report: operator u_FIR_HP/u_FilterBank/u_subFilter_1_re/u_FilterTap_6/fTap_mult_reg0 is absorbed into DSP u_FIR_HP/u_FilterBank/u_subFilter_1_re/u_FilterTap_6/fTap_addout_reg_reg.
DSP Report: operator u_FIR_LP/u_FilterBank/u_subFilter_1_re/u_FilterTap_6/fTap_preAdd_reg0 is absorbed into DSP u_FIR_HP/u_FilterBank/u_subFilter_1_re/u_FilterTap_6/fTap_addout_reg_reg.
DSP Report: Generating DSP u_FIR_HP/u_FilterBank/u_subFilter_1_re/u_FilterTap_7/fTap_addout_reg_reg, operation Mode is: (PCIN+((D'+A'')*(B:0xef48)'')')'.
DSP Report: register u_FIR_LP/u_FilterBank/u_subFilter_1_re/u_FilterTap_1/fTap_din2_reg1_reg is absorbed into DSP u_FIR_HP/u_FilterBank/u_subFilter_1_re/u_FilterTap_7/fTap_addout_reg_reg.
DSP Report: register u_FIR_HP/u_FilterBank/u_subFilter_1_re/u_FilterTap_7/fTap_coef_reg1_reg is absorbed into DSP u_FIR_HP/u_FilterBank/u_subFilter_1_re/u_FilterTap_7/fTap_addout_reg_reg.
DSP Report: register u_FIR_HP/u_FilterBank/u_subFilter_1_re/u_FilterTap_7/fTap_coef_reg2_reg is absorbed into DSP u_FIR_HP/u_FilterBank/u_subFilter_1_re/u_FilterTap_7/fTap_addout_reg_reg.
DSP Report: register u_FIR_LP/u_FilterBank/u_subFilter_1_re/u_FilterTap_7/fTap_din1_reg1_reg is absorbed into DSP u_FIR_HP/u_FilterBank/u_subFilter_1_re/u_FilterTap_7/fTap_addout_reg_reg.
DSP Report: register u_FIR_LP/u_FilterBank/u_subFilter_1_re/u_FilterTap_7/fTap_din1_reg2_reg is absorbed into DSP u_FIR_HP/u_FilterBank/u_subFilter_1_re/u_FilterTap_7/fTap_addout_reg_reg.
DSP Report: register u_FIR_HP/u_FilterBank/u_subFilter_1_re/u_FilterTap_7/fTap_addout_reg_reg is absorbed into DSP u_FIR_HP/u_FilterBank/u_subFilter_1_re/u_FilterTap_7/fTap_addout_reg_reg.
DSP Report: register u_FIR_HP/u_FilterBank/u_subFilter_1_re/u_FilterTap_7/fTap_mult_reg_reg is absorbed into DSP u_FIR_HP/u_FilterBank/u_subFilter_1_re/u_FilterTap_7/fTap_addout_reg_reg.
DSP Report: register u_FIR_LP/u_FilterBank/u_subFilter_1_re/u_FilterTap_7/fTap_preAdd_reg_reg is absorbed into DSP u_FIR_HP/u_FilterBank/u_subFilter_1_re/u_FilterTap_7/fTap_addout_reg_reg.
DSP Report: operator u_FIR_HP/u_FilterBank/u_subFilter_1_re/u_FilterTap_7/fTap_addout_reg0 is absorbed into DSP u_FIR_HP/u_FilterBank/u_subFilter_1_re/u_FilterTap_7/fTap_addout_reg_reg.
DSP Report: operator u_FIR_HP/u_FilterBank/u_subFilter_1_re/u_FilterTap_7/fTap_mult_reg0 is absorbed into DSP u_FIR_HP/u_FilterBank/u_subFilter_1_re/u_FilterTap_7/fTap_addout_reg_reg.
DSP Report: operator u_FIR_LP/u_FilterBank/u_subFilter_1_re/u_FilterTap_7/fTap_preAdd_reg0 is absorbed into DSP u_FIR_HP/u_FilterBank/u_subFilter_1_re/u_FilterTap_7/fTap_addout_reg_reg.
DSP Report: Generating DSP u_FIR_HP/u_FilterBank/u_subFilter_1_re/u_FilterTap_8/fTap_addout_reg_reg, operation Mode is: (PCIN+((D'+A'')*(B:0xe8f3)'')')'.
DSP Report: register u_FIR_LP/u_FilterBank/u_subFilter_1_re/u_FilterTap_1/fTap_din2_reg1_reg is absorbed into DSP u_FIR_HP/u_FilterBank/u_subFilter_1_re/u_FilterTap_8/fTap_addout_reg_reg.
DSP Report: register u_FIR_HP/u_FilterBank/u_subFilter_1_re/u_FilterTap_8/fTap_coef_reg1_reg is absorbed into DSP u_FIR_HP/u_FilterBank/u_subFilter_1_re/u_FilterTap_8/fTap_addout_reg_reg.
DSP Report: register u_FIR_HP/u_FilterBank/u_subFilter_1_re/u_FilterTap_8/fTap_coef_reg2_reg is absorbed into DSP u_FIR_HP/u_FilterBank/u_subFilter_1_re/u_FilterTap_8/fTap_addout_reg_reg.
DSP Report: register u_FIR_LP/u_FilterBank/u_subFilter_1_re/u_FilterTap_8/fTap_din1_reg1_reg is absorbed into DSP u_FIR_HP/u_FilterBank/u_subFilter_1_re/u_FilterTap_8/fTap_addout_reg_reg.
DSP Report: register u_FIR_LP/u_FilterBank/u_subFilter_1_re/u_FilterTap_8/fTap_din1_reg2_reg is absorbed into DSP u_FIR_HP/u_FilterBank/u_subFilter_1_re/u_FilterTap_8/fTap_addout_reg_reg.
DSP Report: register u_FIR_HP/u_FilterBank/u_subFilter_1_re/u_FilterTap_8/fTap_addout_reg_reg is absorbed into DSP u_FIR_HP/u_FilterBank/u_subFilter_1_re/u_FilterTap_8/fTap_addout_reg_reg.
DSP Report: register u_FIR_HP/u_FilterBank/u_subFilter_1_re/u_FilterTap_8/fTap_mult_reg_reg is absorbed into DSP u_FIR_HP/u_FilterBank/u_subFilter_1_re/u_FilterTap_8/fTap_addout_reg_reg.
DSP Report: register u_FIR_LP/u_FilterBank/u_subFilter_1_re/u_FilterTap_8/fTap_preAdd_reg_reg is absorbed into DSP u_FIR_HP/u_FilterBank/u_subFilter_1_re/u_FilterTap_8/fTap_addout_reg_reg.
DSP Report: operator u_FIR_HP/u_FilterBank/u_subFilter_1_re/u_FilterTap_8/fTap_addout_reg0 is absorbed into DSP u_FIR_HP/u_FilterBank/u_subFilter_1_re/u_FilterTap_8/fTap_addout_reg_reg.
DSP Report: operator u_FIR_HP/u_FilterBank/u_subFilter_1_re/u_FilterTap_8/fTap_mult_reg0 is absorbed into DSP u_FIR_HP/u_FilterBank/u_subFilter_1_re/u_FilterTap_8/fTap_addout_reg_reg.
DSP Report: operator u_FIR_LP/u_FilterBank/u_subFilter_1_re/u_FilterTap_8/fTap_preAdd_reg0 is absorbed into DSP u_FIR_HP/u_FilterBank/u_subFilter_1_re/u_FilterTap_8/fTap_addout_reg_reg.
DSP Report: Generating DSP u_FIR_HP/u_FilterBank/u_subFilter_1_re/u_FilterTap_9/fTap_addout_reg_reg, operation Mode is: (PCIN+(((D:0x0)'+A'')*(B:0x6621)'')')'.
DSP Report: register u_FIR_LP/u_FilterBank/u_subFilter_1_re/u_FilterTap_9/fTap_din2_reg1_reg is absorbed into DSP u_FIR_HP/u_FilterBank/u_subFilter_1_re/u_FilterTap_9/fTap_addout_reg_reg.
DSP Report: register u_FIR_HP/u_FilterBank/u_subFilter_1_re/u_FilterTap_9/fTap_coef_reg1_reg is absorbed into DSP u_FIR_HP/u_FilterBank/u_subFilter_1_re/u_FilterTap_9/fTap_addout_reg_reg.
DSP Report: register u_FIR_HP/u_FilterBank/u_subFilter_1_re/u_FilterTap_9/fTap_coef_reg2_reg is absorbed into DSP u_FIR_HP/u_FilterBank/u_subFilter_1_re/u_FilterTap_9/fTap_addout_reg_reg.
DSP Report: register u_FIR_LP/u_FilterBank/u_subFilter_1_re/u_FilterTap_9/fTap_din1_reg1_reg is absorbed into DSP u_FIR_HP/u_FilterBank/u_subFilter_1_re/u_FilterTap_9/fTap_addout_reg_reg.
DSP Report: register u_FIR_LP/u_FilterBank/u_subFilter_1_re/u_FilterTap_9/fTap_din1_reg2_reg is absorbed into DSP u_FIR_HP/u_FilterBank/u_subFilter_1_re/u_FilterTap_9/fTap_addout_reg_reg.
DSP Report: register u_FIR_HP/u_FilterBank/u_subFilter_1_re/u_FilterTap_9/fTap_addout_reg_reg is absorbed into DSP u_FIR_HP/u_FilterBank/u_subFilter_1_re/u_FilterTap_9/fTap_addout_reg_reg.
DSP Report: register u_FIR_HP/u_FilterBank/u_subFilter_1_re/u_FilterTap_9/fTap_mult_reg_reg is absorbed into DSP u_FIR_HP/u_FilterBank/u_subFilter_1_re/u_FilterTap_9/fTap_addout_reg_reg.
DSP Report: register u_FIR_LP/u_FilterBank/u_subFilter_1_re/u_FilterTap_9/fTap_preAdd_reg_reg is absorbed into DSP u_FIR_HP/u_FilterBank/u_subFilter_1_re/u_FilterTap_9/fTap_addout_reg_reg.
DSP Report: operator u_FIR_HP/u_FilterBank/u_subFilter_1_re/u_FilterTap_9/fTap_addout_reg0 is absorbed into DSP u_FIR_HP/u_FilterBank/u_subFilter_1_re/u_FilterTap_9/fTap_addout_reg_reg.
DSP Report: operator u_FIR_HP/u_FilterBank/u_subFilter_1_re/u_FilterTap_9/fTap_mult_reg0 is absorbed into DSP u_FIR_HP/u_FilterBank/u_subFilter_1_re/u_FilterTap_9/fTap_addout_reg_reg.
DSP Report: operator u_FIR_LP/u_FilterBank/u_subFilter_1_re/u_FilterTap_9/fTap_preAdd_reg0 is absorbed into DSP u_FIR_HP/u_FilterBank/u_subFilter_1_re/u_FilterTap_9/fTap_addout_reg_reg.
DSP Report: Generating DSP u_FIR_LP/u_FilterBank/u_subFilter_1_re/u_FilterTap_1/fTap_addout_reg_reg, operation Mode is: ((D'+A2)*(B:0xfe6f)'')'.
DSP Report: register u_FIR_LP/u_FilterBank/u_subFilter_1_re/u_FilterTap_1/fTap_coef_reg1_reg is absorbed into DSP u_FIR_LP/u_FilterBank/u_subFilter_1_re/u_FilterTap_1/fTap_addout_reg_reg.
DSP Report: register u_FIR_LP/u_FilterBank/u_subFilter_1_re/u_FilterTap_1/fTap_coef_reg2_reg is absorbed into DSP u_FIR_LP/u_FilterBank/u_subFilter_1_re/u_FilterTap_1/fTap_addout_reg_reg.
DSP Report: register u_FIR_LP/u_FilterBank/u_subFilter_1_re/u_FilterTap_1/fTap_din1_reg2_reg is absorbed into DSP u_FIR_LP/u_FilterBank/u_subFilter_1_re/u_FilterTap_1/fTap_addout_reg_reg.
DSP Report: register u_FIR_LP/u_FilterBank/u_subFilter_1_re/u_FilterTap_1/fTap_din2_reg1_reg is absorbed into DSP u_FIR_LP/u_FilterBank/u_subFilter_1_re/u_FilterTap_1/fTap_addout_reg_reg.
DSP Report: register u_FIR_LP/u_FilterBank/u_subFilter_1_re/u_FilterTap_1/fTap_addout_reg_reg is absorbed into DSP u_FIR_LP/u_FilterBank/u_subFilter_1_re/u_FilterTap_1/fTap_addout_reg_reg.
DSP Report: register u_FIR_LP/u_FilterBank/u_subFilter_1_re/u_FilterTap_1/fTap_mult_reg_reg is absorbed into DSP u_FIR_LP/u_FilterBank/u_subFilter_1_re/u_FilterTap_1/fTap_addout_reg_reg.
DSP Report: register u_FIR_LP/u_FilterBank/u_subFilter_1_re/u_FilterTap_1/fTap_preAdd_reg_reg is absorbed into DSP u_FIR_LP/u_FilterBank/u_subFilter_1_re/u_FilterTap_1/fTap_addout_reg_reg.
DSP Report: operator u_FIR_LP/u_FilterBank/u_subFilter_1_re/u_FilterTap_1/fTap_addout_reg0 is absorbed into DSP u_FIR_LP/u_FilterBank/u_subFilter_1_re/u_FilterTap_1/fTap_addout_reg_reg.
DSP Report: operator u_FIR_LP/u_FilterBank/u_subFilter_1_re/u_FilterTap_1/fTap_mult_reg0 is absorbed into DSP u_FIR_LP/u_FilterBank/u_subFilter_1_re/u_FilterTap_1/fTap_addout_reg_reg.
DSP Report: operator u_FIR_LP/u_FilterBank/u_subFilter_1_re/u_FilterTap_1/fTap_preAdd_reg0 is absorbed into DSP u_FIR_LP/u_FilterBank/u_subFilter_1_re/u_FilterTap_1/fTap_addout_reg_reg.
DSP Report: Generating DSP u_FIR_LP/u_FilterBank/u_subFilter_1_re/u_FilterTap_2/fTap_addout_reg_reg, operation Mode is: (PCIN+((D'+A2)*(B:0xfd6d)'')')'.
DSP Report: register u_FIR_LP/u_FilterBank/u_subFilter_1_re/u_FilterTap_2/fTap_coef_reg1_reg is absorbed into DSP u_FIR_LP/u_FilterBank/u_subFilter_1_re/u_FilterTap_2/fTap_addout_reg_reg.
DSP Report: register u_FIR_LP/u_FilterBank/u_subFilter_1_re/u_FilterTap_2/fTap_coef_reg2_reg is absorbed into DSP u_FIR_LP/u_FilterBank/u_subFilter_1_re/u_FilterTap_2/fTap_addout_reg_reg.
DSP Report: register u_FIR_LP/u_FilterBank/u_subFilter_1_re/u_FilterTap_1/fTap_din2_reg1_reg is absorbed into DSP u_FIR_LP/u_FilterBank/u_subFilter_1_re/u_FilterTap_2/fTap_addout_reg_reg.
DSP Report: register u_FIR_LP/u_FilterBank/u_subFilter_1_re/u_FilterTap_2/fTap_din1_reg2_reg is absorbed into DSP u_FIR_LP/u_FilterBank/u_subFilter_1_re/u_FilterTap_2/fTap_addout_reg_reg.
DSP Report: register u_FIR_LP/u_FilterBank/u_subFilter_1_re/u_FilterTap_2/fTap_addout_reg_reg is absorbed into DSP u_FIR_LP/u_FilterBank/u_subFilter_1_re/u_FilterTap_2/fTap_addout_reg_reg.
DSP Report: register u_FIR_LP/u_FilterBank/u_subFilter_1_re/u_FilterTap_2/fTap_mult_reg_reg is absorbed into DSP u_FIR_LP/u_FilterBank/u_subFilter_1_re/u_FilterTap_2/fTap_addout_reg_reg.
DSP Report: register u_FIR_LP/u_FilterBank/u_subFilter_1_re/u_FilterTap_2/fTap_preAdd_reg_reg is absorbed into DSP u_FIR_LP/u_FilterBank/u_subFilter_1_re/u_FilterTap_2/fTap_addout_reg_reg.
DSP Report: operator u_FIR_LP/u_FilterBank/u_subFilter_1_re/u_FilterTap_2/fTap_addout_reg0 is absorbed into DSP u_FIR_LP/u_FilterBank/u_subFilter_1_re/u_FilterTap_2/fTap_addout_reg_reg.
DSP Report: operator u_FIR_LP/u_FilterBank/u_subFilter_1_re/u_FilterTap_2/fTap_mult_reg0 is absorbed into DSP u_FIR_LP/u_FilterBank/u_subFilter_1_re/u_FilterTap_2/fTap_addout_reg_reg.
DSP Report: operator u_FIR_LP/u_FilterBank/u_subFilter_1_re/u_FilterTap_2/fTap_preAdd_reg0 is absorbed into DSP u_FIR_LP/u_FilterBank/u_subFilter_1_re/u_FilterTap_2/fTap_addout_reg_reg.
DSP Report: Generating DSP u_FIR_LP/u_FilterBank/u_subFilter_1_re/u_FilterTap_3/fTap_addout_reg_reg, operation Mode is: (PCIN+((D'+A2)*(B:0xfc88)'')')'.
DSP Report: register u_FIR_LP/u_FilterBank/u_subFilter_1_re/u_FilterTap_3/fTap_coef_reg1_reg is absorbed into DSP u_FIR_LP/u_FilterBank/u_subFilter_1_re/u_FilterTap_3/fTap_addout_reg_reg.
DSP Report: register u_FIR_LP/u_FilterBank/u_subFilter_1_re/u_FilterTap_3/fTap_coef_reg2_reg is absorbed into DSP u_FIR_LP/u_FilterBank/u_subFilter_1_re/u_FilterTap_3/fTap_addout_reg_reg.
DSP Report: register u_FIR_LP/u_FilterBank/u_subFilter_1_re/u_FilterTap_3/fTap_din1_reg2_reg is absorbed into DSP u_FIR_LP/u_FilterBank/u_subFilter_1_re/u_FilterTap_3/fTap_addout_reg_reg.
DSP Report: register u_FIR_LP/u_FilterBank/u_subFilter_1_re/u_FilterTap_1/fTap_din2_reg1_reg is absorbed into DSP u_FIR_LP/u_FilterBank/u_subFilter_1_re/u_FilterTap_3/fTap_addout_reg_reg.
DSP Report: register u_FIR_LP/u_FilterBank/u_subFilter_1_re/u_FilterTap_3/fTap_addout_reg_reg is absorbed into DSP u_FIR_LP/u_FilterBank/u_subFilter_1_re/u_FilterTap_3/fTap_addout_reg_reg.
DSP Report: register u_FIR_LP/u_FilterBank/u_subFilter_1_re/u_FilterTap_3/fTap_mult_reg_reg is absorbed into DSP u_FIR_LP/u_FilterBank/u_subFilter_1_re/u_FilterTap_3/fTap_addout_reg_reg.
DSP Report: register u_FIR_LP/u_FilterBank/u_subFilter_1_re/u_FilterTap_3/fTap_preAdd_reg_reg is absorbed into DSP u_FIR_LP/u_FilterBank/u_subFilter_1_re/u_FilterTap_3/fTap_addout_reg_reg.
DSP Report: operator u_FIR_LP/u_FilterBank/u_subFilter_1_re/u_FilterTap_3/fTap_addout_reg0 is absorbed into DSP u_FIR_LP/u_FilterBank/u_subFilter_1_re/u_FilterTap_3/fTap_addout_reg_reg.
DSP Report: operator u_FIR_LP/u_FilterBank/u_subFilter_1_re/u_FilterTap_3/fTap_mult_reg0 is absorbed into DSP u_FIR_LP/u_FilterBank/u_subFilter_1_re/u_FilterTap_3/fTap_addout_reg_reg.
DSP Report: operator u_FIR_LP/u_FilterBank/u_subFilter_1_re/u_FilterTap_3/fTap_preAdd_reg0 is absorbed into DSP u_FIR_LP/u_FilterBank/u_subFilter_1_re/u_FilterTap_3/fTap_addout_reg_reg.
DSP Report: Generating DSP u_FIR_LP/u_FilterBank/u_subFilter_1_re/u_FilterTap_5/fTap_addout_reg_reg, operation Mode is: (C'+((D'+A2)*(B:0xd15)'')')'.
DSP Report: register u_FIR_LP/u_FilterBank/u_subFilter_1_re/u_FilterTap_5/fTap_coef_reg1_reg is absorbed into DSP u_FIR_LP/u_FilterBank/u_subFilter_1_re/u_FilterTap_5/fTap_addout_reg_reg.
DSP Report: register u_FIR_LP/u_FilterBank/u_subFilter_1_re/u_FilterTap_5/fTap_coef_reg2_reg is absorbed into DSP u_FIR_LP/u_FilterBank/u_subFilter_1_re/u_FilterTap_5/fTap_addout_reg_reg.
DSP Report: register u_FIR_LP/u_FilterBank/u_subFilter_1_re/u_FilterTap_1/fTap_din2_reg1_reg is absorbed into DSP u_FIR_LP/u_FilterBank/u_subFilter_1_re/u_FilterTap_5/fTap_addout_reg_reg.
DSP Report: register u_FIR_LP/u_FilterBank/u_subFilter_1_re/u_FilterTap_4/fTap_addout_reg_reg is absorbed into DSP u_FIR_LP/u_FilterBank/u_subFilter_1_re/u_FilterTap_5/fTap_addout_reg_reg.
DSP Report: register u_FIR_LP/u_FilterBank/u_subFilter_1_re/u_FilterTap_5/fTap_din1_reg2_reg is absorbed into DSP u_FIR_LP/u_FilterBank/u_subFilter_1_re/u_FilterTap_5/fTap_addout_reg_reg.
DSP Report: register u_FIR_LP/u_FilterBank/u_subFilter_1_re/u_FilterTap_5/fTap_addout_reg_reg is absorbed into DSP u_FIR_LP/u_FilterBank/u_subFilter_1_re/u_FilterTap_5/fTap_addout_reg_reg.
DSP Report: register u_FIR_LP/u_FilterBank/u_subFilter_1_re/u_FilterTap_5/fTap_mult_reg_reg is absorbed into DSP u_FIR_LP/u_FilterBank/u_subFilter_1_re/u_FilterTap_5/fTap_addout_reg_reg.
DSP Report: register u_FIR_LP/u_FilterBank/u_subFilter_1_re/u_FilterTap_5/fTap_preAdd_reg_reg is absorbed into DSP u_FIR_LP/u_FilterBank/u_subFilter_1_re/u_FilterTap_5/fTap_addout_reg_reg.
DSP Report: operator u_FIR_LP/u_FilterBank/u_subFilter_1_re/u_FilterTap_5/fTap_addout_reg0 is absorbed into DSP u_FIR_LP/u_FilterBank/u_subFilter_1_re/u_FilterTap_5/fTap_addout_reg_reg.
DSP Report: operator u_FIR_LP/u_FilterBank/u_subFilter_1_re/u_FilterTap_5/fTap_mult_reg0 is absorbed into DSP u_FIR_LP/u_FilterBank/u_subFilter_1_re/u_FilterTap_5/fTap_addout_reg_reg.
DSP Report: operator u_FIR_LP/u_FilterBank/u_subFilter_1_re/u_FilterTap_5/fTap_preAdd_reg0 is absorbed into DSP u_FIR_LP/u_FilterBank/u_subFilter_1_re/u_FilterTap_5/fTap_addout_reg_reg.
DSP Report: Generating DSP u_FIR_LP/u_FilterBank/u_subFilter_1_re/u_FilterTap_6/fTap_addout_reg_reg, operation Mode is: (PCIN+((D'+A2)*(B:0x256b)'')')'.
DSP Report: register u_FIR_LP/u_FilterBank/u_subFilter_1_re/u_FilterTap_6/fTap_coef_reg1_reg is absorbed into DSP u_FIR_LP/u_FilterBank/u_subFilter_1_re/u_FilterTap_6/fTap_addout_reg_reg.
DSP Report: register u_FIR_LP/u_FilterBank/u_subFilter_1_re/u_FilterTap_6/fTap_coef_reg2_reg is absorbed into DSP u_FIR_LP/u_FilterBank/u_subFilter_1_re/u_FilterTap_6/fTap_addout_reg_reg.
DSP Report: register u_FIR_LP/u_FilterBank/u_subFilter_1_re/u_FilterTap_1/fTap_din2_reg1_reg is absorbed into DSP u_FIR_LP/u_FilterBank/u_subFilter_1_re/u_FilterTap_6/fTap_addout_reg_reg.
DSP Report: register u_FIR_LP/u_FilterBank/u_subFilter_1_re/u_FilterTap_6/fTap_din1_reg2_reg is absorbed into DSP u_FIR_LP/u_FilterBank/u_subFilter_1_re/u_FilterTap_6/fTap_addout_reg_reg.
DSP Report: register u_FIR_LP/u_FilterBank/u_subFilter_1_re/u_FilterTap_6/fTap_addout_reg_reg is absorbed into DSP u_FIR_LP/u_FilterBank/u_subFilter_1_re/u_FilterTap_6/fTap_addout_reg_reg.
DSP Report: register u_FIR_LP/u_FilterBank/u_subFilter_1_re/u_FilterTap_6/fTap_mult_reg_reg is absorbed into DSP u_FIR_LP/u_FilterBank/u_subFilter_1_re/u_FilterTap_6/fTap_addout_reg_reg.
DSP Report: register u_FIR_LP/u_FilterBank/u_subFilter_1_re/u_FilterTap_6/fTap_preAdd_reg_reg is absorbed into DSP u_FIR_LP/u_FilterBank/u_subFilter_1_re/u_FilterTap_6/fTap_addout_reg_reg.
DSP Report: operator u_FIR_LP/u_FilterBank/u_subFilter_1_re/u_FilterTap_6/fTap_addout_reg0 is absorbed into DSP u_FIR_LP/u_FilterBank/u_subFilter_1_re/u_FilterTap_6/fTap_addout_reg_reg.
DSP Report: operator u_FIR_LP/u_FilterBank/u_subFilter_1_re/u_FilterTap_6/fTap_mult_reg0 is absorbed into DSP u_FIR_LP/u_FilterBank/u_subFilter_1_re/u_FilterTap_6/fTap_addout_reg_reg.
DSP Report: operator u_FIR_LP/u_FilterBank/u_subFilter_1_re/u_FilterTap_6/fTap_preAdd_reg0 is absorbed into DSP u_FIR_LP/u_FilterBank/u_subFilter_1_re/u_FilterTap_6/fTap_addout_reg_reg.
DSP Report: Generating DSP u_FIR_LP/u_FilterBank/u_subFilter_1_re/u_FilterTap_7/fTap_addout_reg_reg, operation Mode is: (PCIN+((D'+A'')*(B:0x43d3)'')')'.
DSP Report: register u_FIR_LP/u_FilterBank/u_subFilter_1_re/u_FilterTap_1/fTap_din2_reg1_reg is absorbed into DSP u_FIR_LP/u_FilterBank/u_subFilter_1_re/u_FilterTap_7/fTap_addout_reg_reg.
DSP Report: register u_FIR_LP/u_FilterBank/u_subFilter_1_re/u_FilterTap_7/fTap_coef_reg1_reg is absorbed into DSP u_FIR_LP/u_FilterBank/u_subFilter_1_re/u_FilterTap_7/fTap_addout_reg_reg.
DSP Report: register u_FIR_LP/u_FilterBank/u_subFilter_1_re/u_FilterTap_7/fTap_coef_reg2_reg is absorbed into DSP u_FIR_LP/u_FilterBank/u_subFilter_1_re/u_FilterTap_7/fTap_addout_reg_reg.
DSP Report: register u_FIR_LP/u_FilterBank/u_subFilter_1_re/u_FilterTap_7/fTap_din1_reg1_reg is absorbed into DSP u_FIR_LP/u_FilterBank/u_subFilter_1_re/u_FilterTap_7/fTap_addout_reg_reg.
DSP Report: register u_FIR_LP/u_FilterBank/u_subFilter_1_re/u_FilterTap_7/fTap_din1_reg2_reg is absorbed into DSP u_FIR_LP/u_FilterBank/u_subFilter_1_re/u_FilterTap_7/fTap_addout_reg_reg.
DSP Report: register u_FIR_LP/u_FilterBank/u_subFilter_1_re/u_FilterTap_7/fTap_addout_reg_reg is absorbed into DSP u_FIR_LP/u_FilterBank/u_subFilter_1_re/u_FilterTap_7/fTap_addout_reg_reg.
DSP Report: register u_FIR_LP/u_FilterBank/u_subFilter_1_re/u_FilterTap_7/fTap_mult_reg_reg is absorbed into DSP u_FIR_LP/u_FilterBank/u_subFilter_1_re/u_FilterTap_7/fTap_addout_reg_reg.
DSP Report: register u_FIR_LP/u_FilterBank/u_subFilter_1_re/u_FilterTap_7/fTap_preAdd_reg_reg is absorbed into DSP u_FIR_LP/u_FilterBank/u_subFilter_1_re/u_FilterTap_7/fTap_addout_reg_reg.
DSP Report: operator u_FIR_LP/u_FilterBank/u_subFilter_1_re/u_FilterTap_7/fTap_addout_reg0 is absorbed into DSP u_FIR_LP/u_FilterBank/u_subFilter_1_re/u_FilterTap_7/fTap_addout_reg_reg.
DSP Report: operator u_FIR_LP/u_FilterBank/u_subFilter_1_re/u_FilterTap_7/fTap_mult_reg0 is absorbed into DSP u_FIR_LP/u_FilterBank/u_subFilter_1_re/u_FilterTap_7/fTap_addout_reg_reg.
DSP Report: operator u_FIR_LP/u_FilterBank/u_subFilter_1_re/u_FilterTap_7/fTap_preAdd_reg0 is absorbed into DSP u_FIR_LP/u_FilterBank/u_subFilter_1_re/u_FilterTap_7/fTap_addout_reg_reg.
DSP Report: Generating DSP u_FIR_LP/u_FilterBank/u_subFilter_1_re/u_FilterTap_8/fTap_addout_reg_reg, operation Mode is: (PCIN+((D'+A'')*(B:0x5d80)'')')'.
DSP Report: register u_FIR_LP/u_FilterBank/u_subFilter_1_re/u_FilterTap_1/fTap_din2_reg1_reg is absorbed into DSP u_FIR_LP/u_FilterBank/u_subFilter_1_re/u_FilterTap_8/fTap_addout_reg_reg.
DSP Report: register u_FIR_LP/u_FilterBank/u_subFilter_1_re/u_FilterTap_8/fTap_coef_reg1_reg is absorbed into DSP u_FIR_LP/u_FilterBank/u_subFilter_1_re/u_FilterTap_8/fTap_addout_reg_reg.
DSP Report: register u_FIR_LP/u_FilterBank/u_subFilter_1_re/u_FilterTap_8/fTap_coef_reg2_reg is absorbed into DSP u_FIR_LP/u_FilterBank/u_subFilter_1_re/u_FilterTap_8/fTap_addout_reg_reg.
DSP Report: register u_FIR_LP/u_FilterBank/u_subFilter_1_re/u_FilterTap_8/fTap_din1_reg1_reg is absorbed into DSP u_FIR_LP/u_FilterBank/u_subFilter_1_re/u_FilterTap_8/fTap_addout_reg_reg.
DSP Report: register u_FIR_LP/u_FilterBank/u_subFilter_1_re/u_FilterTap_8/fTap_din1_reg2_reg is absorbed into DSP u_FIR_LP/u_FilterBank/u_subFilter_1_re/u_FilterTap_8/fTap_addout_reg_reg.
DSP Report: register u_FIR_LP/u_FilterBank/u_subFilter_1_re/u_FilterTap_8/fTap_addout_reg_reg is absorbed into DSP u_FIR_LP/u_FilterBank/u_subFilter_1_re/u_FilterTap_8/fTap_addout_reg_reg.
DSP Report: register u_FIR_LP/u_FilterBank/u_subFilter_1_re/u_FilterTap_8/fTap_mult_reg_reg is absorbed into DSP u_FIR_LP/u_FilterBank/u_subFilter_1_re/u_FilterTap_8/fTap_addout_reg_reg.
DSP Report: register u_FIR_LP/u_FilterBank/u_subFilter_1_re/u_FilterTap_8/fTap_preAdd_reg_reg is absorbed into DSP u_FIR_LP/u_FilterBank/u_subFilter_1_re/u_FilterTap_8/fTap_addout_reg_reg.
DSP Report: operator u_FIR_LP/u_FilterBank/u_subFilter_1_re/u_FilterTap_8/fTap_addout_reg0 is absorbed into DSP u_FIR_LP/u_FilterBank/u_subFilter_1_re/u_FilterTap_8/fTap_addout_reg_reg.
DSP Report: operator u_FIR_LP/u_FilterBank/u_subFilter_1_re/u_FilterTap_8/fTap_mult_reg0 is absorbed into DSP u_FIR_LP/u_FilterBank/u_subFilter_1_re/u_FilterTap_8/fTap_addout_reg_reg.
DSP Report: operator u_FIR_LP/u_FilterBank/u_subFilter_1_re/u_FilterTap_8/fTap_preAdd_reg0 is absorbed into DSP u_FIR_LP/u_FilterBank/u_subFilter_1_re/u_FilterTap_8/fTap_addout_reg_reg.
DSP Report: Generating DSP u_FIR_LP/u_FilterBank/u_subFilter_1_re/u_FilterTap_9/fTap_addout_reg_reg, operation Mode is: (PCIN+((D'+(A:0x0)')*(B:0x6793)'')')'.
DSP Report: register u_FIR_LP/u_FilterBank/u_subFilter_1_re/u_FilterTap_9/fTap_coef_reg1_reg is absorbed into DSP u_FIR_LP/u_FilterBank/u_subFilter_1_re/u_FilterTap_9/fTap_addout_reg_reg.
DSP Report: register u_FIR_LP/u_FilterBank/u_subFilter_1_re/u_FilterTap_9/fTap_coef_reg2_reg is absorbed into DSP u_FIR_LP/u_FilterBank/u_subFilter_1_re/u_FilterTap_9/fTap_addout_reg_reg.
DSP Report: register u_FIR_LP/u_FilterBank/u_subFilter_1_re/u_FilterTap_9/fTap_din2_reg1_reg is absorbed into DSP u_FIR_LP/u_FilterBank/u_subFilter_1_re/u_FilterTap_9/fTap_addout_reg_reg.
DSP Report: register u_FIR_LP/u_FilterBank/u_subFilter_1_re/u_FilterTap_9/fTap_din1_reg2_reg is absorbed into DSP u_FIR_LP/u_FilterBank/u_subFilter_1_re/u_FilterTap_9/fTap_addout_reg_reg.
DSP Report: register u_FIR_LP/u_FilterBank/u_subFilter_1_re/u_FilterTap_9/fTap_addout_reg_reg is absorbed into DSP u_FIR_LP/u_FilterBank/u_subFilter_1_re/u_FilterTap_9/fTap_addout_reg_reg.
DSP Report: register u_FIR_LP/u_FilterBank/u_subFilter_1_re/u_FilterTap_9/fTap_mult_reg_reg is absorbed into DSP u_FIR_LP/u_FilterBank/u_subFilter_1_re/u_FilterTap_9/fTap_addout_reg_reg.
DSP Report: register u_FIR_LP/u_FilterBank/u_subFilter_1_re/u_FilterTap_9/fTap_preAdd_reg_reg is absorbed into DSP u_FIR_LP/u_FilterBank/u_subFilter_1_re/u_FilterTap_9/fTap_addout_reg_reg.
DSP Report: operator u_FIR_LP/u_FilterBank/u_subFilter_1_re/u_FilterTap_9/fTap_addout_reg0 is absorbed into DSP u_FIR_LP/u_FilterBank/u_subFilter_1_re/u_FilterTap_9/fTap_addout_reg_reg.
DSP Report: operator u_FIR_LP/u_FilterBank/u_subFilter_1_re/u_FilterTap_9/fTap_mult_reg0 is absorbed into DSP u_FIR_LP/u_FilterBank/u_subFilter_1_re/u_FilterTap_9/fTap_addout_reg_reg.
DSP Report: operator u_FIR_LP/u_FilterBank/u_subFilter_1_re/u_FilterTap_9/fTap_preAdd_reg0 is absorbed into DSP u_FIR_LP/u_FilterBank/u_subFilter_1_re/u_FilterTap_9/fTap_addout_reg_reg.
WARNING: [Synth 8-3917] design dsp_filter_dut has port rgb[0] driven by constant 0
---------------------------------------------------------------------------------
Finished Cross Boundary and Area Optimization : Time (s): cpu = 00:00:20 ; elapsed = 00:00:24 . Memory (MB): peak = 1696.121 ; gain = 663.906
---------------------------------------------------------------------------------
 Sort Area is  u_FIR_LP/u_FilterBank/u_subFilter_1_re/u_FilterTap_5/fTap_addout_reg_reg_3 : 0 0 : 2378 11782 : Used 1 time 0
 Sort Area is  u_FIR_LP/u_FilterBank/u_subFilter_1_re/u_FilterTap_5/fTap_addout_reg_reg_3 : 0 1 : 2343 11782 : Used 1 time 0
 Sort Area is  u_FIR_LP/u_FilterBank/u_subFilter_1_re/u_FilterTap_5/fTap_addout_reg_reg_3 : 0 2 : 2359 11782 : Used 1 time 0
 Sort Area is  u_FIR_LP/u_FilterBank/u_subFilter_1_re/u_FilterTap_5/fTap_addout_reg_reg_3 : 0 3 : 2359 11782 : Used 1 time 0
 Sort Area is  u_FIR_LP/u_FilterBank/u_subFilter_1_re/u_FilterTap_5/fTap_addout_reg_reg_3 : 0 4 : 2343 11782 : Used 1 time 0
 Sort Area is  u_FIR_HP/u_FilterBank/u_subFilter_1_re/u_FilterTap_5/fTap_addout_reg_reg_9 : 0 0 : 2380 11768 : Used 1 time 0
 Sort Area is  u_FIR_HP/u_FilterBank/u_subFilter_1_re/u_FilterTap_5/fTap_addout_reg_reg_9 : 0 1 : 2347 11768 : Used 1 time 0
 Sort Area is  u_FIR_HP/u_FilterBank/u_subFilter_1_re/u_FilterTap_5/fTap_addout_reg_reg_9 : 0 2 : 2347 11768 : Used 1 time 0
 Sort Area is  u_FIR_HP/u_FilterBank/u_subFilter_1_re/u_FilterTap_5/fTap_addout_reg_reg_9 : 0 3 : 2347 11768 : Used 1 time 0
 Sort Area is  u_FIR_HP/u_FilterBank/u_subFilter_1_re/u_FilterTap_5/fTap_addout_reg_reg_9 : 0 4 : 2347 11768 : Used 1 time 0
 Sort Area is  u_FIR_HP/u_FilterBank/u_subFilter_1_re/u_FilterTap_1/fTap_addout_reg_reg_6 : 0 0 : 2347 7041 : Used 1 time 0
 Sort Area is  u_FIR_HP/u_FilterBank/u_subFilter_1_re/u_FilterTap_1/fTap_addout_reg_reg_6 : 0 1 : 2347 7041 : Used 1 time 0
 Sort Area is  u_FIR_HP/u_FilterBank/u_subFilter_1_re/u_FilterTap_1/fTap_addout_reg_reg_6 : 0 2 : 2347 7041 : Used 1 time 0
 Sort Area is  u_FIR_LP/u_FilterBank/u_subFilter_1_re/u_FilterTap_1/fTap_addout_reg_reg_0 : 0 0 : 2339 7025 : Used 1 time 0
 Sort Area is  u_FIR_LP/u_FilterBank/u_subFilter_1_re/u_FilterTap_1/fTap_addout_reg_reg_0 : 0 1 : 2343 7025 : Used 1 time 0
 Sort Area is  u_FIR_LP/u_FilterBank/u_subFilter_1_re/u_FilterTap_1/fTap_addout_reg_reg_0 : 0 2 : 2343 7025 : Used 1 time 0
---------------------------------------------------------------------------------
Start ROM, RAM, DSP, Shift Register and Retiming Reporting
---------------------------------------------------------------------------------

ROM: Preliminary Mapping Report
+---------------+--------------------------------------------------+---------------+----------------+
|Module Name    | RTL Object                                       | Depth x Width | Implemented As | 
+---------------+--------------------------------------------------+---------------+----------------+
|dsp_filter_dut | u_NCO/u_Wave_inst/u_SineWave_inst/lutout_reg_reg | 1024x16       | Block RAM      | 
+---------------+--------------------------------------------------+---------------+----------------+


DSP: Preliminary Mapping Report (see note below. The ' indicates corresponding REG is set)
+-----------------------------------+----------------------------------------+--------+--------+--------+--------+--------+------+------+------+------+-------+------+------+
|Module Name                        | DSP Mapping                            | A Size | B Size | C Size | D Size | P Size | AREG | BREG | CREG | DREG | ADREG | MREG | PREG | 
+-----------------------------------+----------------------------------------+--------+--------+--------+--------+--------+------+------+------+------+-------+------+------+
|FilterTapSystolicPreAddWvlIn_block | ((D'+A'')*(B:0x63)'')'                 | 16     | 16     | -      | 16     | 33     | 2    | 2    | -    | 1    | 1     | 1    | 1    | 
|FilterTapSystolicPreAddWvlIn_block | (PCIN+((D'+ACIN'')*(B:0xa3)'')')'      | 16     | 16     | -      | 16     | 33     | 2    | 2    | -    | 1    | 1     | 1    | 1    | 
|FilterTapSystolicPreAddWvlIn_block | (PCIN+((D'+A'')*(B:0xdb)'')')'         | 16     | 16     | -      | 16     | 33     | 2    | 2    | -    | 1    | 1     | 1    | 1    | 
|FilterTapSystolicPreAddWvlIn_block | (C'+((D'+A'')*(B:0xfcc7)'')')'         | 16     | 16     | 33     | 16     | 33     | 2    | 2    | 1    | 1    | 1     | 1    | 1    | 
|FilterTapSystolicPreAddWvlIn_block | (PCIN+((D'+A'')*(B:0xf6c7)'')')'       | 16     | 16     | -      | 16     | 33     | 2    | 2    | -    | 1    | 1     | 1    | 1    | 
|FilterTapSystolicPreAddWvlIn_block | (PCIN+((D'+A'')*(B:0xef48)'')')'       | 16     | 16     | -      | 16     | 33     | 2    | 2    | -    | 1    | 1     | 1    | 1    | 
|FilterTapSystolicPreAddWvlIn_block | (PCIN+((D'+A'')*(B:0xe8f3)'')')'       | 16     | 16     | -      | 16     | 33     | 2    | 2    | -    | 1    | 1     | 1    | 1    | 
|FilterTapSystolicPreAddWvlIn_block | (PCIN+(((D:0x0)'+A'')*(B:0x6621)'')')' | 16     | 16     | -      | 16     | 33     | 2    | 2    | -    | 1    | 1     | 1    | 1    | 
|FilterTapSystolicPreAddWvlIn_block | ((D'+A2)*(B:0xfe6f)'')'                | 16     | 16     | -      | 16     | 35     | 1    | 2    | -    | 1    | 1     | 1    | 1    | 
|FilterTapSystolicPreAddWvlIn_block | (PCIN+((D'+A2)*(B:0xfd6d)'')')'        | 16     | 16     | -      | 16     | 35     | 1    | 2    | -    | 1    | 1     | 1    | 1    | 
|FilterTapSystolicPreAddWvlIn_block | (PCIN+((D'+A2)*(B:0xfc88)'')')'        | 16     | 16     | -      | 16     | 35     | 1    | 2    | -    | 1    | 1     | 1    | 1    | 
|FilterTapSystolicPreAddWvlIn_block | (C'+((D'+A2)*(B:0xd15)'')')'           | 16     | 16     | 35     | 16     | 35     | 1    | 2    | 1    | 1    | 1     | 1    | 1    | 
|FilterTapSystolicPreAddWvlIn_block | (PCIN+((D'+A2)*(B:0x256b)'')')'        | 16     | 16     | -      | 16     | 35     | 1    | 2    | -    | 1    | 1     | 1    | 1    | 
|FilterTapSystolicPreAddWvlIn_block | (PCIN+((D'+A'')*(B:0x43d3)'')')'       | 16     | 16     | -      | 16     | 35     | 2    | 2    | -    | 1    | 1     | 1    | 1    | 
|FilterTapSystolicPreAddWvlIn_block | (PCIN+((D'+A'')*(B:0x5d80)'')')'       | 16     | 16     | -      | 16     | 35     | 2    | 2    | -    | 1    | 1     | 1    | 1    | 
|FilterTapSystolicPreAddWvlIn_block | (PCIN+((D'+(A:0x0)')*(B:0x6793)'')')'  | 16     | 16     | -      | 16     | 35     | 1    | 2    | -    | 1    | 1     | 1    | 1    | 
+-----------------------------------+----------------------------------------+--------+--------+--------+--------+--------+------+------+------+------+-------+------+------+

Note: The table above is a preliminary report that shows the DSPs inferred at the current stage of the synthesis flow. Some DSP may be reimplemented as non DSP primitives later in the synthesis flow. Multiple instantiated DSPs are reported only once.
---------------------------------------------------------------------------------
Finished ROM, RAM, DSP, Shift Register and Retiming Reporting
---------------------------------------------------------------------------------
---------------------------------------------------------------------------------
Start Applying XDC Timing Constraints
---------------------------------------------------------------------------------
---------------------------------------------------------------------------------
Finished Applying XDC Timing Constraints : Time (s): cpu = 00:00:28 ; elapsed = 00:00:33 . Memory (MB): peak = 1696.121 ; gain = 663.906
---------------------------------------------------------------------------------
---------------------------------------------------------------------------------
Start Timing Optimization
---------------------------------------------------------------------------------
---------------------------------------------------------------------------------
Finished Timing Optimization : Time (s): cpu = 00:00:29 ; elapsed = 00:00:33 . Memory (MB): peak = 1696.121 ; gain = 663.906
---------------------------------------------------------------------------------
---------------------------------------------------------------------------------
Start Technology Mapping
---------------------------------------------------------------------------------
INFO: [Synth 8-7052] The timing for the instance u_NCO/u_Wave_inst/u_SineWave_inst/lutout_reg_reg (implemented as a Block RAM) might be sub-optimal as no optional output register could be merged into the ram block. Providing additional output register may help in improving timing.
---------------------------------------------------------------------------------
Finished Technology Mapping : Time (s): cpu = 00:00:29 ; elapsed = 00:00:33 . Memory (MB): peak = 1696.121 ; gain = 663.906
---------------------------------------------------------------------------------
---------------------------------------------------------------------------------
Start IO Insertion
---------------------------------------------------------------------------------
---------------------------------------------------------------------------------
Start Flattening Before IO Insertion
---------------------------------------------------------------------------------
---------------------------------------------------------------------------------
Finished Flattening Before IO Insertion
---------------------------------------------------------------------------------
---------------------------------------------------------------------------------
Start Final Netlist Cleanup
---------------------------------------------------------------------------------
---------------------------------------------------------------------------------
Finished Final Netlist Cleanup
---------------------------------------------------------------------------------
---------------------------------------------------------------------------------
Finished IO Insertion : Time (s): cpu = 00:00:33 ; elapsed = 00:00:38 . Memory (MB): peak = 1696.121 ; gain = 663.906
---------------------------------------------------------------------------------
---------------------------------------------------------------------------------
Start Renaming Generated Instances
---------------------------------------------------------------------------------
---------------------------------------------------------------------------------
Finished Renaming Generated Instances : Time (s): cpu = 00:00:33 ; elapsed = 00:00:38 . Memory (MB): peak = 1696.121 ; gain = 663.906
---------------------------------------------------------------------------------
---------------------------------------------------------------------------------
Start Rebuilding User Hierarchy
---------------------------------------------------------------------------------
---------------------------------------------------------------------------------
Finished Rebuilding User Hierarchy : Time (s): cpu = 00:00:34 ; elapsed = 00:00:38 . Memory (MB): peak = 1696.121 ; gain = 663.906
---------------------------------------------------------------------------------
---------------------------------------------------------------------------------
Start Renaming Generated Ports
---------------------------------------------------------------------------------
---------------------------------------------------------------------------------
Finished Renaming Generated Ports : Time (s): cpu = 00:00:34 ; elapsed = 00:00:38 . Memory (MB): peak = 1696.121 ; gain = 663.906
---------------------------------------------------------------------------------
---------------------------------------------------------------------------------
Start Handling Custom Attributes
---------------------------------------------------------------------------------
---------------------------------------------------------------------------------
Finished Handling Custom Attributes : Time (s): cpu = 00:00:34 ; elapsed = 00:00:38 . Memory (MB): peak = 1696.121 ; gain = 663.906
---------------------------------------------------------------------------------
---------------------------------------------------------------------------------
Start Renaming Generated Nets
---------------------------------------------------------------------------------
---------------------------------------------------------------------------------
Finished Renaming Generated Nets : Time (s): cpu = 00:00:34 ; elapsed = 00:00:38 . Memory (MB): peak = 1696.121 ; gain = 663.906
---------------------------------------------------------------------------------
---------------------------------------------------------------------------------
Start ROM, RAM, DSP, Shift Register and Retiming Reporting
---------------------------------------------------------------------------------

Static Shift Register Report:
+---------------+-----------------------------------------------------------------------------+--------+-------+--------------+--------------------+-------------------+--------+---------+
|Module Name    | RTL Name                                                                    | Length | Width | Reset Signal | Pull out first Reg | Pull out last Reg | SRL16E | SRLC32E | 
+---------------+-----------------------------------------------------------------------------+--------+-------+--------------+--------------------+-------------------+--------+---------+
|dsp_filter_dut | u_FIR_LP/u_FilterBank/u_subFilter_1_re/u_FilterTap_4/fTap_din1_reg2_reg[15] | 3      | 16    | NO           | NO                 | YES               | 16     | 0       | 
|dsp_filter_dut | u_NCO/u_dither_inst/pn_reg_reg[1]                                           | 4      | 1     | YES          | NO                 | YES               | 1      | 0       | 
|dsp_filter_dut | u_NCO/outsel_reg_reg_reg[4]                                                 | 5      | 1     | YES          | NO                 | YES               | 1      | 0       | 
|dsp_filter_dut | u_noise_gen/state_reg[1]                                                    | 4      | 1     | YES          | NO                 | YES               | 1      | 0       | 
|dsp_filter_dut | u_NCO/u_Wave_inst/SelsignRegister_reg_reg[2]                                | 4      | 1     | YES          | NO                 | YES               | 1      | 0       | 
+---------------+-----------------------------------------------------------------------------+--------+-------+--------------+--------------------+-------------------+--------+---------+

---------------------------------------------------------------------------------
Finished ROM, RAM, DSP, Shift Register and Retiming Reporting
---------------------------------------------------------------------------------
---------------------------------------------------------------------------------
Start Writing Synthesis Report
---------------------------------------------------------------------------------

DSP Final Report (the ' indicates corresponding REG is set)
+-----------------------------------+--------------------------+--------+--------+--------+--------+--------+------+------+------+------+-------+------+------+
|Module Name                        | DSP Mapping              | A Size | B Size | C Size | D Size | P Size | AREG | BREG | CREG | DREG | ADREG | MREG | PREG | 
+-----------------------------------+--------------------------+--------+--------+--------+--------+--------+------+------+------+------+-------+------+------+
|FilterTapSystolicPreAddWvlIn_block | (((D'+A'')'*B'')')'      | 30     | 7      | -      | 25     | 0      | 2    | 2    | -    | 2    | 1     | 1    | 1    | 
|FilterTapSystolicPreAddWvlIn_block | (PCIN+((D'+A'')'*B'')')' | 0      | 8      | -      | 25     | 0      | 2    | 2    | -    | 2    | 1     | 1    | 1    | 
|FilterTapSystolicPreAddWvlIn_block | (PCIN+((D'+A'')'*B'')')' | 30     | 8      | -      | 25     | 33     | 2    | 2    | -    | 2    | 1     | 1    | 1    | 
|FilterTapSystolicPreAddWvlIn_block | (C'+((D'+A'')'*B'')')'   | 30     | 18     | 48     | 25     | 0      | 2    | 2    | 2    | 2    | 1     | 1    | 1    | 
|FilterTapSystolicPreAddWvlIn_block | (PCIN+((D'+A'')'*B'')')' | 30     | 18     | -      | 25     | 0      | 2    | 2    | -    | 2    | 1     | 1    | 1    | 
|FilterTapSystolicPreAddWvlIn_block | (PCIN+((D'+A'')'*B'')')' | 30     | 18     | -      | 25     | 0      | 2    | 2    | -    | 2    | 1     | 1    | 1    | 
|FilterTapSystolicPreAddWvlIn_block | (PCIN+((D'+A'')'*B'')')' | 30     | 18     | -      | 25     | 0      | 2    | 2    | -    | 2    | 1     | 1    | 1    | 
|FilterTapSystolicPreAddWvlIn_block | (PCIN+((D+A'')'*B'')')'  | 30     | 15     | -      | 0      | 33     | 2    | 2    | -    | 2    | 1     | 1    | 1    | 
|FilterTapSystolicPreAddWvlIn_block | (((D'+A')'*B'')')'       | 30     | 18     | -      | 25     | 0      | 1    | 2    | -    | 2    | 1     | 1    | 1    | 
|FilterTapSystolicPreAddWvlIn_block | (PCIN+((D'+A')'*B'')')'  | 30     | 18     | -      | 25     | 0      | 1    | 2    | -    | 2    | 1     | 1    | 1    | 
|FilterTapSystolicPreAddWvlIn_block | (PCIN+((D'+A')'*B'')')'  | 30     | 18     | -      | 25     | 35     | 1    | 2    | -    | 2    | 1     | 1    | 1    | 
|FilterTapSystolicPreAddWvlIn_block | (C'+((D'+A')'*B'')')'    | 30     | 12     | 48     | 25     | 0      | 1    | 2    | 2    | 2    | 1     | 1    | 1    | 
|FilterTapSystolicPreAddWvlIn_block | (PCIN+((D'+A')'*B'')')'  | 30     | 14     | -      | 25     | 0      | 1    | 2    | -    | 2    | 1     | 1    | 1    | 
|FilterTapSystolicPreAddWvlIn_block | (PCIN+((D'+A'')'*B'')')' | 30     | 15     | -      | 25     | 0      | 2    | 2    | -    | 2    | 1     | 1    | 1    | 
|FilterTapSystolicPreAddWvlIn_block | (PCIN+((D'+A'')'*B'')')' | 30     | 15     | -      | 25     | 0      | 2    | 2    | -    | 2    | 1     | 1    | 1    | 
|FilterTapSystolicPreAddWvlIn_block | (PCIN+((D'+A)'*B'')')'   | 0      | 15     | -      | 25     | 35     | 0    | 2    | -    | 2    | 1     | 1    | 1    | 
+-----------------------------------+--------------------------+--------+--------+--------+--------+--------+------+------+------+------+-------+------+------+


Report BlackBoxes: 
+-+--------------+----------+
| |BlackBox name |Instances |
+-+--------------+----------+
+-+--------------+----------+

Report Cell Usage: 
+------+---------+------+
|      |Cell     |Count |
+------+---------+------+
|1     |BUFG     |     1|
|2     |CARRY4   |    54|
|3     |DSP48E1  |    16|
|8     |LUT1     |     3|
|9     |LUT2     |    42|
|10    |LUT3     |   116|
|11    |LUT4     |   150|
|12    |LUT5     |    35|
|13    |LUT6     |    37|
|14    |RAMB18E1 |     1|
|15    |SRL16E   |    20|
|16    |FDCE     |   250|
|17    |FDPE     |     9|
|18    |FDRE     |   254|
|19    |IBUF     |     5|
|20    |OBUF     |     7|
+------+---------+------+
---------------------------------------------------------------------------------
Finished Writing Synthesis Report : Time (s): cpu = 00:00:34 ; elapsed = 00:00:38 . Memory (MB): peak = 1696.121 ; gain = 663.906
---------------------------------------------------------------------------------
Synthesis finished with 0 errors, 0 critical warnings and 20 warnings.
Synthesis Optimization Runtime : Time (s): cpu = 00:00:23 ; elapsed = 00:00:35 . Memory (MB): peak = 1696.121 ; gain = 563.789
Synthesis Optimization Complete : Time (s): cpu = 00:00:34 ; elapsed = 00:00:39 . Memory (MB): peak = 1696.121 ; gain = 663.906
INFO: [Project 1-571] Translating synthesized netlist
Netlist sorting complete. Time (s): cpu = 00:00:00 ; elapsed = 00:00:00.029 . Memory (MB): peak = 1696.121 ; gain = 0.000
INFO: [Netlist 29-17] Analyzing 71 Unisim elements for replacement
INFO: [Netlist 29-28] Unisim Transformation completed in 0 CPU seconds
INFO: [Project 1-570] Preparing netlist for logic optimization
INFO: [Opt 31-138] Pushed 0 inverter(s) to 0 load pin(s).
Netlist sorting complete. Time (s): cpu = 00:00:00 ; elapsed = 00:00:00 . Memory (MB): peak = 1696.121 ; gain = 0.000
INFO: [Project 1-111] Unisim Transformation Summary:
No Unisim elements were transformed.

Synth Design complete | Checksum: af920a47
INFO: [Common 17-83] Releasing license: Synthesis
88 Infos, 120 Warnings, 0 Critical Warnings and 0 Errors encountered.
synth_design completed successfully
synth_design: Time (s): cpu = 00:00:39 ; elapsed = 00:01:00 . Memory (MB): peak = 1696.121 ; gain = 1067.379
Write ShapeDB Complete: Time (s): cpu = 00:00:00 ; elapsed = 00:00:00.004 . Memory (MB): peak = 1696.121 ; gain = 0.000
INFO: [Common 17-1381] The checkpoint 'C:/demo/hdl_coder_led_blinking/dsp_hdl/build/dsp_demo.runs/synth_1/dsp_filter_dut.dcp' has been generated.
INFO: [Vivado 12-24828] Executing command : report_utilization -file dsp_filter_dut_utilization_synth.rpt -pb dsp_filter_dut_utilization_synth.pb
INFO: [Common 17-206] Exiting Vivado at Fri Jul 17 10:06:40 2026...
