Copyright 1986-2022 Xilinx, Inc. All Rights Reserved. Copyright 2022-2024 Advanced Micro Devices, Inc. All Rights Reserved.
---------------------------------------------------------------------------------------------------------------------------------------------
| Tool Version : Vivado v.2024.1 (win64) Build 5076996 Wed May 22 18:37:14 MDT 2024
| Date         : Fri Jul 17 10:07:57 2026
| Host         : TS-93724 running 64-bit major release  (build 9200)
| Command      : report_control_sets -verbose -file dsp_filter_dut_control_sets_placed.rpt
| Design       : dsp_filter_dut
| Device       : xc7a35ti
---------------------------------------------------------------------------------------------------------------------------------------------

Control Set Information

Table of Contents
-----------------
1. Summary
2. Histogram
3. Flip-Flop Distribution
4. Detailed Control Set Information

1. Summary
----------

+----------------------------------------------------------+-------+
|                          Status                          | Count |
+----------------------------------------------------------+-------+
| Total control sets                                       |     6 |
|    Minimum number of control sets                        |     6 |
|    Addition due to synthesis replication                 |     0 |
|    Addition due to physical synthesis replication        |     0 |
| Unused register locations in slices containing registers |     7 |
+----------------------------------------------------------+-------+
* Control sets can be merged at opt_design using control_set_merge or merge_equivalent_drivers
** Run report_qor_suggestions for automated merging and remapping suggestions


2. Histogram
------------

+--------------------+-------+
|       Fanout       | Count |
+--------------------+-------+
| Total control sets |     6 |
| >= 0 to < 4        |     0 |
| >= 4 to < 6        |     0 |
| >= 6 to < 8        |     0 |
| >= 8 to < 10       |     0 |
| >= 10 to < 12      |     0 |
| >= 12 to < 14      |     0 |
| >= 14 to < 16      |     0 |
| >= 16              |     6 |
+--------------------+-------+
* Control sets can be remapped at either synth_design or opt_design


3. Flip-Flop Distribution
-------------------------

+--------------+-----------------------+------------------------+-----------------+--------------+
| Clock Enable | Synchronous Set/Reset | Asynchronous Set/Reset | Total Registers | Total Slices |
+--------------+-----------------------+------------------------+-----------------+--------------+
| No           | No                    | No                     |              14 |            6 |
| No           | No                    | Yes                    |             188 |           45 |
| No           | Yes                   | No                     |               0 |            0 |
| Yes          | No                    | No                     |             240 |           61 |
| Yes          | No                    | Yes                    |              71 |           22 |
| Yes          | Yes                   | No                     |               0 |            0 |
+--------------+-----------------------+------------------------+-----------------+--------------+


4. Detailed Control Set Information
-----------------------------------

+----------------+----------------------------------------+------------------+------------------+----------------+--------------+
|  Clock Signal  |              Enable Signal             | Set/Reset Signal | Slice Load Count | Bel Load Count | Bels / Slice |
+----------------+----------------------------------------+------------------+------------------+----------------+--------------+
|  clk_IBUF_BUFG | u_NCO/E[0]                             | reset_IBUF       |                4 |             16 |         4.00 |
|  clk_IBUF_BUFG | u_FIR_LP/u_FilterBank/dinRegVld        | reset_IBUF       |                3 |             16 |         5.33 |
|  clk_IBUF_BUFG |                                        |                  |                6 |             18 |         3.00 |
|  clk_IBUF_BUFG | u_FIR_LP/u_FilterBank/dinReg2Vld_reg_0 | reset_IBUF       |               15 |             39 |         2.60 |
|  clk_IBUF_BUFG |                                        | reset_IBUF       |               45 |            188 |         4.18 |
|  clk_IBUF_BUFG | u_FIR_LP/u_FilterBank/dinReg2Vld_reg_0 |                  |               61 |            256 |         4.20 |
+----------------+----------------------------------------+------------------+------------------+----------------+--------------+


