Copyright 1986-2022 Xilinx, Inc. All Rights Reserved. Copyright 2022-2024 Advanced Micro Devices, Inc. All Rights Reserved.
---------------------------------------------------------------------------------------------------------------------------------------------
| Tool Version : Vivado v.2024.1 (win64) Build 5076996 Wed May 22 18:37:14 MDT 2024
| Date         : Fri Jul 17 10:07:49 2026
| Host         : TS-93724 running 64-bit major release  (build 9200)
| Command      : report_drc -file dsp_filter_dut_drc_opted.rpt -pb dsp_filter_dut_drc_opted.pb -rpx dsp_filter_dut_drc_opted.rpx
| Design       : dsp_filter_dut
| Device       : xc7a35ticsg324-1L
| Speed File   : -1L
| Design State : Synthesized
---------------------------------------------------------------------------------------------------------------------------------------------

Report DRC

Table of Contents
-----------------
1. REPORT SUMMARY
2. REPORT DETAILS

1. REPORT SUMMARY
-----------------
            Netlist: netlist
          Floorplan: design_1
      Design limits: <entire design considered>
           Ruledeck: default
             Max violations: <unlimited>
             Violations found: 4
+-----------+----------+-----------------------------------------------------+------------+
| Rule      | Severity | Description                                         | Violations |
+-----------+----------+-----------------------------------------------------+------------+
| CFGBVS-1  | Warning  | Missing CFGBVS and CONFIG_VOLTAGE Design Properties | 1          |
| RBOR-1    | Warning  | RAMB output registers                               | 1          |
| REQP-1840 | Warning  | RAMB18 async control check                          | 2          |
+-----------+----------+-----------------------------------------------------+------------+

2. REPORT DETAILS
-----------------
CFGBVS-1#1 Warning
Missing CFGBVS and CONFIG_VOLTAGE Design Properties  
Neither the CFGBVS nor CONFIG_VOLTAGE voltage property is set in the current_design.  Configuration bank voltage select (CFGBVS) must be set to VCCO or GND, and CONFIG_VOLTAGE must be set to the correct configuration voltage, in order to determine the I/O voltage support for the pins in bank 0.  It is suggested to specify these either using the 'Edit Device Properties' function in the GUI or directly in the XDC file using the following syntax:

 set_property CFGBVS value1 [current_design]
 #where value1 is either VCCO or GND

 set_property CONFIG_VOLTAGE value2 [current_design]
 #where value2 is the voltage provided to configuration bank 0

Refer to the device configuration user guide for more information.
Related violations: <none>

RBOR-1#1 Warning
RAMB output registers  
RAMB u_NCO/u_Wave_inst/u_SineWave_inst/lutout_reg_reg output DOA (16) is connected to asynchronous registers, if you use synchronous controls you will get better results both in area and delay (RAMB has synchronous registers built in).
Related violations: <none>

REQP-1840#1 Warning
RAMB18 async control check  
The RAMB18E1 u_NCO/u_Wave_inst/u_SineWave_inst/lutout_reg_reg has an input control pin u_NCO/u_Wave_inst/u_SineWave_inst/lutout_reg_reg/ENARDEN (net: u_NCO/u_Wave_inst/u_SineWave_inst/lutout_reg_reg_ENARDEN_cooolgate_en_sig_1) which is driven by a register (u_NCO/outsel_reg_reg_reg_c_1) that has an active asychronous set or reset. This may cause corruption of the memory contents and/or read values when the set/reset is asserted and is not analyzed by the default static timing analysis. It is suggested to eliminate the use of a set/reset to registers driving this RAMB pin or else use a synchronous reset in which the assertion of the reset is timed by default.
Related violations: <none>

REQP-1840#2 Warning
RAMB18 async control check  
The RAMB18E1 u_NCO/u_Wave_inst/u_SineWave_inst/lutout_reg_reg has an input control pin u_NCO/u_Wave_inst/u_SineWave_inst/lutout_reg_reg/ENARDEN (net: u_NCO/u_Wave_inst/u_SineWave_inst/lutout_reg_reg_ENARDEN_cooolgate_en_sig_1) which is driven by a register (u_NCO/u_Wave_inst/AddrOverFsinRegister_reg_reg[0]) that has an active asychronous set or reset. This may cause corruption of the memory contents and/or read values when the set/reset is asserted and is not analyzed by the default static timing analysis. It is suggested to eliminate the use of a set/reset to registers driving this RAMB pin or else use a synchronous reset in which the assertion of the reset is timed by default.
Related violations: <none>


